[
  {
    "EventID": 1,
    "Computer": "WORKSTATION-03",
    "UserName": "dave",
    "UtcTime": "2024-03-18T05:19:00Z",
    "EventData": {
      "Image": "C:\\Windows\\System32\\svchost.exe",
      "CommandLine": "svchost.exe -k netsvcs -p -s Schedule",
      "ParentImage": "C:\\Windows\\explorer.exe",
      "ParentCommandLine": "explorer.exe",
      "User": "CORP\\administrator",
      "ProcessId": "1580",
      "IntegrityLevel": "High",
      "Hashes": "SHA256=028f18d18beb42a7e24065f9b750b423307ba0ba690c94e37c56b916e8cce664"
    }
  },
  {
    "EventID": 1,
    "Computer": "WORKSTATION-04",
    "UserName": "bob",
    "UtcTime": "2024-03-02T12:04:00Z",
    "EventData": {
      "Image": "C:\\Windows\\System32\\taskhostw.exe",
      "CommandLine": "taskhostw.exe SYSTEM",
      "ParentImage": "C:\\Windows\\explorer.exe",
      "ParentCommandLine": "explorer.exe",
      "User": "CORP\\bob",
      "ProcessId": "2049",
      "IntegrityLevel": "High",
      "Hashes": "SHA256=edb354c0fcd873fdfcbd74acb50dccb18d9999c767446469999d32b473839ab9"
    }
  },
  {
    "EventID": 1,
    "Computer": "WORKSTATION-01",
    "UserName": "svc_backup",
    "UtcTime": "2024-03-17T14:45:00Z",
    "EventData": {
      "Image": "C:\\Program Files\\Windows Defender\\MsMpEng.exe",
      "CommandLine": "MsMpEng.exe",
      "ParentImage": "C:\\Windows\\explorer.exe",
      "ParentCommandLine": "explorer.exe",
      "User": "CORP\\SYSTEM",
      "ProcessId": "2770",
      "IntegrityLevel": "High",
      "Hashes": "SHA256=704cacf54e37590776e8fec1f11adb1603ccd7761862f29a87cd3af0839fc1c6"
    }
  },
  {
    "EventID": 3,
    "Computer": "WORKSTATION-04",
    "UtcTime": "2024-03-14T14:57:00Z",
    "EventData": {
      "Image": "C:\\Program Files\\Chrome\\chrome.exe",
      "DestinationIp": "10.0.0.100",
      "DestinationPort": 80,
      "Protocol": "tcp",
      "Initiated": "true",
      "SourceIp": "10.0.0.162",
      "SourcePort": "60668"
    }
  },
  {
    "EventID": 1,
    "Computer": "WORKSTATION-03",
    "UserName": "svc_backup",
    "UtcTime": "2024-03-17T09:15:00Z",
    "EventData": {
      "Image": "C:\\Windows\\System32\\wuauclt.exe",
      "CommandLine": "wuauclt.exe /UpdateDeploymentProvider",
      "ParentImage": "C:\\Windows\\explorer.exe",
      "ParentCommandLine": "explorer.exe",
      "User": "CORP\\alice",
      "ProcessId": "4521",
      "IntegrityLevel": "High",
      "Hashes": "SHA256=a2198e3924c9469714a2082e692ff79a818d3519e4e5b352dc27a6de88c3232a"
    }
  },
  {
    "EventID": 1,
    "Computer": "WORKSTATION-03",
    "UserName": "alice",
    "UtcTime": "2024-03-03T10:36:00Z",
    "EventData": {
      "Image": "C:\\Windows\\System32\\explorer.exe",
      "CommandLine": "explorer.exe",
      "ParentImage": "C:\\Windows\\explorer.exe",
      "ParentCommandLine": "explorer.exe",
      "User": "CORP\\svc_backup",
      "ProcessId": "6899",
      "IntegrityLevel": "High",
      "Hashes": "SHA256=65eb47d882f77063ac85a8698965dc559783cedf039523bac09216abaf7e94fd"
    }
  },
  {
    "EventID": 1,
    "Computer": "WORKSTATION-07",
    "UserName": "charlie",
    "UtcTime": "2024-03-13T01:50:00Z",
    "EventData": {
      "Image": "C:\\Windows\\System32\\wuauclt.exe",
      "CommandLine": "wuauclt.exe /UpdateDeploymentProvider",
      "ParentImage": "C:\\Windows\\explorer.exe",
      "ParentCommandLine": "explorer.exe",
      "User": "CORP\\administrator",
      "ProcessId": "2167",
      "IntegrityLevel": "High",
      "Hashes": "SHA256=150fbd958be8b4bcb9268ff2482ddb7e7f42ff2929c2ff68c69744ac09b0f57c"
    }
  },
  {
    "EventID": 3,
    "Computer": "DC-01",
    "UtcTime": "2024-03-02T06:11:00Z",
    "EventData": {
      "Image": "C:\\Windows\\System32\\wuauclt.exe",
      "DestinationIp": "10.0.0.191",
      "DestinationPort": 445,
      "Protocol": "tcp",
      "Initiated": "true",
      "SourceIp": "10.0.0.64",
      "SourcePort": "63478"
    }
  },
  {
    "EventID": 1,
    "Computer": "WORKSTATION-04",
    "UserName": "bob",
    "UtcTime": "2024-03-10T02:26:00Z",
    "EventData": {
      "Image": "C:\\Windows\\System32\\explorer.exe",
      "CommandLine": "explorer.exe",
      "ParentImage": "C:\\Windows\\explorer.exe",
      "ParentCommandLine": "explorer.exe",
      "User": "CORP\\alice",
      "ProcessId": "2641",
      "IntegrityLevel": "High",
      "Hashes": "SHA256=9fbc3eba61c4c8ec7da780b8be55f64d9780903d92b81ae91bc0e290b6c47296"
    }
  },
  {
    "EventID": 1,
    "Computer": "WORKSTATION-06",
    "UserName": "bob",
    "UtcTime": "2024-03-25T00:28:00Z",
    "EventData": {
      "Image": "C:\\Windows\\System32\\explorer.exe",
      "CommandLine": "explorer.exe",
      "ParentImage": "C:\\Windows\\explorer.exe",
      "ParentCommandLine": "explorer.exe",
      "User": "CORP\\svc_backup",
      "ProcessId": "4735",
      "IntegrityLevel": "High",
      "Hashes": "SHA256=d0ee2d66cac3d41f1b85a37c25bf7a8ee34f6580e0214aea8a188f0f1f86a3cf"
    }
  },
  {
    "EventID": 1,
    "Computer": "WORKSTATION-06",
    "UserName": "administrator",
    "UtcTime": "2024-03-14T13:20:00Z",
    "EventData": {
      "Image": "C:\\Windows\\System32\\taskhostw.exe",
      "CommandLine": "taskhostw.exe SYSTEM",
      "ParentImage": "C:\\Windows\\explorer.exe",
      "ParentCommandLine": "explorer.exe",
      "User": "CORP\\charlie",
      "ProcessId": "1156",
      "IntegrityLevel": "High",
      "Hashes": "SHA256=7f38774eb1381fbe0e974c49fef3073096ec7bd43b9e69fadce1d249fd3d0823"
    }
  },
  {
    "EventID": 1,
    "Computer": "WORKSTATION-06",
    "UserName": "administrator",
    "UtcTime": "2024-03-19T01:24:00Z",
    "EventData": {
      "Image": "C:\\Program Files\\Windows Defender\\MsMpEng.exe",
      "CommandLine": "MsMpEng.exe",
      "ParentImage": "C:\\Windows\\explorer.exe",
      "ParentCommandLine": "explorer.exe",
      "User": "CORP\\charlie",
      "ProcessId": "2013",
      "IntegrityLevel": "High",
      "Hashes": "SHA256=a01ef606ca72d0a97c1356b10845bd11982adc9f947c4ed04a789a703c68f41e"
    }
  },
  {
    "EventID": 1,
    "Computer": "WORKSTATION-01",
    "UserName": "charlie",
    "UtcTime": "2024-03-01T08:48:00Z",
    "EventData": {
      "Image": "C:\\tools\\mimikatz.exe",
      "CommandLine": "mimikatz.exe sekurlsa::logonpasswords privilege::debug exit",
      "ParentImage": "C:\\Windows\\explorer.exe",
      "ParentCommandLine": "explorer.exe",
      "User": "CORP\\svc_backup",
      "ProcessId": "2829",
      "IntegrityLevel": "High",
      "Hashes": "SHA256=d92fecb30fb5d018fcddd76d5c81cda705f70faabfe0b5c02a9630569bfbccbf"
    }
  },
  {
    "EventID": 1,
    "Computer": "WORKSTATION-07",
    "UserName": "administrator",
    "UtcTime": "2024-03-05T13:28:00Z",
    "EventData": {
      "Image": "C:\\Windows\\System32\\taskhostw.exe",
      "CommandLine": "taskhostw.exe SYSTEM",
      "ParentImage": "C:\\Windows\\explorer.exe",
      "ParentCommandLine": "explorer.exe",
      "User": "CORP\\alice",
      "ProcessId": "7102",
      "IntegrityLevel": "High",
      "Hashes": "SHA256=7170ac53a347ae11a0532734024457c7deadcb049fca72a56e7cb085c8072af3"
    }
  },
  {
    "EventID": 1,
    "Computer": "WORKSTATION-01",
    "UserName": "administrator",
    "UtcTime": "2024-03-18T20:48:00Z",
    "EventData": {
      "Image": "C:\\Program Files\\Chrome\\chrome.exe",
      "CommandLine": "chrome.exe --type=renderer",
      "ParentImage": "C:\\Windows\\explorer.exe",
      "ParentCommandLine": "explorer.exe",
      "User": "CORP\\bob",
      "ProcessId": "1720",
      "IntegrityLevel": "High",
      "Hashes": "SHA256=fedd444e44673d32b3ea74eff3ad2564f94c80bd85fafb3cd1c74826508361db"
    }
  },
  {
    "EventID": 1,
    "Computer": "WORKSTATION-08",
    "UserName": "dave",
    "UtcTime": "2024-03-16T11:14:00Z",
    "EventData": {
      "Image": "C:\\Program Files\\Chrome\\chrome.exe",
      "CommandLine": "chrome.exe --type=renderer",
      "ParentImage": "C:\\Windows\\explorer.exe",
      "ParentCommandLine": "explorer.exe",
      "User": "CORP\\alice",
      "ProcessId": "4382",
      "IntegrityLevel": "High",
      "Hashes": "SHA256=60d1ee96c66528aba7b3d60cd4ca2b95f1be6cda5aa6b0703e3a01be666511f8"
    }
  },
  {
    "EventID": 1,
    "Computer": "WORKSTATION-03",
    "UserName": "administrator",
    "UtcTime": "2024-03-08T21:27:00Z",
    "EventData": {
      "Image": "C:\\Windows\\System32\\explorer.exe",
      "CommandLine": "explorer.exe",
      "ParentImage": "C:\\Windows\\explorer.exe",
      "ParentCommandLine": "explorer.exe",
      "User": "CORP\\bob",
      "ProcessId": "7086",
      "IntegrityLevel": "High",
      "Hashes": "SHA256=01d2042292c1f076e5926c97c0c9596055179bc326f63f1a8f9d122fa56f86f6"
    }
  },
  {
    "EventID": 1,
    "Computer": "WORKSTATION-01",
    "UserName": "bob",
    "UtcTime": "2024-03-23T13:21:00Z",
    "EventData": {
      "Image": "C:\\Windows\\System32\\notepad.exe",
      "CommandLine": "notepad.exe report.txt",
      "ParentImage": "C:\\Windows\\explorer.exe",
      "ParentCommandLine": "explorer.exe",
      "User": "CORP\\SYSTEM",
      "ProcessId": "2760",
      "IntegrityLevel": "High",
      "Hashes": "SHA256=3924c3041c8535ee6a949a6a197dff972c71c2f0be1373c2ae437a95b1460c7c"
    }
  },
  {
    "EventID": 1,
    "Computer": "WORKSTATION-06",
    "UserName": "charlie",
    "UtcTime": "2024-03-22T07:11:00Z",
    "EventData": {
      "Image": "C:\\Program Files\\Windows Defender\\MsMpEng.exe",
      "CommandLine": "MsMpEng.exe",
      "ParentImage": "C:\\Windows\\explorer.exe",
      "ParentCommandLine": "explorer.exe",
      "User": "CORP\\dave",
      "ProcessId": "5610",
      "IntegrityLevel": "High",
      "Hashes": "SHA256=3986f5cbe0453727e879da7f35ceb62421893029cdb701b39194aa78e7d548d4"
    }
  },
  {
    "EventID": 1,
    "Computer": "WORKSTATION-05",
    "UserName": "alice",
    "UtcTime": "2024-03-18T23:44:00Z",
    "EventData": {
      "Image": "C:\\Program Files\\Windows Defender\\MsMpEng.exe",
      "CommandLine": "MsMpEng.exe",
      "ParentImage": "C:\\Windows\\explorer.exe",
      "ParentCommandLine": "explorer.exe",
      "User": "CORP\\SYSTEM",
      "ProcessId": "2713",
      "IntegrityLevel": "High",
      "Hashes": "SHA256=bb35b1e832d9f1f14eeb64b24bdb6d61b29f8bfda8b4f1c8777ec03ef21b0944"
    }
  },
  {
    "EventID": 1,
    "Computer": "WORKSTATION-03",
    "UserName": "SYSTEM",
    "UtcTime": "2024-03-01T10:25:00Z",
    "EventData": {
      "Image": "C:\\Windows\\System32\\notepad.exe",
      "CommandLine": "notepad.exe report.txt",
      "ParentImage": "C:\\Windows\\explorer.exe",
      "ParentCommandLine": "explorer.exe",
      "User": "CORP\\dave",
      "ProcessId": "5951",
      "IntegrityLevel": "High",
      "Hashes": "SHA256=d981af8693a11060cb8325e637284ccd80d64a5d1e6fcc0b66f5b80f3c84d14a"
    }
  },
  {
    "EventID": 3,
    "Computer": "WORKSTATION-06",
    "UtcTime": "2024-03-17T18:52:00Z",
    "EventData": {
      "Image": "C:\\Windows\\System32\\conhost.exe",
      "DestinationIp": "10.0.0.56",
      "DestinationPort": 445,
      "Protocol": "tcp",
      "Initiated": "true",
      "SourceIp": "10.0.0.206",
      "SourcePort": "50829"
    }
  },
  {
    "EventID": 1,
    "Computer": "WORKSTATION-06",
    "UserName": "administrator",
    "UtcTime": "2024-03-01T15:05:00Z",
    "EventData": {
      "Image": "C:\\Windows\\System32\\taskhostw.exe",
      "CommandLine": "taskhostw.exe SYSTEM",
      "ParentImage": "C:\\Windows\\explorer.exe",
      "ParentCommandLine": "explorer.exe",
      "User": "CORP\\svc_backup",
      "ProcessId": "4473",
      "IntegrityLevel": "High",
      "Hashes": "SHA256=063d031d784d47e9acd87d9802a0d08b26c65b0ea2eef0f97fcadc4d7a24e5cf"
    }
  },
  {
    "EventID": 1,
    "Computer": "WORKSTATION-08",
    "UserName": "svc_backup",
    "UtcTime": "2024-03-30T08:02:00Z",
    "EventData": {
      "Image": "C:\\Windows\\System32\\taskhostw.exe",
      "CommandLine": "taskhostw.exe SYSTEM",
      "ParentImage": "C:\\Windows\\explorer.exe",
      "ParentCommandLine": "explorer.exe",
      "User": "CORP\\SYSTEM",
      "ProcessId": "6874",
      "IntegrityLevel": "High",
      "Hashes": "SHA256=d942c744a0990cef9571d18ab812ec276cbe7177f784d129ca37353de11a6fd9"
    }
  },
  {
    "EventID": 1,
    "Computer": "WORKSTATION-05",
    "UserName": "bob",
    "UtcTime": "2024-03-19T06:53:00Z",
    "EventData": {
      "Image": "C:\\Windows\\System32\\taskhostw.exe",
      "CommandLine": "taskhostw.exe SYSTEM",
      "ParentImage": "C:\\Windows\\explorer.exe",
      "ParentCommandLine": "explorer.exe",
      "User": "CORP\\svc_backup",
      "ProcessId": "7196",
      "IntegrityLevel": "High",
      "Hashes": "SHA256=758de15b4c26032de54403870e1c27fe5f9d5a37432545aac78252d6fd642925"
    }
  },
  {
    "EventID": 1,
    "Computer": "WORKSTATION-01",
    "UserName": "dave",
    "UtcTime": "2024-03-22T22:29:00Z",
    "EventData": {
      "Image": "C:\\Program Files\\Chrome\\chrome.exe",
      "CommandLine": "chrome.exe --type=renderer",
      "ParentImage": "C:\\Windows\\explorer.exe",
      "ParentCommandLine": "explorer.exe",
      "User": "CORP\\dave",
      "ProcessId": "7034",
      "IntegrityLevel": "High",
      "Hashes": "SHA256=fb658ef85f1afa56fb6be2aa2ae7a5a83317025253bf37d04a7fbcab0f17372c"
    }
  },
  {
    "EventID": 1,
    "Computer": "WORKSTATION-05",
    "UserName": "charlie",
    "UtcTime": "2024-03-17T09:12:00Z",
    "EventData": {
      "Image": "C:\\Windows\\System32\\notepad.exe",
      "CommandLine": "notepad.exe report.txt",
      "ParentImage": "C:\\Windows\\explorer.exe",
      "ParentCommandLine": "explorer.exe",
      "User": "CORP\\bob",
      "ProcessId": "8209",
      "IntegrityLevel": "High",
      "Hashes": "SHA256=eb9374f2a9a98fdc452e93c752b060da761e2b9ac9bae06c6ce361982c1277ee"
    }
  },
  {
    "EventID": 1,
    "Computer": "WORKSTATION-05",
    "UserName": "administrator",
    "UtcTime": "2024-03-29T15:13:00Z",
    "EventData": {
      "Image": "C:\\Windows\\System32\\taskhostw.exe",
      "CommandLine": "taskhostw.exe SYSTEM",
      "ParentImage": "C:\\Windows\\explorer.exe",
      "ParentCommandLine": "explorer.exe",
      "User": "CORP\\administrator",
      "ProcessId": "4485",
      "IntegrityLevel": "High",
      "Hashes": "SHA256=35e1ae6c940b9608559a212e006ad06506a10fc3dc03d334f3a2df98b81c9f1a"
    }
  },
  {
    "EventID": 1,
    "Computer": "WORKSTATION-05",
    "UserName": "svc_backup",
    "UtcTime": "2024-03-21T14:34:00Z",
    "EventData": {
      "Image": "C:\\Windows\\System32\\wuauclt.exe",
      "CommandLine": "wuauclt.exe /UpdateDeploymentProvider",
      "ParentImage": "C:\\Windows\\explorer.exe",
      "ParentCommandLine": "explorer.exe",
      "User": "CORP\\charlie",
      "ProcessId": "7705",
      "IntegrityLevel": "High",
      "Hashes": "SHA256=af70e14ba45675dcaba72ad6fe1bcc074067cde0882599aa518b3214ac4a3a9a"
    }
  },
  {
    "EventID": 1,
    "Computer": "WORKSTATION-07",
    "UserName": "bob",
    "UtcTime": "2024-03-15T07:33:00Z",
    "EventData": {
      "Image": "C:\\Windows\\System32\\conhost.exe",
      "CommandLine": "conhost.exe 0xffffffff -ForceV1",
      "ParentImage": "C:\\Windows\\explorer.exe",
      "ParentCommandLine": "explorer.exe",
      "User": "CORP\\bob",
      "ProcessId": "1465",
      "IntegrityLevel": "High",
      "Hashes": "SHA256=64e023353413516e9fa89764b8631107a0bb6a1a53f5a673918efc85a7bfa75f"
    }
  },
  {
    "EventID": 1,
    "Computer": "WORKSTATION-07",
    "UserName": "administrator",
    "UtcTime": "2024-03-11T04:10:00Z",
    "EventData": {
      "Image": "C:\\Program Files\\Chrome\\chrome.exe",
      "CommandLine": "chrome.exe --type=renderer",
      "ParentImage": "C:\\Windows\\explorer.exe",
      "ParentCommandLine": "explorer.exe",
      "User": "CORP\\charlie",
      "ProcessId": "2747",
      "IntegrityLevel": "High",
      "Hashes": "SHA256=0c37b712fbad553ce63accbacfae23d4d8afc19509bedbc70b228bad33a09e5c"
    }
  },
  {
    "EventID": 1,
    "Computer": "WORKSTATION-06",
    "UserName": "alice",
    "UtcTime": "2024-03-03T01:09:00Z",
    "EventData": {
      "Image": "C:\\Windows\\System32\\notepad.exe",
      "CommandLine": "notepad.exe report.txt",
      "ParentImage": "C:\\Windows\\explorer.exe",
      "ParentCommandLine": "explorer.exe",
      "User": "CORP\\dave",
      "ProcessId": "2091",
      "IntegrityLevel": "High",
      "Hashes": "SHA256=a81121ac14262e2dbead38bbb5ef2a21e4b8ca7cc7fb8102c06006958994b614"
    }
  },
  {
    "EventID": 3,
    "Computer": "SERVER-02",
    "UtcTime": "2024-03-04T10:03:00Z",
    "EventData": {
      "Image": "C:\\Windows\\System32\\svchost.exe",
      "DestinationIp": "10.0.0.205",
      "DestinationPort": 3389,
      "Protocol": "tcp",
      "Initiated": "true",
      "SourceIp": "10.0.0.200",
      "SourcePort": "63760"
    }
  },
  {
    "EventID": 1,
    "Computer": "WORKSTATION-01",
    "UserName": "svc_backup",
    "UtcTime": "2024-03-16T18:48:00Z",
    "EventData": {
      "Image": "C:\\Windows\\System32\\explorer.exe",
      "CommandLine": "explorer.exe",
      "ParentImage": "C:\\Windows\\explorer.exe",
      "ParentCommandLine": "explorer.exe",
      "User": "CORP\\charlie",
      "ProcessId": "5965",
      "IntegrityLevel": "High",
      "Hashes": "SHA256=b1a232f3e9102bf06a325f45ebaa0ac96218a7d513e2d67ef970038eac50559b"
    }
  },
  {
    "EventID": 1,
    "Computer": "WORKSTATION-03",
    "UserName": "alice",
    "UtcTime": "2024-03-04T15:40:00Z",
    "EventData": {
      "Image": "C:\\Windows\\System32\\notepad.exe",
      "CommandLine": "notepad.exe report.txt",
      "ParentImage": "C:\\Windows\\explorer.exe",
      "ParentCommandLine": "explorer.exe",
      "User": "CORP\\alice",
      "ProcessId": "2410",
      "IntegrityLevel": "High",
      "Hashes": "SHA256=6e1bd11fb0cdee213667d37eb608f9e967d67b14ff7e0c0d06b155e66e6b8a38"
    }
  },
  {
    "EventID": 1,
    "Computer": "SERVER-02",
    "UserName": "administrator",
    "UtcTime": "2024-03-18T03:46:00Z",
    "EventData": {
      "Image": "C:\\Program Files\\Windows Defender\\MsMpEng.exe",
      "CommandLine": "MsMpEng.exe",
      "ParentImage": "C:\\Windows\\explorer.exe",
      "ParentCommandLine": "explorer.exe",
      "User": "CORP\\administrator",
      "ProcessId": "6391",
      "IntegrityLevel": "High",
      "Hashes": "SHA256=0cbbd3c86a37fc7c8c5327bd7ff2c679a8903504d38b8844ec9560ad75281385"
    }
  },
  {
    "EventID": 1,
    "Computer": "WORKSTATION-04",
    "UserName": "SYSTEM",
    "UtcTime": "2024-03-11T00:39:00Z",
    "EventData": {
      "Image": "C:\\Program Files\\Windows Defender\\MsMpEng.exe",
      "CommandLine": "MsMpEng.exe",
      "ParentImage": "C:\\Windows\\explorer.exe",
      "ParentCommandLine": "explorer.exe",
      "User": "CORP\\SYSTEM",
      "ProcessId": "4313",
      "IntegrityLevel": "High",
      "Hashes": "SHA256=4f686d9da9191ddb73ba58d0e264f902938af104d3bf23a7ecf0623ba31402f6"
    }
  },
  {
    "EventID": 1,
    "Computer": "WORKSTATION-07",
    "UserName": "dave",
    "UtcTime": "2024-03-20T20:16:00Z",
    "EventData": {
      "Image": "C:\\Windows\\System32\\taskhostw.exe",
      "CommandLine": "taskhostw.exe SYSTEM",
      "ParentImage": "C:\\Windows\\explorer.exe",
      "ParentCommandLine": "explorer.exe",
      "User": "CORP\\dave",
      "ProcessId": "8829",
      "IntegrityLevel": "High",
      "Hashes": "SHA256=37f31b52901b70dfa3422205b5c1101de1ab150ff42c9f93bdc3378494a85582"
    }
  },
  {
    "EventID": 1,
    "Computer": "WORKSTATION-03",
    "UserName": "alice",
    "UtcTime": "2024-03-27T16:45:00Z",
    "EventData": {
      "Image": "C:\\Windows\\System32\\conhost.exe",
      "CommandLine": "conhost.exe 0xffffffff -ForceV1",
      "ParentImage": "C:\\Windows\\explorer.exe",
      "ParentCommandLine": "explorer.exe",
      "User": "CORP\\bob",
      "ProcessId": "9384",
      "IntegrityLevel": "High",
      "Hashes": "SHA256=50e36c28b390288bb9a26d2ce5e4bea93117ada23f212ccf924cee4ab0ddd0b7"
    }
  },
  {
    "EventID": 1,
    "Computer": "DC-01",
    "UserName": "alice",
    "UtcTime": "2024-03-28T15:38:00Z",
    "EventData": {
      "Image": "C:\\Windows\\System32\\wuauclt.exe",
      "CommandLine": "wuauclt.exe /UpdateDeploymentProvider",
      "ParentImage": "C:\\Windows\\explorer.exe",
      "ParentCommandLine": "explorer.exe",
      "User": "CORP\\administrator",
      "ProcessId": "9904",
      "IntegrityLevel": "High",
      "Hashes": "SHA256=b25017b3a6c0d870b3a130bd0c93166278e8dc01659fa481efe9044d6204573a"
    }
  },
  {
    "EventID": 1,
    "Computer": "WORKSTATION-01",
    "UserName": "administrator",
    "UtcTime": "2024-03-19T05:24:00Z",
    "EventData": {
      "Image": "C:\\Windows\\System32\\wuauclt.exe",
      "CommandLine": "wuauclt.exe /UpdateDeploymentProvider",
      "ParentImage": "C:\\Windows\\explorer.exe",
      "ParentCommandLine": "explorer.exe",
      "User": "CORP\\alice",
      "ProcessId": "8892",
      "IntegrityLevel": "High",
      "Hashes": "SHA256=5ff638e4d9aa5f3cec70e29f4a17d04587dc1da5a909b7d0caae40229cc2ac5e"
    }
  },
  {
    "EventID": 1,
    "Computer": "WORKSTATION-07",
    "UserName": "SYSTEM",
    "UtcTime": "2024-03-26T16:14:00Z",
    "EventData": {
      "Image": "C:\\Program Files\\Chrome\\chrome.exe",
      "CommandLine": "chrome.exe --type=renderer",
      "ParentImage": "C:\\Windows\\explorer.exe",
      "ParentCommandLine": "explorer.exe",
      "User": "CORP\\svc_backup",
      "ProcessId": "4088",
      "IntegrityLevel": "High",
      "Hashes": "SHA256=bf90023000528193821dcc8f34134fca757bd1ea91a05914168fe625a5c86f61"
    }
  },
  {
    "EventID": 1,
    "Computer": "WORKSTATION-06",
    "UserName": "svc_backup",
    "UtcTime": "2024-03-19T15:20:00Z",
    "EventData": {
      "Image": "C:\\Windows\\System32\\notepad.exe",
      "CommandLine": "notepad.exe report.txt",
      "ParentImage": "C:\\Windows\\explorer.exe",
      "ParentCommandLine": "explorer.exe",
      "User": "CORP\\charlie",
      "ProcessId": "3149",
      "IntegrityLevel": "High",
      "Hashes": "SHA256=4799edfc2a81465d08609d4e8417577c82d5a8fa6804f6593d2b93a09851ae43"
    }
  },
  {
    "EventID": 1,
    "Computer": "WORKSTATION-07",
    "UserName": "administrator",
    "UtcTime": "2024-03-03T03:03:00Z",
    "EventData": {
      "Image": "C:\\Program Files\\Windows Defender\\MsMpEng.exe",
      "CommandLine": "MsMpEng.exe",
      "ParentImage": "C:\\Windows\\explorer.exe",
      "ParentCommandLine": "explorer.exe",
      "User": "CORP\\SYSTEM",
      "ProcessId": "4070",
      "IntegrityLevel": "High",
      "Hashes": "SHA256=182dbb62d1859766ebbcfc4e618d14aa9fe0e9b13fc4fa4e6bf8c6e4fff35a47"
    }
  },
  {
    "EventID": 1,
    "Computer": "WORKSTATION-05",
    "UserName": "bob",
    "UtcTime": "2024-03-11T05:12:00Z",
    "EventData": {
      "Image": "C:\\Windows\\System32\\taskhostw.exe",
      "CommandLine": "taskhostw.exe SYSTEM",
      "ParentImage": "C:\\Windows\\explorer.exe",
      "ParentCommandLine": "explorer.exe",
      "User": "CORP\\alice",
      "ProcessId": "8392",
      "IntegrityLevel": "High",
      "Hashes": "SHA256=2e2da3c17ec42ec0262ddf2a6a1486c15b7dd3c01f67b6e0ea1aedcf3dde8c10"
    }
  },
  {
    "EventID": 1,
    "Computer": "WORKSTATION-01",
    "UserName": "dave",
    "UtcTime": "2024-03-01T09:08:00Z",
    "EventData": {
      "Image": "C:\\Windows\\System32\\net.exe",
      "CommandLine": "net user hacker P@ssw0rd! /add",
      "ParentImage": "C:\\Windows\\explorer.exe",
      "ParentCommandLine": "explorer.exe",
      "User": "CORP\\svc_backup",
      "ProcessId": "5643",
      "IntegrityLevel": "High",
      "Hashes": "SHA256=e1f4dd7e18736a0457add7c64fdbe43d5f4a7be249889705edf7440185f70329"
    }
  },
  {
    "EventID": 1,
    "Computer": "WORKSTATION-05",
    "UserName": "dave",
    "UtcTime": "2024-03-05T08:34:00Z",
    "EventData": {
      "Image": "C:\\Windows\\System32\\explorer.exe",
      "CommandLine": "explorer.exe",
      "ParentImage": "C:\\Windows\\explorer.exe",
      "ParentCommandLine": "explorer.exe",
      "User": "CORP\\administrator",
      "ProcessId": "9512",
      "IntegrityLevel": "High",
      "Hashes": "SHA256=4212755aecff8d2c38de334b50edb6864a44c3c8980c3f6809bf662233f2a197"
    }
  },
  {
    "EventID": 1,
    "Computer": "WORKSTATION-04",
    "UserName": "dave",
    "UtcTime": "2024-03-23T03:41:00Z",
    "EventData": {
      "Image": "C:\\Windows\\System32\\notepad.exe",
      "CommandLine": "notepad.exe report.txt",
      "ParentImage": "C:\\Windows\\explorer.exe",
      "ParentCommandLine": "explorer.exe",
      "User": "CORP\\bob",
      "ProcessId": "6868",
      "IntegrityLevel": "High",
      "Hashes": "SHA256=7a4459a2601cd22807fe29a7d9d252b4dc90cc900ffe80a0491a1cc986416b8b"
    }
  },
  {
    "EventID": 1,
    "Computer": "WORKSTATION-05",
    "UserName": "bob",
    "UtcTime": "2024-03-01T08:52:00Z",
    "EventData": {
      "Image": "C:\\Windows\\System32\\net.exe",
      "CommandLine": "net user hacker P@ssw0rd! /add",
      "ParentImage": "C:\\Windows\\explorer.exe",
      "ParentCommandLine": "explorer.exe",
      "User": "CORP\\SYSTEM",
      "ProcessId": "7824",
      "IntegrityLevel": "High",
      "Hashes": "SHA256=45eed95814b140a6eeddf067f6c78df8e6dafbd374a0f7790fe13b4967d34f78"
    }
  },
  {
    "EventID": 1,
    "Computer": "WORKSTATION-06",
    "UserName": "dave",
    "UtcTime": "2024-03-24T03:40:00Z",
    "EventData": {
      "Image": "C:\\Windows\\System32\\explorer.exe",
      "CommandLine": "explorer.exe",
      "ParentImage": "C:\\Windows\\explorer.exe",
      "ParentCommandLine": "explorer.exe",
      "User": "CORP\\dave",
      "ProcessId": "1331",
      "IntegrityLevel": "High",
      "Hashes": "SHA256=78dcc98d20f9b5e487877fd33e5f0e9e63db00a1a554ebd999d4e9ed93a1d2eb"
    }
  },
  {
    "EventID": 1,
    "Computer": "WORKSTATION-01",
    "UserName": "administrator",
    "UtcTime": "2024-03-13T03:28:00Z",
    "EventData": {
      "Image": "C:\\Windows\\System32\\wuauclt.exe",
      "CommandLine": "wuauclt.exe /UpdateDeploymentProvider",
      "ParentImage": "C:\\Windows\\explorer.exe",
      "ParentCommandLine": "explorer.exe",
      "User": "CORP\\charlie",
      "ProcessId": "6871",
      "IntegrityLevel": "High",
      "Hashes": "SHA256=9c48cdb503a46050f22ac0c4596e75c8b31f2c1d942b5e1c8a5267c77a52ac7f"
    }
  },
  {
    "EventID": 3,
    "Computer": "WORKSTATION-02",
    "UtcTime": "2024-03-10T04:37:00Z",
    "EventData": {
      "Image": "C:\\Windows\\System32\\notepad.exe",
      "DestinationIp": "10.0.0.222",
      "DestinationPort": 80,
      "Protocol": "tcp",
      "Initiated": "true",
      "SourceIp": "10.0.0.234",
      "SourcePort": "58301"
    }
  },
  {
    "EventID": 1,
    "Computer": "SERVER-02",
    "UserName": "alice",
    "UtcTime": "2024-03-13T08:44:00Z",
    "EventData": {
      "Image": "C:\\Windows\\System32\\taskhostw.exe",
      "CommandLine": "taskhostw.exe SYSTEM",
      "ParentImage": "C:\\Windows\\explorer.exe",
      "ParentCommandLine": "explorer.exe",
      "User": "CORP\\administrator",
      "ProcessId": "7253",
      "IntegrityLevel": "High",
      "Hashes": "SHA256=7d28462151e13beebd9531ca725a9e6499de29f069a5ebcc3a80121bff412cdc"
    }
  },
  {
    "EventID": 1,
    "Computer": "WORKSTATION-03",
    "UserName": "administrator",
    "UtcTime": "2024-03-11T15:10:00Z",
    "EventData": {
      "Image": "C:\\Windows\\System32\\taskhostw.exe",
      "CommandLine": "taskhostw.exe SYSTEM",
      "ParentImage": "C:\\Windows\\explorer.exe",
      "ParentCommandLine": "explorer.exe",
      "User": "CORP\\administrator",
      "ProcessId": "5685",
      "IntegrityLevel": "High",
      "Hashes": "SHA256=2deef5793102da60ee6d79a9e8b16402bd1c81b09732611a1a48289c37bccd3e"
    }
  },
  {
    "EventID": 1,
    "Computer": "WORKSTATION-03",
    "UserName": "svc_backup",
    "UtcTime": "2024-03-20T09:32:00Z",
    "EventData": {
      "Image": "C:\\Windows\\System32\\wuauclt.exe",
      "CommandLine": "wuauclt.exe /UpdateDeploymentProvider",
      "ParentImage": "C:\\Windows\\explorer.exe",
      "ParentCommandLine": "explorer.exe",
      "User": "CORP\\SYSTEM",
      "ProcessId": "5182",
      "IntegrityLevel": "High",
      "Hashes": "SHA256=c9759d7e55c3d4b38b72dc3e563608640d76bbf214e62d9c980074ac8a27c4a3"
    }
  },
  {
    "EventID": 3,
    "Computer": "WORKSTATION-01",
    "UtcTime": "2024-03-04T13:43:00Z",
    "EventData": {
      "Image": "C:\\Windows\\System32\\taskhostw.exe",
      "DestinationIp": "10.0.0.76",
      "DestinationPort": 3389,
      "Protocol": "tcp",
      "Initiated": "true",
      "SourceIp": "10.0.0.252",
      "SourcePort": "51619"
    }
  },
  {
    "EventID": 1,
    "Computer": "WORKSTATION-03",
    "UserName": "dave",
    "UtcTime": "2024-03-05T23:25:00Z",
    "EventData": {
      "Image": "C:\\Windows\\System32\\taskhostw.exe",
      "CommandLine": "taskhostw.exe SYSTEM",
      "ParentImage": "C:\\Windows\\explorer.exe",
      "ParentCommandLine": "explorer.exe",
      "User": "CORP\\dave",
      "ProcessId": "1322",
      "IntegrityLevel": "High",
      "Hashes": "SHA256=ebf289dbf82ccb6726a7128666e56530e589e4dd6364acb6338e39fc7b890565"
    }
  },
  {
    "EventID": 1,
    "Computer": "WORKSTATION-02",
    "UserName": "administrator",
    "UtcTime": "2024-03-21T16:19:00Z",
    "EventData": {
      "Image": "C:\\Windows\\System32\\wuauclt.exe",
      "CommandLine": "wuauclt.exe /UpdateDeploymentProvider",
      "ParentImage": "C:\\Windows\\explorer.exe",
      "ParentCommandLine": "explorer.exe",
      "User": "CORP\\SYSTEM",
      "ProcessId": "4712",
      "IntegrityLevel": "High",
      "Hashes": "SHA256=5f928d14ee624968b8a73298343f48636d34b6c1db3e8d368a1ec7c5bd51938b"
    }
  },
  {
    "EventID": 1,
    "Computer": "SERVER-02",
    "UserName": "charlie",
    "UtcTime": "2024-03-29T01:32:00Z",
    "EventData": {
      "Image": "C:\\Windows\\System32\\wuauclt.exe",
      "CommandLine": "wuauclt.exe /UpdateDeploymentProvider",
      "ParentImage": "C:\\Windows\\explorer.exe",
      "ParentCommandLine": "explorer.exe",
      "User": "CORP\\dave",
      "ProcessId": "2423",
      "IntegrityLevel": "High",
      "Hashes": "SHA256=48ada71491d0a55c3deed38518a14bde65a3dee5c42b0e53b2b44da4ecd07dbf"
    }
  },
  {
    "EventID": 1,
    "Computer": "DC-01",
    "UserName": "SYSTEM",
    "UtcTime": "2024-03-19T23:52:00Z",
    "EventData": {
      "Image": "C:\\Windows\\System32\\svchost.exe",
      "CommandLine": "svchost.exe -k netsvcs -p -s Schedule",
      "ParentImage": "C:\\Windows\\explorer.exe",
      "ParentCommandLine": "explorer.exe",
      "User": "CORP\\SYSTEM",
      "ProcessId": "4789",
      "IntegrityLevel": "High",
      "Hashes": "SHA256=6c3a77164b297be6cee3ff51aefa382f57924c08a92915c5d6878a50d827304c"
    }
  },
  {
    "EventID": 1,
    "Computer": "WORKSTATION-03",
    "UserName": "bob",
    "UtcTime": "2024-03-23T16:45:00Z",
    "EventData": {
      "Image": "C:\\Windows\\System32\\notepad.exe",
      "CommandLine": "notepad.exe report.txt",
      "ParentImage": "C:\\Windows\\explorer.exe",
      "ParentCommandLine": "explorer.exe",
      "User": "CORP\\SYSTEM",
      "ProcessId": "9378",
      "IntegrityLevel": "High",
      "Hashes": "SHA256=156052700acbfb434dec76c3eaf5606b5607f640cbfdd411e30c2abffe344875"
    }
  },
  {
    "EventID": 4624,
    "Computer": "WORKSTATION-01",
    "UserName": "charlie",
    "UtcTime": "2024-03-20T13:33:00Z",
    "EventData": {
      "SubjectUserName": "alice",
      "SubjectDomainName": "CORP"
    }
  },
  {
    "EventID": 1,
    "Computer": "WORKSTATION-04",
    "UserName": "SYSTEM",
    "UtcTime": "2024-03-17T05:44:00Z",
    "EventData": {
      "Image": "C:\\Windows\\System32\\conhost.exe",
      "CommandLine": "conhost.exe 0xffffffff -ForceV1",
      "ParentImage": "C:\\Windows\\explorer.exe",
      "ParentCommandLine": "explorer.exe",
      "User": "CORP\\svc_backup",
      "ProcessId": "1011",
      "IntegrityLevel": "High",
      "Hashes": "SHA256=3906297310a54de23b22ce104145e90603ea7c942e46af0efcda5d3d2ac605e7"
    }
  },
  {
    "EventID": 1,
    "Computer": "WORKSTATION-07",
    "UserName": "administrator",
    "UtcTime": "2024-03-05T12:48:00Z",
    "EventData": {
      "Image": "C:\\Windows\\System32\\notepad.exe",
      "CommandLine": "notepad.exe report.txt",
      "ParentImage": "C:\\Windows\\explorer.exe",
      "ParentCommandLine": "explorer.exe",
      "User": "CORP\\administrator",
      "ProcessId": "9748",
      "IntegrityLevel": "High",
      "Hashes": "SHA256=c5123e7e0d2855bad7cf89790b67d54e9f944405446ccb89c486f70fc0c9447a"
    }
  },
  {
    "EventID": 1,
    "Computer": "WORKSTATION-07",
    "UserName": "dave",
    "UtcTime": "2024-03-29T12:06:00Z",
    "EventData": {
      "Image": "C:\\Windows\\System32\\conhost.exe",
      "CommandLine": "conhost.exe 0xffffffff -ForceV1",
      "ParentImage": "C:\\Windows\\explorer.exe",
      "ParentCommandLine": "explorer.exe",
      "User": "CORP\\bob",
      "ProcessId": "1896",
      "IntegrityLevel": "High",
      "Hashes": "SHA256=a5ef64f6aee7faaaf49769e8c8f983acc6249408204900ef10c3bed506898c84"
    }
  },
  {
    "EventID": 1,
    "Computer": "WORKSTATION-02",
    "UserName": "svc_backup",
    "UtcTime": "2024-03-10T03:22:00Z",
    "EventData": {
      "Image": "C:\\Windows\\System32\\conhost.exe",
      "CommandLine": "conhost.exe 0xffffffff -ForceV1",
      "ParentImage": "C:\\Windows\\explorer.exe",
      "ParentCommandLine": "explorer.exe",
      "User": "CORP\\dave",
      "ProcessId": "6519",
      "IntegrityLevel": "High",
      "Hashes": "SHA256=d29458ed61c0b3967a72ef866cdf542b994ba252da87a745b5dd6978976c7769"
    }
  },
  {
    "EventID": 1,
    "Computer": "DC-01",
    "UserName": "svc_backup",
    "UtcTime": "2024-03-07T03:46:00Z",
    "EventData": {
      "Image": "C:\\Windows\\System32\\svchost.exe",
      "CommandLine": "svchost.exe -k netsvcs -p -s Schedule",
      "ParentImage": "C:\\Windows\\explorer.exe",
      "ParentCommandLine": "explorer.exe",
      "User": "CORP\\dave",
      "ProcessId": "5091",
      "IntegrityLevel": "High",
      "Hashes": "SHA256=a1ed6cb29ca54c525784822bd985ec12e92070b4c60aebf29060fca8da34e99f"
    }
  },
  {
    "EventID": 3,
    "Computer": "WORKSTATION-06",
    "UtcTime": "2024-03-18T06:33:00Z",
    "EventData": {
      "Image": "C:\\Windows\\System32\\notepad.exe",
      "DestinationIp": "10.0.0.216",
      "DestinationPort": 80,
      "Protocol": "tcp",
      "Initiated": "true",
      "SourceIp": "10.0.0.38",
      "SourcePort": "59905"
    }
  },
  {
    "EventID": 3,
    "Computer": "WORKSTATION-03",
    "UtcTime": "2024-03-07T20:17:00Z",
    "EventData": {
      "Image": "C:\\Windows\\System32\\wuauclt.exe",
      "DestinationIp": "10.0.0.219",
      "DestinationPort": 3389,
      "Protocol": "tcp",
      "Initiated": "true",
      "SourceIp": "10.0.0.12",
      "SourcePort": "52868"
    }
  },
  {
    "EventID": 1,
    "Computer": "SERVER-02",
    "UserName": "svc_backup",
    "UtcTime": "2024-03-16T00:09:00Z",
    "EventData": {
      "Image": "C:\\Program Files\\Chrome\\chrome.exe",
      "CommandLine": "chrome.exe --type=renderer",
      "ParentImage": "C:\\Windows\\explorer.exe",
      "ParentCommandLine": "explorer.exe",
      "User": "CORP\\svc_backup",
      "ProcessId": "8121",
      "IntegrityLevel": "High",
      "Hashes": "SHA256=534ee70350605760dcd7d05a328a3f384429f4215ca4444529dff2e600708749"
    }
  },
  {
    "EventID": 1,
    "Computer": "SERVER-02",
    "UserName": "SYSTEM",
    "UtcTime": "2024-03-17T11:11:00Z",
    "EventData": {
      "Image": "C:\\Windows\\System32\\wuauclt.exe",
      "CommandLine": "wuauclt.exe /UpdateDeploymentProvider",
      "ParentImage": "C:\\Windows\\explorer.exe",
      "ParentCommandLine": "explorer.exe",
      "User": "CORP\\svc_backup",
      "ProcessId": "1561",
      "IntegrityLevel": "High",
      "Hashes": "SHA256=da09cbfa10df0627d149db0d56713d3bd845f59c5e03ee487c4f14763e93e7be"
    }
  },
  {
    "EventID": 1,
    "Computer": "WORKSTATION-08",
    "UserName": "dave",
    "UtcTime": "2024-03-21T12:55:00Z",
    "EventData": {
      "Image": "C:\\Windows\\System32\\notepad.exe",
      "CommandLine": "notepad.exe report.txt",
      "ParentImage": "C:\\Windows\\explorer.exe",
      "ParentCommandLine": "explorer.exe",
      "User": "CORP\\administrator",
      "ProcessId": "1670",
      "IntegrityLevel": "High",
      "Hashes": "SHA256=d62c1c891219958303b59a45886b4ccfbdcd028320c585260eaa361c3cc2209d"
    }
  },
  {
    "EventID": 1,
    "Computer": "WORKSTATION-05",
    "UserName": "administrator",
    "UtcTime": "2024-03-21T14:02:00Z",
    "EventData": {
      "Image": "C:\\Windows\\System32\\taskhostw.exe",
      "CommandLine": "taskhostw.exe SYSTEM",
      "ParentImage": "C:\\Windows\\explorer.exe",
      "ParentCommandLine": "explorer.exe",
      "User": "CORP\\dave",
      "ProcessId": "5743",
      "IntegrityLevel": "High",
      "Hashes": "SHA256=8a50205eb1f26ed4836fb6faadc4fa1c86e29263357734d64d5580a62c958d92"
    }
  },
  {
    "EventID": 1,
    "Computer": "WORKSTATION-01",
    "UserName": "administrator",
    "UtcTime": "2024-03-26T23:08:00Z",
    "EventData": {
      "Image": "C:\\Windows\\System32\\svchost.exe",
      "CommandLine": "svchost.exe -k netsvcs -p -s Schedule",
      "ParentImage": "C:\\Windows\\explorer.exe",
      "ParentCommandLine": "explorer.exe",
      "User": "CORP\\charlie",
      "ProcessId": "1751",
      "IntegrityLevel": "High",
      "Hashes": "SHA256=2a13aa8c19492d8593fd4cdd4182714dcfcbee87bb8dd09d473c3facad3318c4"
    }
  },
  {
    "EventID": 1,
    "Computer": "WORKSTATION-02",
    "UserName": "administrator",
    "UtcTime": "2024-03-24T21:50:00Z",
    "EventData": {
      "Image": "C:\\Program Files\\Chrome\\chrome.exe",
      "CommandLine": "chrome.exe --type=renderer",
      "ParentImage": "C:\\Windows\\explorer.exe",
      "ParentCommandLine": "explorer.exe",
      "User": "CORP\\bob",
      "ProcessId": "7779",
      "IntegrityLevel": "High",
      "Hashes": "SHA256=4390decd43851031e4f609564eb4920e37d151e853138b1729785aeb3e94431d"
    }
  },
  {
    "EventID": 1,
    "Computer": "WORKSTATION-04",
    "UserName": "svc_backup",
    "UtcTime": "2024-03-07T00:18:00Z",
    "EventData": {
      "Image": "C:\\Windows\\System32\\wuauclt.exe",
      "CommandLine": "wuauclt.exe /UpdateDeploymentProvider",
      "ParentImage": "C:\\Windows\\explorer.exe",
      "ParentCommandLine": "explorer.exe",
      "User": "CORP\\bob",
      "ProcessId": "1457",
      "IntegrityLevel": "High",
      "Hashes": "SHA256=bc9359278243f5e4f634a668aff373a1e54de0742bbb639cb09025fe23eac101"
    }
  },
  {
    "EventID": 1,
    "Computer": "WORKSTATION-02",
    "UserName": "alice",
    "UtcTime": "2024-03-16T21:28:00Z",
    "EventData": {
      "Image": "C:\\Windows\\System32\\notepad.exe",
      "CommandLine": "notepad.exe report.txt",
      "ParentImage": "C:\\Windows\\explorer.exe",
      "ParentCommandLine": "explorer.exe",
      "User": "CORP\\svc_backup",
      "ProcessId": "1963",
      "IntegrityLevel": "High",
      "Hashes": "SHA256=348bd5a0449d2136026646d359fd54f02545833859c38ce688ca881901033aa0"
    }
  },
  {
    "EventID": 1,
    "Computer": "DC-01",
    "UserName": "dave",
    "UtcTime": "2024-03-10T00:36:00Z",
    "EventData": {
      "Image": "C:\\Windows\\System32\\wuauclt.exe",
      "CommandLine": "wuauclt.exe /UpdateDeploymentProvider",
      "ParentImage": "C:\\Windows\\explorer.exe",
      "ParentCommandLine": "explorer.exe",
      "User": "CORP\\administrator",
      "ProcessId": "6903",
      "IntegrityLevel": "High",
      "Hashes": "SHA256=9271e6b33b7b3c43b4431b1748d8bee6252f04039ddc2173f8133bdcf467da06"
    }
  },
  {
    "EventID": 1,
    "Computer": "WORKSTATION-04",
    "UserName": "SYSTEM",
    "UtcTime": "2024-03-27T18:05:00Z",
    "EventData": {
      "Image": "C:\\Windows\\System32\\notepad.exe",
      "CommandLine": "notepad.exe report.txt",
      "ParentImage": "C:\\Windows\\explorer.exe",
      "ParentCommandLine": "explorer.exe",
      "User": "CORP\\alice",
      "ProcessId": "7096",
      "IntegrityLevel": "High",
      "Hashes": "SHA256=122401c17cea4403312b52080ccd64c1174f9ff186e6428a93494bb6ee1b5ca8"
    }
  },
  {
    "EventID": 1,
    "Computer": "DC-01",
    "UserName": "alice",
    "UtcTime": "2024-03-24T23:09:00Z",
    "EventData": {
      "Image": "C:\\Windows\\System32\\notepad.exe",
      "CommandLine": "notepad.exe report.txt",
      "ParentImage": "C:\\Windows\\explorer.exe",
      "ParentCommandLine": "explorer.exe",
      "User": "CORP\\svc_backup",
      "ProcessId": "5945",
      "IntegrityLevel": "High",
      "Hashes": "SHA256=f887666515c118cd8738c4bc28fae54762b1342e636c43a580d7a8b530c8ee01"
    }
  },
  {
    "EventID": 1,
    "Computer": "WORKSTATION-03",
    "UserName": "alice",
    "UtcTime": "2024-03-09T15:58:00Z",
    "EventData": {
      "Image": "C:\\Windows\\System32\\taskhostw.exe",
      "CommandLine": "taskhostw.exe SYSTEM",
      "ParentImage": "C:\\Windows\\explorer.exe",
      "ParentCommandLine": "explorer.exe",
      "User": "CORP\\charlie",
      "ProcessId": "4471",
      "IntegrityLevel": "High",
      "Hashes": "SHA256=f591d3ae73d9b99d34b56a539be7d9c37bec8ebaa2f775b654a974ceb775f5de"
    }
  },
  {
    "EventID": 1,
    "Computer": "DC-01",
    "UserName": "SYSTEM",
    "UtcTime": "2024-03-31T04:03:00Z",
    "EventData": {
      "Image": "C:\\Program Files\\Windows Defender\\MsMpEng.exe",
      "CommandLine": "MsMpEng.exe",
      "ParentImage": "C:\\Windows\\explorer.exe",
      "ParentCommandLine": "explorer.exe",
      "User": "CORP\\SYSTEM",
      "ProcessId": "5084",
      "IntegrityLevel": "High",
      "Hashes": "SHA256=cff9aea2afe3c94f3f1c5e8825a1b6222deed5321097b95ea81d43c50396dcc0"
    }
  },
  {
    "EventID": 1,
    "Computer": "WORKSTATION-02",
    "UserName": "administrator",
    "UtcTime": "2024-03-10T07:00:00Z",
    "EventData": {
      "Image": "C:\\Windows\\System32\\taskhostw.exe",
      "CommandLine": "taskhostw.exe SYSTEM",
      "ParentImage": "C:\\Windows\\explorer.exe",
      "ParentCommandLine": "explorer.exe",
      "User": "CORP\\alice",
      "ProcessId": "5791",
      "IntegrityLevel": "High",
      "Hashes": "SHA256=13110d9d7455211ef7ea919bca21872c372fd19502f16d98c597c69356adab84"
    }
  },
  {
    "EventID": 3,
    "Computer": "WORKSTATION-05",
    "UtcTime": "2024-03-22T16:59:00Z",
    "EventData": {
      "Image": "C:\\Windows\\System32\\svchost.exe",
      "DestinationIp": "10.0.0.51",
      "DestinationPort": 445,
      "Protocol": "tcp",
      "Initiated": "true",
      "SourceIp": "10.0.0.8",
      "SourcePort": "56104"
    }
  },
  {
    "EventID": 3,
    "Computer": "WORKSTATION-05",
    "UtcTime": "2024-03-21T13:47:00Z",
    "EventData": {
      "Image": "C:\\Windows\\System32\\wuauclt.exe",
      "DestinationIp": "10.0.0.134",
      "DestinationPort": 445,
      "Protocol": "tcp",
      "Initiated": "true",
      "SourceIp": "10.0.0.208",
      "SourcePort": "55718"
    }
  },
  {
    "EventID": 1,
    "Computer": "DC-01",
    "UserName": "SYSTEM",
    "UtcTime": "2024-03-28T23:25:00Z",
    "EventData": {
      "Image": "C:\\Windows\\System32\\wuauclt.exe",
      "CommandLine": "wuauclt.exe /UpdateDeploymentProvider",
      "ParentImage": "C:\\Windows\\explorer.exe",
      "ParentCommandLine": "explorer.exe",
      "User": "CORP\\dave",
      "ProcessId": "9107",
      "IntegrityLevel": "High",
      "Hashes": "SHA256=32f07dde6baff0ef1d8a1f0d5bfe5e4f18d4f04afe96a07813ce37dbf62f0ad5"
    }
  },
  {
    "EventID": 1,
    "Computer": "WORKSTATION-06",
    "UserName": "bob",
    "UtcTime": "2024-03-11T05:51:00Z",
    "EventData": {
      "Image": "C:\\Program Files\\Chrome\\chrome.exe",
      "CommandLine": "chrome.exe --type=renderer",
      "ParentImage": "C:\\Windows\\explorer.exe",
      "ParentCommandLine": "explorer.exe",
      "User": "CORP\\dave",
      "ProcessId": "8682",
      "IntegrityLevel": "High",
      "Hashes": "SHA256=aaa85f859069f4e7146ca43f135bfbe41997d895853ef30e4419fd7f8f4b4df1"
    }
  },
  {
    "EventID": 3,
    "Computer": "WORKSTATION-05",
    "UtcTime": "2024-03-06T18:23:00Z",
    "EventData": {
      "Image": "C:\\Windows\\System32\\taskhostw.exe",
      "DestinationIp": "10.0.0.233",
      "DestinationPort": 445,
      "Protocol": "tcp",
      "Initiated": "true",
      "SourceIp": "10.0.0.183",
      "SourcePort": "55764"
    }
  },
  {
    "EventID": 1,
    "Computer": "WORKSTATION-03",
    "UserName": "svc_backup",
    "UtcTime": "2024-03-12T01:47:00Z",
    "EventData": {
      "Image": "C:\\Program Files\\Chrome\\chrome.exe",
      "CommandLine": "chrome.exe --type=renderer",
      "ParentImage": "C:\\Windows\\explorer.exe",
      "ParentCommandLine": "explorer.exe",
      "User": "CORP\\bob",
      "ProcessId": "3295",
      "IntegrityLevel": "High",
      "Hashes": "SHA256=dc92127c7b42e8d0e0adfd8efa9212cdff1f665db58d21ed15b37ab796e4d6eb"
    }
  },
  {
    "EventID": 1,
    "Computer": "WORKSTATION-02",
    "UserName": "svc_backup",
    "UtcTime": "2024-03-30T22:11:00Z",
    "EventData": {
      "Image": "C:\\Windows\\System32\\notepad.exe",
      "CommandLine": "notepad.exe report.txt",
      "ParentImage": "C:\\Windows\\explorer.exe",
      "ParentCommandLine": "explorer.exe",
      "User": "CORP\\charlie",
      "ProcessId": "8124",
      "IntegrityLevel": "High",
      "Hashes": "SHA256=d133225630a153951bf5f1bc82d7bbb2337ca0069c2092adb1bc3ec0fd7db465"
    }
  },
  {
    "EventID": 1,
    "Computer": "WORKSTATION-08",
    "UserName": "administrator",
    "UtcTime": "2024-03-31T00:39:00Z",
    "EventData": {
      "Image": "C:\\Program Files\\Chrome\\chrome.exe",
      "CommandLine": "chrome.exe --type=renderer",
      "ParentImage": "C:\\Windows\\explorer.exe",
      "ParentCommandLine": "explorer.exe",
      "User": "CORP\\administrator",
      "ProcessId": "9206",
      "IntegrityLevel": "High",
      "Hashes": "SHA256=5f02c12959ab4df134b5a85d2bfdf8b6c461ab0f4d6a945c27cb7d6e4bdc5942"
    }
  },
  {
    "EventID": 1,
    "Computer": "SERVER-02",
    "UserName": "alice",
    "UtcTime": "2024-03-09T15:54:00Z",
    "EventData": {
      "Image": "C:\\Windows\\System32\\wuauclt.exe",
      "CommandLine": "wuauclt.exe /UpdateDeploymentProvider",
      "ParentImage": "C:\\Windows\\explorer.exe",
      "ParentCommandLine": "explorer.exe",
      "User": "CORP\\alice",
      "ProcessId": "4033",
      "IntegrityLevel": "High",
      "Hashes": "SHA256=6ee8801efb702a82acf2b84156d649f65e2f3cbbf30190d9658651b5a05cbf87"
    }
  },
  {
    "EventID": 1,
    "Computer": "SERVER-02",
    "UserName": "SYSTEM",
    "UtcTime": "2024-03-04T01:34:00Z",
    "EventData": {
      "Image": "C:\\Windows\\System32\\conhost.exe",
      "CommandLine": "conhost.exe 0xffffffff -ForceV1",
      "ParentImage": "C:\\Windows\\explorer.exe",
      "ParentCommandLine": "explorer.exe",
      "User": "CORP\\administrator",
      "ProcessId": "9934",
      "IntegrityLevel": "High",
      "Hashes": "SHA256=639b4607e4024ec7f5e3d5669a7db5c0c4e9859c9a4ac81a68b86d7a2e1a4f61"
    }
  },
  {
    "EventID": 3,
    "Computer": "WORKSTATION-08",
    "UtcTime": "2024-03-24T14:20:00Z",
    "EventData": {
      "Image": "C:\\Program Files\\Windows Defender\\MsMpEng.exe",
      "DestinationIp": "10.0.0.222",
      "DestinationPort": 80,
      "Protocol": "tcp",
      "Initiated": "true",
      "SourceIp": "10.0.0.176",
      "SourcePort": "50315"
    }
  },
  {
    "EventID": 1,
    "Computer": "WORKSTATION-03",
    "UserName": "bob",
    "UtcTime": "2024-03-19T11:04:00Z",
    "EventData": {
      "Image": "C:\\Windows\\System32\\conhost.exe",
      "CommandLine": "conhost.exe 0xffffffff -ForceV1",
      "ParentImage": "C:\\Windows\\explorer.exe",
      "ParentCommandLine": "explorer.exe",
      "User": "CORP\\charlie",
      "ProcessId": "6210",
      "IntegrityLevel": "High",
      "Hashes": "SHA256=67460b0c96263fa546cd111c83d2924e4de0761fb26f4ebc5ed91e8e937fe500"
    }
  },
  {
    "EventID": 1,
    "Computer": "SERVER-02",
    "UserName": "charlie",
    "UtcTime": "2024-03-16T22:42:00Z",
    "EventData": {
      "Image": "C:\\Windows\\System32\\taskhostw.exe",
      "CommandLine": "taskhostw.exe SYSTEM",
      "ParentImage": "C:\\Windows\\explorer.exe",
      "ParentCommandLine": "explorer.exe",
      "User": "CORP\\alice",
      "ProcessId": "3260",
      "IntegrityLevel": "High",
      "Hashes": "SHA256=1753a25789af8794713a1c3c314368f891908fbc552d4c7a096ee5d9fb2fb723"
    }
  },
  {
    "EventID": 1,
    "Computer": "DC-01",
    "UserName": "charlie",
    "UtcTime": "2024-03-20T21:33:00Z",
    "EventData": {
      "Image": "C:\\Windows\\System32\\notepad.exe",
      "CommandLine": "notepad.exe report.txt",
      "ParentImage": "C:\\Windows\\explorer.exe",
      "ParentCommandLine": "explorer.exe",
      "User": "CORP\\alice",
      "ProcessId": "4019",
      "IntegrityLevel": "High",
      "Hashes": "SHA256=7a17e9a68369b09230ea5161d198c5d8bea5fcf3c119388015e19f652239ccc3"
    }
  },
  {
    "EventID": 1,
    "Computer": "WORKSTATION-02",
    "UserName": "charlie",
    "UtcTime": "2024-03-10T00:24:00Z",
    "EventData": {
      "Image": "C:\\Windows\\System32\\explorer.exe",
      "CommandLine": "explorer.exe",
      "ParentImage": "C:\\Windows\\explorer.exe",
      "ParentCommandLine": "explorer.exe",
      "User": "CORP\\SYSTEM",
      "ProcessId": "7929",
      "IntegrityLevel": "High",
      "Hashes": "SHA256=887d088d07bde93eea4ae4a28d58b3fbbbd9ddb0bd709e5910af1add2d731cc2"
    }
  },
  {
    "EventID": 1,
    "Computer": "SERVER-02",
    "UserName": "dave",
    "UtcTime": "2024-03-26T22:53:00Z",
    "EventData": {
      "Image": "C:\\Program Files\\Windows Defender\\MsMpEng.exe",
      "CommandLine": "MsMpEng.exe",
      "ParentImage": "C:\\Windows\\explorer.exe",
      "ParentCommandLine": "explorer.exe",
      "User": "CORP\\charlie",
      "ProcessId": "5448",
      "IntegrityLevel": "High",
      "Hashes": "SHA256=80bc92381e1d1d0e316a1eda973387106d6a58567ac48cafd294d768635fe7b5"
    }
  },
